{"D:\\VScout\\src\\App.vue": {"path":"D:\\VScout\\src\\App.vue","statementMap":{"0":{"start":{"line":8,"column":0},"end":{"line":8,"column":null}},"1":{"start":{"line":10,"column":0},"end":{"line":10,"column":null}},"2":{"start":{"line":22,"column":0},"end":{"line":22,"column":null}},"3":{"start":{"line":23,"column":0},"end":{"line":23,"column":null}},"4":{"start":{"line":24,"column":0},"end":{"line":26,"column":null}},"5":{"start":{"line":25,"column":0},"end":{"line":25,"column":null}}},"fnMap":{"0":{"name":"mounted","decl":{"start":{"line":22,"column":0},"end":{"line":22,"column":null}},"loc":{"start":{"line":22,"column":0},"end":{"line":27,"column":null}}},"1":{"name":"(anonymous_7)","decl":{"start":{"line":24,"column":0},"end":{"line":24,"column":null}},"loc":{"start":{"line":24,"column":0},"end":{"line":26,"column":null}}}},"branchMap":{},"s":{"0":0,"1":0,"2":0,"3":0,"4":0,"5":0},"f":{"0":0,"1":0},"b":{}}
,"D:\\VScout\\src\\components\\cumulative-stake-chart.vue": {"path":"D:\\VScout\\src\\components\\cumulative-stake-chart.vue","statementMap":{"0":{"start":{"line":14,"column":0},"end":{"line":14,"column":null}},"1":{"start":{"line":34,"column":0},"end":{"line":34,"column":null}},"2":{"start":{"line":38,"column":0},"end":{"line":38,"column":null}},"3":{"start":{"line":44,"column":0},"end":{"line":44,"column":null}},"4":{"start":{"line":46,"column":0},"end":{"line":46,"column":null}},"5":{"start":{"line":47,"column":0},"end":{"line":47,"column":null}},"6":{"start":{"line":49,"column":0},"end":{"line":49,"column":null}},"7":{"start":{"line":50,"column":0},"end":{"line":50,"column":null}},"8":{"start":{"line":52,"column":0},"end":{"line":52,"column":null}},"9":{"start":{"line":58,"column":0},"end":{"line":58,"column":null}},"10":{"start":{"line":75,"column":0},"end":{"line":75,"column":null}},"11":{"start":{"line":76,"column":0},"end":{"line":76,"column":null}},"12":{"start":{"line":92,"column":0},"end":{"line":92,"column":null}}},"fnMap":{"0":{"name":"nameC","decl":{"start":{"line":33,"column":0},"end":{"line":33,"column":null}},"loc":{"start":{"line":33,"column":0},"end":{"line":35,"column":null}}},"1":{"name":"data","decl":{"start":{"line":37,"column":0},"end":{"line":37,"column":null}},"loc":{"start":{"line":37,"column":0},"end":{"line":41,"column":null}}},"2":{"name":"getChart","decl":{"start":{"line":43,"column":0},"end":{"line":43,"column":null}},"loc":{"start":{"line":43,"column":0},"end":{"line":89,"column":null}}},"3":{"name":"label","decl":{"start":{"line":74,"column":0},"end":{"line":74,"column":null}},"loc":{"start":{"line":74,"column":0},"end":{"line":77,"column":null}}},"4":{"name":"mounted","decl":{"start":{"line":91,"column":0},"end":{"line":91,"column":null}},"loc":{"start":{"line":91,"column":0},"end":{"line":93,"column":null}}}},"branchMap":{"0":{"loc":{"start":{"line":46,"column":0},"end":{"line":46,"column":null}},"type":"if","locations":[{"start":{"line":46,"column":0},"end":{"line":46,"column":null}},{"start":{"line":46,"column":0},"end":{"line":46,"column":null}}]},"1":{"loc":{"start":{"line":50,"column":0},"end":{"line":50,"column":null}},"type":"if","locations":[{"start":{"line":50,"column":0},"end":{"line":50,"column":null}},{"start":{"line":50,"column":0},"end":{"line":50,"column":null}}]}},"s":{"0":0,"1":0,"2":0,"3":0,"4":0,"5":0,"6":0,"7":0,"8":0,"9":0,"10":0,"11":0,"12":0},"f":{"0":0,"1":0,"2":0,"3":0,"4":0},"b":{"0":[0,0],"1":[0,0]}}
,"D:\\VScout\\src\\components\\details-delegator.vue": {"path":"D:\\VScout\\src\\components\\details-delegator.vue","statementMap":{"0":{"start":{"line":29,"column":0},"end":{"line":29,"column":null}},"1":{"start":{"line":33,"column":0},"end":{"line":33,"column":null}},"2":{"start":{"line":45,"column":0},"end":{"line":45,"column":null}},"3":{"start":{"line":48,"column":0},"end":{"line":48,"column":null}},"4":{"start":{"line":51,"column":0},"end":{"line":51,"column":null}},"5":{"start":{"line":54,"column":0},"end":{"line":54,"column":null}},"6":{"start":{"line":59,"column":0},"end":{"line":59,"column":null}},"7":{"start":{"line":61,"column":0},"end":{"line":61,"column":null}},"8":{"start":{"line":62,"column":0},"end":{"line":62,"column":null}},"9":{"start":{"line":71,"column":0},"end":{"line":71,"column":null}}},"fnMap":{"0":{"name":"startDate","decl":{"start":{"line":44,"column":0},"end":{"line":44,"column":null}},"loc":{"start":{"line":44,"column":0},"end":{"line":46,"column":null}}},"1":{"name":"endDate","decl":{"start":{"line":47,"column":0},"end":{"line":47,"column":null}},"loc":{"start":{"line":47,"column":0},"end":{"line":49,"column":null}}},"2":{"name":"fromNowGet","decl":{"start":{"line":50,"column":0},"end":{"line":50,"column":null}},"loc":{"start":{"line":50,"column":0},"end":{"line":52,"column":null}}},"3":{"name":"validatePeriod","decl":{"start":{"line":53,"column":0},"end":{"line":53,"column":null}},"loc":{"start":{"line":53,"column":0},"end":{"line":55,"column":null}}},"4":{"name":"copyToClipboard","decl":{"start":{"line":58,"column":0},"end":{"line":58,"column":null}},"loc":{"start":{"line":58,"column":0},"end":{"line":69,"column":null}}},"5":{"name":"getWeeksP","decl":{"start":{"line":70,"column":0},"end":{"line":70,"column":null}},"loc":{"start":{"line":70,"column":0},"end":{"line":72,"column":null}}}},"branchMap":{"0":{"loc":{"start":{"line":59,"column":0},"end":{"line":59,"column":null}},"type":"if","locations":[{"start":{"line":59,"column":0},"end":{"line":59,"column":null}},{"start":{"line":59,"column":0},"end":{"line":59,"column":null}}]}},"s":{"0":0,"1":0,"2":0,"3":0,"4":0,"5":0,"6":0,"7":0,"8":0,"9":0},"f":{"0":0,"1":0,"2":0,"3":0,"4":0,"5":0},"b":{"0":[0,0]}}
,"D:\\VScout\\src\\components\\details-validator.vue": {"path":"D:\\VScout\\src\\components\\details-validator.vue","statementMap":{"0":{"start":{"line":218,"column":0},"end":{"line":218,"column":null}},"1":{"start":{"line":222,"column":0},"end":{"line":222,"column":null}},"2":{"start":{"line":223,"column":0},"end":{"line":223,"column":null}},"3":{"start":{"line":224,"column":0},"end":{"line":224,"column":null}},"4":{"start":{"line":226,"column":0},"end":{"line":226,"column":null}},"5":{"start":{"line":241,"column":0},"end":{"line":241,"column":null}},"6":{"start":{"line":245,"column":0},"end":{"line":245,"column":null}},"7":{"start":{"line":246,"column":0},"end":{"line":246,"column":null}},"8":{"start":{"line":249,"column":0},"end":{"line":249,"column":null}},"9":{"start":{"line":252,"column":0},"end":{"line":252,"column":null}},"10":{"start":{"line":255,"column":0},"end":{"line":255,"column":null}},"11":{"start":{"line":258,"column":0},"end":{"line":258,"column":null}},"12":{"start":{"line":264,"column":0},"end":{"line":264,"column":null}},"13":{"start":{"line":265,"column":0},"end":{"line":265,"column":null}},"14":{"start":{"line":270,"column":0},"end":{"line":270,"column":null}},"15":{"start":{"line":271,"column":0},"end":{"line":271,"column":null}},"16":{"start":{"line":276,"column":0},"end":{"line":276,"column":null}},"17":{"start":{"line":279,"column":0},"end":{"line":279,"column":null}},"18":{"start":{"line":282,"column":0},"end":{"line":282,"column":null}},"19":{"start":{"line":286,"column":0},"end":{"line":286,"column":null}},"20":{"start":{"line":294,"column":0},"end":{"line":294,"column":null}},"21":{"start":{"line":296,"column":0},"end":{"line":296,"column":null}},"22":{"start":{"line":297,"column":0},"end":{"line":297,"column":null}},"23":{"start":{"line":306,"column":0},"end":{"line":306,"column":null}},"24":{"start":{"line":309,"column":0},"end":{"line":309,"column":null}},"25":{"start":{"line":310,"column":0},"end":{"line":310,"column":null}},"26":{"start":{"line":315,"column":0},"end":{"line":315,"column":null}},"27":{"start":{"line":316,"column":0},"end":{"line":316,"column":null}},"28":{"start":{"line":317,"column":0},"end":{"line":317,"column":null}},"29":{"start":{"line":321,"column":0},"end":{"line":321,"column":null}},"30":{"start":{"line":322,"column":0},"end":{"line":322,"column":null}},"31":{"start":{"line":326,"column":0},"end":{"line":326,"column":null}},"32":{"start":{"line":327,"column":0},"end":{"line":327,"column":null}},"33":{"start":{"line":331,"column":0},"end":{"line":331,"column":null}},"34":{"start":{"line":332,"column":0},"end":{"line":332,"column":null}},"35":{"start":{"line":333,"column":0},"end":{"line":333,"column":null}},"36":{"start":{"line":336,"column":0},"end":{"line":336,"column":null}},"37":{"start":{"line":337,"column":0},"end":{"line":337,"column":null}}},"fnMap":{"0":{"name":"TooltipStyle","decl":{"start":{"line":241,"column":0},"end":{"line":241,"column":null}},"loc":{"start":{"line":241,"column":0},"end":{"line":241,"column":null}}},"1":{"name":"delegatorsCount","decl":{"start":{"line":244,"column":0},"end":{"line":244,"column":null}},"loc":{"start":{"line":244,"column":0},"end":{"line":247,"column":null}}},"2":{"name":"startDate","decl":{"start":{"line":248,"column":0},"end":{"line":248,"column":null}},"loc":{"start":{"line":248,"column":0},"end":{"line":250,"column":null}}},"3":{"name":"endDate","decl":{"start":{"line":251,"column":0},"end":{"line":251,"column":null}},"loc":{"start":{"line":251,"column":0},"end":{"line":253,"column":null}}},"4":{"name":"fromNowGet","decl":{"start":{"line":254,"column":0},"end":{"line":254,"column":null}},"loc":{"start":{"line":254,"column":0},"end":{"line":256,"column":null}}},"5":{"name":"validatePeriod","decl":{"start":{"line":257,"column":0},"end":{"line":257,"column":null}},"loc":{"start":{"line":257,"column":0},"end":{"line":262,"column":null}}},"6":{"name":"rewardOwner","decl":{"start":{"line":263,"column":0},"end":{"line":263,"column":null}},"loc":{"start":{"line":263,"column":0},"end":{"line":268,"column":null}}},"7":{"name":"dataArray","decl":{"start":{"line":269,"column":0},"end":{"line":269,"column":null}},"loc":{"start":{"line":269,"column":0},"end":{"line":274,"column":null}}},"8":{"name":"months","decl":{"start":{"line":275,"column":0},"end":{"line":275,"column":null}},"loc":{"start":{"line":275,"column":0},"end":{"line":277,"column":null}}},"9":{"name":"days","decl":{"start":{"line":278,"column":0},"end":{"line":278,"column":null}},"loc":{"start":{"line":278,"column":0},"end":{"line":280,"column":null}}},"10":{"name":"hours","decl":{"start":{"line":281,"column":0},"end":{"line":281,"column":null}},"loc":{"start":{"line":281,"column":0},"end":{"line":283,"column":null}}},"11":{"name":"data","decl":{"start":{"line":285,"column":0},"end":{"line":285,"column":null}},"loc":{"start":{"line":285,"column":0},"end":{"line":291,"column":null}}},"12":{"name":"copyToClipboard","decl":{"start":{"line":293,"column":0},"end":{"line":293,"column":null}},"loc":{"start":{"line":293,"column":0},"end":{"line":304,"column":null}}},"13":{"name":"stakedBy","decl":{"start":{"line":305,"column":0},"end":{"line":305,"column":null}},"loc":{"start":{"line":305,"column":0},"end":{"line":307,"column":null}}},"14":{"name":"getBorderIsDelegatable","decl":{"start":{"line":308,"column":0},"end":{"line":308,"column":null}},"loc":{"start":{"line":308,"column":0},"end":{"line":313,"column":null}}},"15":{"name":"getFormatReward","decl":{"start":{"line":314,"column":0},"end":{"line":314,"column":null}},"loc":{"start":{"line":314,"column":0},"end":{"line":319,"column":null}}},"16":{"name":"potentialRewardFromDelegators","decl":{"start":{"line":320,"column":0},"end":{"line":320,"column":null}},"loc":{"start":{"line":320,"column":0},"end":{"line":329,"column":null}}},"17":{"name":"totalReward","decl":{"start":{"line":330,"column":0},"end":{"line":330,"column":null}},"loc":{"start":{"line":330,"column":0},"end":{"line":334,"column":null}}},"18":{"name":"formatValue","decl":{"start":{"line":335,"column":0},"end":{"line":335,"column":null}},"loc":{"start":{"line":335,"column":0},"end":{"line":338,"column":null}}}},"branchMap":{"0":{"loc":{"start":{"line":245,"column":0},"end":{"line":245,"column":null}},"type":"if","locations":[{"start":{"line":245,"column":0},"end":{"line":245,"column":null}},{"start":{"line":245,"column":0},"end":{"line":245,"column":null}}]},"1":{"loc":{"start":{"line":264,"column":0},"end":{"line":264,"column":null}},"type":"if","locations":[{"start":{"line":264,"column":0},"end":{"line":264,"column":null}},{"start":{"line":264,"column":0},"end":{"line":264,"column":null}}]},"2":{"loc":{"start":{"line":270,"column":0},"end":{"line":270,"column":null}},"type":"if","locations":[{"start":{"line":270,"column":0},"end":{"line":270,"column":null}},{"start":{"line":270,"column":0},"end":{"line":270,"column":null}}]},"3":{"loc":{"start":{"line":294,"column":0},"end":{"line":294,"column":null}},"type":"if","locations":[{"start":{"line":294,"column":0},"end":{"line":294,"column":null}},{"start":{"line":294,"column":0},"end":{"line":294,"column":null}}]},"4":{"loc":{"start":{"line":309,"column":0},"end":{"line":309,"column":null}},"type":"if","locations":[{"start":{"line":309,"column":0},"end":{"line":309,"column":null}},{"start":{"line":309,"column":0},"end":{"line":309,"column":null}}]},"5":{"loc":{"start":{"line":310,"column":0},"end":{"line":310,"column":null}},"type":"binary-expr","locations":[{"start":{"line":310,"column":0},"end":{"line":310,"column":null}},{"start":{"line":310,"column":0},"end":{"line":310,"column":null}}]},"6":{"loc":{"start":{"line":315,"column":0},"end":{"line":315,"column":null}},"type":"if","locations":[{"start":{"line":315,"column":0},"end":{"line":315,"column":null}},{"start":{"line":315,"column":0},"end":{"line":315,"column":null}}]},"7":{"loc":{"start":{"line":321,"column":0},"end":{"line":321,"column":null}},"type":"if","locations":[{"start":{"line":321,"column":0},"end":{"line":321,"column":null}},{"start":{"line":321,"column":0},"end":{"line":321,"column":null}}]},"8":{"loc":{"start":{"line":336,"column":0},"end":{"line":336,"column":null}},"type":"if","locations":[{"start":{"line":336,"column":0},"end":{"line":336,"column":null}},{"start":{"line":336,"column":0},"end":{"line":336,"column":null}}]}},"s":{"0":0,"1":0,"2":0,"3":0,"4":0,"5":0,"6":0,"7":0,"8":0,"9":0,"10":0,"11":0,"12":0,"13":0,"14":0,"15":0,"16":0,"17":0,"18":0,"19":0,"20":0,"21":0,"22":0,"23":0,"24":0,"25":0,"26":0,"27":0,"28":0,"29":0,"30":0,"31":0,"32":0,"33":0,"34":0,"35":0,"36":0,"37":0},"f":{"0":0,"1":0,"2":0,"3":0,"4":0,"5":0,"6":0,"7":0,"8":0,"9":0,"10":0,"11":0,"12":0,"13":0,"14":0,"15":0,"16":0,"17":0,"18":0},"b":{"0":[0,0],"1":[0,0],"2":[0,0],"3":[0,0],"4":[0,0],"5":[0,0],"6":[0,0],"7":[0,0],"8":[0,0]}}
,"D:\\VScout\\src\\components\\list-blockchains.vue": {"path":"D:\\VScout\\src\\components\\list-blockchains.vue","statementMap":{"0":{"start":{"line":23,"column":0},"end":{"line":23,"column":null}},"1":{"start":{"line":25,"column":0},"end":{"line":25,"column":null}},"2":{"start":{"line":31,"column":0},"end":{"line":31,"column":null}},"3":{"start":{"line":51,"column":0},"end":{"line":51,"column":null}},"4":{"start":{"line":52,"column":0},"end":{"line":52,"column":null}},"5":{"start":{"line":53,"column":0},"end":{"line":53,"column":null}},"6":{"start":{"line":51,"column":0},"end":{"line":59,"column":null}}},"fnMap":{"0":{"name":"onSelectBlockchain","decl":{"start":{"line":51,"column":0},"end":{"line":51,"column":null}},"loc":{"start":{"line":51,"column":0},"end":{"line":64,"column":null}}}},"branchMap":{"0":{"loc":{"start":{"line":51,"column":0},"end":{"line":59,"column":null}},"type":"switch","locations":[{"start":{"line":51,"column":0},"end":{"line":59,"column":null}},{"start":{"line":51,"column":0},"end":{"line":51,"column":null}},{"start":{"line":51,"column":0},"end":{"line":51,"column":null}}]}},"s":{"0":0,"1":0,"2":0,"3":0,"4":0,"5":0,"6":0},"f":{"0":0},"b":{"0":[0,0,0]}}
,"D:\\VScout\\src\\components\\list-subnets.vue": {"path":"D:\\VScout\\src\\components\\list-subnets.vue","statementMap":{"0":{"start":{"line":24,"column":0},"end":{"line":24,"column":null}},"1":{"start":{"line":26,"column":0},"end":{"line":26,"column":null}},"2":{"start":{"line":32,"column":0},"end":{"line":32,"column":null}},"3":{"start":{"line":55,"column":0},"end":{"line":55,"column":null}},"4":{"start":{"line":56,"column":0},"end":{"line":56,"column":null}},"5":{"start":{"line":57,"column":0},"end":{"line":57,"column":null}},"6":{"start":{"line":58,"column":0},"end":{"line":58,"column":null}},"7":{"start":{"line":60,"column":0},"end":{"line":60,"column":null}},"8":{"start":{"line":61,"column":0},"end":{"line":61,"column":null}},"9":{"start":{"line":62,"column":0},"end":{"line":62,"column":null}},"10":{"start":{"line":60,"column":0},"end":{"line":64,"column":null}},"11":{"start":{"line":68,"column":0},"end":{"line":68,"column":null}}},"fnMap":{"0":{"name":"blockchainName","decl":{"start":{"line":54,"column":0},"end":{"line":54,"column":null}},"loc":{"start":{"line":54,"column":0},"end":{"line":59,"column":null}}},"1":{"name":"onSelectSubnet","decl":{"start":{"line":60,"column":0},"end":{"line":60,"column":null}},"loc":{"start":{"line":60,"column":0},"end":{"line":72,"column":null}}}},"branchMap":{"0":{"loc":{"start":{"line":55,"column":0},"end":{"line":55,"column":null}},"type":"if","locations":[{"start":{"line":55,"column":0},"end":{"line":55,"column":null}},{"start":{"line":55,"column":0},"end":{"line":55,"column":null}}]},"1":{"loc":{"start":{"line":57,"column":0},"end":{"line":57,"column":null}},"type":"if","locations":[{"start":{"line":57,"column":0},"end":{"line":57,"column":null}},{"start":{"line":57,"column":0},"end":{"line":57,"column":null}}]},"2":{"loc":{"start":{"line":60,"column":0},"end":{"line":64,"column":null}},"type":"switch","locations":[{"start":{"line":60,"column":0},"end":{"line":64,"column":null}},{"start":{"line":60,"column":0},"end":{"line":68,"column":null}},{"start":{"line":60,"column":0},"end":{"line":60,"column":null}},{"start":{"line":60,"column":0},"end":{"line":60,"column":null}}]}},"s":{"0":0,"1":0,"2":0,"3":0,"4":0,"5":0,"6":0,"7":0,"8":0,"9":0,"10":0,"11":0},"f":{"0":0,"1":0},"b":{"0":[0,0],"1":[0,0],"2":[0,0,0,0]}}
,"D:\\VScout\\src\\components\\progress-bar-validatе-session.vue": {"path":"D:\\VScout\\src\\components\\progress-bar-validatе-session.vue","statementMap":{"0":{"start":{"line":12,"column":0},"end":{"line":12,"column":null}},"1":{"start":{"line":13,"column":0},"end":{"line":13,"column":null}},"2":{"start":{"line":29,"column":0},"end":{"line":29,"column":null}},"3":{"start":{"line":32,"column":0},"end":{"line":32,"column":null}},"4":{"start":{"line":37,"column":0},"end":{"line":37,"column":null}},"5":{"start":{"line":40,"column":0},"end":{"line":40,"column":null}},"6":{"start":{"line":43,"column":0},"end":{"line":43,"column":null}},"7":{"start":{"line":44,"column":0},"end":{"line":44,"column":null}}},"fnMap":{"0":{"name":"progressBadge","decl":{"start":{"line":28,"column":0},"end":{"line":28,"column":null}},"loc":{"start":{"line":28,"column":0},"end":{"line":30,"column":null}}},"1":{"name":"progress","decl":{"start":{"line":31,"column":0},"end":{"line":31,"column":null}},"loc":{"start":{"line":31,"column":0},"end":{"line":33,"column":null}}},"2":{"name":"dur","decl":{"start":{"line":36,"column":0},"end":{"line":36,"column":null}},"loc":{"start":{"line":36,"column":0},"end":{"line":38,"column":null}}},"3":{"name":"lastDur","decl":{"start":{"line":39,"column":0},"end":{"line":39,"column":null}},"loc":{"start":{"line":39,"column":0},"end":{"line":41,"column":null}}},"4":{"name":"progressM","decl":{"start":{"line":42,"column":0},"end":{"line":42,"column":null}},"loc":{"start":{"line":42,"column":0},"end":{"line":45,"column":null}}}},"branchMap":{},"s":{"0":0,"1":0,"2":0,"3":0,"4":0,"5":0,"6":0,"7":0},"f":{"0":0,"1":0,"2":0,"3":0,"4":0},"b":{}}
,"D:\\VScout\\src\\components\\switch-endpoint.vue": {"path":"D:\\VScout\\src\\components\\switch-endpoint.vue","statementMap":{"0":{"start":{"line":64,"column":0},"end":{"line":64,"column":null}},"1":{"start":{"line":66,"column":0},"end":{"line":66,"column":null}},"2":{"start":{"line":76,"column":0},"end":{"line":76,"column":null}},"3":{"start":{"line":80,"column":0},"end":{"line":80,"column":null}},"4":{"start":{"line":86,"column":0},"end":{"line":86,"column":null}},"5":{"start":{"line":97,"column":0},"end":{"line":97,"column":null}},"6":{"start":{"line":122,"column":0},"end":{"line":122,"column":null}},"7":{"start":{"line":123,"column":0},"end":{"line":123,"column":null}},"8":{"start":{"line":124,"column":0},"end":{"line":124,"column":null}},"9":{"start":{"line":126,"column":0},"end":{"line":126,"column":null}},"10":{"start":{"line":127,"column":0},"end":{"line":128,"column":null}},"11":{"start":{"line":128,"column":0},"end":{"line":128,"column":null}},"12":{"start":{"line":130,"column":0},"end":{"line":130,"column":null}},"13":{"start":{"line":131,"column":0},"end":{"line":131,"column":null}},"14":{"start":{"line":133,"column":0},"end":{"line":135,"column":null}},"15":{"start":{"line":134,"column":0},"end":{"line":134,"column":null}},"16":{"start":{"line":130,"column":0},"end":{"line":137,"column":null}},"17":{"start":{"line":137,"column":0},"end":{"line":137,"column":null}},"18":{"start":{"line":139,"column":0},"end":{"line":139,"column":null}},"19":{"start":{"line":140,"column":0},"end":{"line":140,"column":null}},"20":{"start":{"line":144,"column":0},"end":{"line":147,"column":null}},"21":{"start":{"line":145,"column":0},"end":{"line":145,"column":null}},"22":{"start":{"line":146,"column":0},"end":{"line":146,"column":null}},"23":{"start":{"line":149,"column":0},"end":{"line":149,"column":null}},"24":{"start":{"line":150,"column":0},"end":{"line":150,"column":null}},"25":{"start":{"line":151,"column":0},"end":{"line":151,"column":null}},"26":{"start":{"line":154,"column":0},"end":{"line":154,"column":null}},"27":{"start":{"line":155,"column":0},"end":{"line":155,"column":null}},"28":{"start":{"line":154,"column":0},"end":{"line":162,"column":null}},"29":{"start":{"line":164,"column":0},"end":{"line":164,"column":null}},"30":{"start":{"line":174,"column":0},"end":{"line":174,"column":null}},"31":{"start":{"line":175,"column":0},"end":{"line":175,"column":null}}},"fnMap":{"0":{"name":"data","decl":{"start":{"line":96,"column":0},"end":{"line":96,"column":null}},"loc":{"start":{"line":96,"column":0},"end":{"line":103,"column":null}}},"1":{"name":"onRemoveFromMem","decl":{"start":{"line":121,"column":0},"end":{"line":121,"column":null}},"loc":{"start":{"line":121,"column":0},"end":{"line":125,"column":null}}},"2":{"name":"takeSuggestion","decl":{"start":{"line":126,"column":0},"end":{"line":126,"column":null}},"loc":{"start":{"line":126,"column":0},"end":{"line":129,"column":null}}},"3":{"name":"(anonymous_9)","decl":{"start":{"line":127,"column":0},"end":{"line":127,"column":null}},"loc":{"start":{"line":127,"column":0},"end":{"line":128,"column":null}}},"4":{"name":"onSelectEndpoint","decl":{"start":{"line":130,"column":0},"end":{"line":130,"column":null}},"loc":{"start":{"line":130,"column":0},"end":{"line":153,"column":null}}},"5":{"name":"onSuccess","decl":{"start":{"line":154,"column":0},"end":{"line":154,"column":null}},"loc":{"start":{"line":154,"column":0},"end":{"line":172,"column":null}}},"6":{"name":"onError","decl":{"start":{"line":173,"column":0},"end":{"line":173,"column":null}},"loc":{"start":{"line":173,"column":0},"end":{"line":182,"column":null}}}},"branchMap":{"0":{"loc":{"start":{"line":130,"column":0},"end":{"line":137,"column":null}},"type":"switch","locations":[{"start":{"line":130,"column":0},"end":{"line":137,"column":null}},{"start":{"line":130,"column":0},"end":{"line":130,"column":null}},{"start":{"line":130,"column":0},"end":{"line":130,"column":null}},{"start":{"line":130,"column":0},"end":{"line":130,"column":null}},{"start":{"line":130,"column":0},"end":{"line":130,"column":null}}]},"1":{"loc":{"start":{"line":133,"column":0},"end":{"line":135,"column":null}},"type":"if","locations":[{"start":{"line":133,"column":0},"end":{"line":135,"column":null}},{"start":{"line":133,"column":0},"end":{"line":135,"column":null}}]},"2":{"loc":{"start":{"line":130,"column":0},"end":{"line":130,"column":null}},"type":"if","locations":[{"start":{"line":130,"column":0},"end":{"line":130,"column":null}},{"start":{"line":130,"column":0},"end":{"line":130,"column":null}}]},"3":{"loc":{"start":{"line":144,"column":0},"end":{"line":147,"column":null}},"type":"if","locations":[{"start":{"line":144,"column":0},"end":{"line":147,"column":null}},{"start":{"line":144,"column":0},"end":{"line":147,"column":null}}]},"4":{"loc":{"start":{"line":154,"column":0},"end":{"line":162,"column":null}},"type":"switch","locations":[{"start":{"line":154,"column":0},"end":{"line":162,"column":null}},{"start":{"line":154,"column":0},"end":{"line":164,"column":null}},{"start":{"line":154,"column":0},"end":{"line":154,"column":null}},{"start":{"line":154,"column":0},"end":{"line":154,"column":null}}]}},"s":{"0":0,"1":0,"2":0,"3":0,"4":0,"5":0,"6":0,"7":0,"8":0,"9":0,"10":0,"11":0,"12":0,"13":0,"14":0,"15":0,"16":0,"17":0,"18":0,"19":0,"20":0,"21":0,"22":0,"23":0,"24":0,"25":0,"26":0,"27":0,"28":0,"29":0,"30":0,"31":0},"f":{"0":0,"1":0,"2":0,"3":0,"4":0,"5":0,"6":0},"b":{"0":[0,0,0,0,0],"1":[0,0],"2":[0,0],"3":[0,0],"4":[0,0,0,0]}}
,"D:\\VScout\\src\\components\\dialogs\\add-identification-dialog.vue": {"path":"D:\\VScout\\src\\components\\dialogs\\add-identification-dialog.vue","statementMap":{"0":{"start":{"line":118,"column":0},"end":{"line":118,"column":null}},"1":{"start":{"line":119,"column":0},"end":{"line":119,"column":null}},"2":{"start":{"line":123,"column":0},"end":{"line":123,"column":null}},"3":{"start":{"line":127,"column":0},"end":{"line":127,"column":null}},"4":{"start":{"line":136,"column":0},"end":{"line":136,"column":null}},"5":{"start":{"line":155,"column":0},"end":{"line":155,"column":null}},"6":{"start":{"line":156,"column":0},"end":{"line":156,"column":null}},"7":{"start":{"line":157,"column":0},"end":{"line":157,"column":null}},"8":{"start":{"line":174,"column":0},"end":{"line":174,"column":null}},"9":{"start":{"line":175,"column":0},"end":{"line":175,"column":null}},"10":{"start":{"line":177,"column":0},"end":{"line":177,"column":null}},"11":{"start":{"line":179,"column":0},"end":{"line":179,"column":null}},"12":{"start":{"line":177,"column":0},"end":{"line":183,"column":null}},"13":{"start":{"line":183,"column":0},"end":{"line":183,"column":null}},"14":{"start":{"line":190,"column":0},"end":{"line":190,"column":null}},"15":{"start":{"line":196,"column":0},"end":{"line":196,"column":null}},"16":{"start":{"line":198,"column":0},"end":{"line":198,"column":null}},"17":{"start":{"line":202,"column":0},"end":{"line":202,"column":null}},"18":{"start":{"line":203,"column":0},"end":{"line":203,"column":null}},"19":{"start":{"line":204,"column":0},"end":{"line":204,"column":null}},"20":{"start":{"line":205,"column":0},"end":{"line":211,"column":null}},"21":{"start":{"line":206,"column":0},"end":{"line":206,"column":null}},"22":{"start":{"line":207,"column":0},"end":{"line":207,"column":null}},"23":{"start":{"line":209,"column":0},"end":{"line":209,"column":null}},"24":{"start":{"line":210,"column":0},"end":{"line":210,"column":null}},"25":{"start":{"line":214,"column":0},"end":{"line":214,"column":null}},"26":{"start":{"line":215,"column":0},"end":{"line":215,"column":null}},"27":{"start":{"line":216,"column":0},"end":{"line":216,"column":null}},"28":{"start":{"line":217,"column":0},"end":{"line":217,"column":null}},"29":{"start":{"line":218,"column":0},"end":{"line":218,"column":null}},"30":{"start":{"line":219,"column":0},"end":{"line":219,"column":null}},"31":{"start":{"line":220,"column":0},"end":{"line":220,"column":null}}},"fnMap":{"0":{"name":"data","decl":{"start":{"line":135,"column":0},"end":{"line":135,"column":null}},"loc":{"start":{"line":135,"column":0},"end":{"line":146,"column":null}}},"1":{"name":"validateData","decl":{"start":{"line":154,"column":0},"end":{"line":154,"column":null}},"loc":{"start":{"line":154,"column":0},"end":{"line":165,"column":null}}},"2":{"name":"onClose","decl":{"start":{"line":173,"column":0},"end":{"line":173,"column":null}},"loc":{"start":{"line":173,"column":0},"end":{"line":176,"column":null}}},"3":{"name":"onSubmit","decl":{"start":{"line":177,"column":0},"end":{"line":177,"column":null}},"loc":{"start":{"line":177,"column":0},"end":{"line":200,"column":null}}},"4":{"name":"onGetNodeID","decl":{"start":{"line":201,"column":0},"end":{"line":201,"column":null}},"loc":{"start":{"line":201,"column":0},"end":{"line":212,"column":null}}},"5":{"name":"onReset","decl":{"start":{"line":213,"column":0},"end":{"line":213,"column":null}},"loc":{"start":{"line":213,"column":0},"end":{"line":221,"column":null}}}},"branchMap":{"0":{"loc":{"start":{"line":159,"column":0},"end":{"line":159,"column":null}},"type":"binary-expr","locations":[{"start":{"line":159,"column":0},"end":{"line":159,"column":null}},{"start":{"line":159,"column":0},"end":{"line":159,"column":null}}]},"1":{"loc":{"start":{"line":160,"column":0},"end":{"line":160,"column":null}},"type":"binary-expr","locations":[{"start":{"line":160,"column":0},"end":{"line":160,"column":null}},{"start":{"line":160,"column":0},"end":{"line":160,"column":null}}]},"2":{"loc":{"start":{"line":177,"column":0},"end":{"line":177,"column":null}},"type":"switch","locations":[{"start":{"line":177,"column":0},"end":{"line":177,"column":null}},{"start":{"line":177,"column":0},"end":{"line":183,"column":null}},{"start":{"line":177,"column":0},"end":{"line":177,"column":null}},{"start":{"line":177,"column":0},"end":{"line":198,"column":null}},{"start":{"line":177,"column":0},"end":{"line":177,"column":null}},{"start":{"line":177,"column":0},"end":{"line":177,"column":null}}]},"3":{"loc":{"start":{"line":177,"column":0},"end":{"line":177,"column":null}},"type":"if","locations":[{"start":{"line":177,"column":0},"end":{"line":177,"column":null}},{"start":{"line":177,"column":0},"end":{"line":177,"column":null}}]},"4":{"loc":{"start":{"line":177,"column":0},"end":{"line":177,"column":null}},"type":"binary-expr","locations":[{"start":{"line":177,"column":0},"end":{"line":177,"column":null}},{"start":{"line":177,"column":0},"end":{"line":177,"column":null}},{"start":{"line":177,"column":0},"end":{"line":177,"column":null}},{"start":{"line":177,"column":0},"end":{"line":177,"column":null}}]},"5":{"loc":{"start":{"line":205,"column":0},"end":{"line":211,"column":null}},"type":"if","locations":[{"start":{"line":205,"column":0},"end":{"line":211,"column":null}},{"start":{"line":205,"column":0},"end":{"line":211,"column":null}}]}},"s":{"0":0,"1":0,"2":0,"3":0,"4":0,"5":0,"6":0,"7":0,"8":0,"9":0,"10":0,"11":0,"12":0,"13":0,"14":0,"15":0,"16":0,"17":0,"18":0,"19":0,"20":0,"21":0,"22":0,"23":0,"24":0,"25":0,"26":0,"27":0,"28":0,"29":0,"30":0,"31":0},"f":{"0":0,"1":0,"2":0,"3":0,"4":0,"5":0},"b":{"0":[0,0],"1":[0,0],"2":[0,0,0,0,0,0],"3":[0,0],"4":[0,0,0,0],"5":[0,0]}}
,"D:\\VScout\\src\\components\\dialogs\\asset-info-dialog.vue": {"path":"D:\\VScout\\src\\components\\dialogs\\asset-info-dialog.vue","statementMap":{"0":{"start":{"line":41,"column":0},"end":{"line":41,"column":null}},"1":{"start":{"line":42,"column":0},"end":{"line":42,"column":null}},"2":{"start":{"line":44,"column":0},"end":{"line":44,"column":null}},"3":{"start":{"line":62,"column":0},"end":{"line":62,"column":null}},"4":{"start":{"line":63,"column":0},"end":{"line":63,"column":null}},"5":{"start":{"line":66,"column":0},"end":{"line":66,"column":null}},"6":{"start":{"line":68,"column":0},"end":{"line":70,"column":null}},"7":{"start":{"line":69,"column":0},"end":{"line":69,"column":null}},"8":{"start":{"line":72,"column":0},"end":{"line":72,"column":null}}},"fnMap":{"0":{"name":"toUrl","decl":{"start":{"line":61,"column":0},"end":{"line":61,"column":null}},"loc":{"start":{"line":61,"column":0},"end":{"line":64,"column":null}}},"1":{"name":"getCurrentSupply","decl":{"start":{"line":65,"column":0},"end":{"line":65,"column":null}},"loc":{"start":{"line":65,"column":0},"end":{"line":73,"column":null}}}},"branchMap":{"0":{"loc":{"start":{"line":68,"column":0},"end":{"line":70,"column":null}},"type":"if","locations":[{"start":{"line":68,"column":0},"end":{"line":70,"column":null}},{"start":{"line":68,"column":0},"end":{"line":70,"column":null}}]},"1":{"loc":{"start":{"line":68,"column":0},"end":{"line":68,"column":null}},"type":"binary-expr","locations":[{"start":{"line":68,"column":0},"end":{"line":68,"column":null}},{"start":{"line":68,"column":0},"end":{"line":68,"column":null}}]},"2":{"loc":{"start":{"line":72,"column":0},"end":{"line":72,"column":null}},"type":"if","locations":[{"start":{"line":72,"column":0},"end":{"line":72,"column":null}},{"start":{"line":72,"column":0},"end":{"line":72,"column":null}}]}},"s":{"0":0,"1":0,"2":0,"3":0,"4":0,"5":0,"6":0,"7":0,"8":0},"f":{"0":0,"1":0},"b":{"0":[0,0],"1":[0,0],"2":[0,0]}}
,"D:\\VScout\\src\\components\\dialogs\\node-health-dialog.vue": {"path":"D:\\VScout\\src\\components\\dialogs\\node-health-dialog.vue","statementMap":{"0":{"start":{"line":99,"column":0},"end":{"line":99,"column":null}},"1":{"start":{"line":100,"column":0},"end":{"line":100,"column":null}},"2":{"start":{"line":101,"column":0},"end":{"line":101,"column":null}},"3":{"start":{"line":103,"column":0},"end":{"line":103,"column":null}},"4":{"start":{"line":111,"column":0},"end":{"line":111,"column":null}},"5":{"start":{"line":127,"column":0},"end":{"line":127,"column":null}},"6":{"start":{"line":128,"column":0},"end":{"line":128,"column":null}},"7":{"start":{"line":131,"column":0},"end":{"line":131,"column":null}},"8":{"start":{"line":132,"column":0},"end":{"line":132,"column":null}},"9":{"start":{"line":135,"column":0},"end":{"line":135,"column":null}},"10":{"start":{"line":138,"column":0},"end":{"line":142,"column":null}},"11":{"start":{"line":139,"column":0},"end":{"line":139,"column":null}},"12":{"start":{"line":141,"column":0},"end":{"line":141,"column":null}},"13":{"start":{"line":145,"column":0},"end":{"line":153,"column":null}},"14":{"start":{"line":146,"column":0},"end":{"line":146,"column":null}},"15":{"start":{"line":150,"column":0},"end":{"line":150,"column":null}},"16":{"start":{"line":152,"column":0},"end":{"line":152,"column":null}},"17":{"start":{"line":156,"column":0},"end":{"line":164,"column":null}},"18":{"start":{"line":157,"column":0},"end":{"line":157,"column":null}},"19":{"start":{"line":161,"column":0},"end":{"line":161,"column":null}},"20":{"start":{"line":163,"column":0},"end":{"line":163,"column":null}},"21":{"start":{"line":167,"column":0},"end":{"line":174,"column":null}},"22":{"start":{"line":168,"column":0},"end":{"line":168,"column":null}},"23":{"start":{"line":171,"column":0},"end":{"line":171,"column":null}},"24":{"start":{"line":173,"column":0},"end":{"line":173,"column":null}},"25":{"start":{"line":177,"column":0},"end":{"line":184,"column":null}},"26":{"start":{"line":178,"column":0},"end":{"line":178,"column":null}},"27":{"start":{"line":181,"column":0},"end":{"line":181,"column":null}},"28":{"start":{"line":183,"column":0},"end":{"line":183,"column":null}},"29":{"start":{"line":187,"column":0},"end":{"line":194,"column":null}},"30":{"start":{"line":188,"column":0},"end":{"line":188,"column":null}},"31":{"start":{"line":191,"column":0},"end":{"line":191,"column":null}},"32":{"start":{"line":193,"column":0},"end":{"line":193,"column":null}},"33":{"start":{"line":197,"column":0},"end":{"line":204,"column":null}},"34":{"start":{"line":198,"column":0},"end":{"line":198,"column":null}},"35":{"start":{"line":201,"column":0},"end":{"line":201,"column":null}},"36":{"start":{"line":203,"column":0},"end":{"line":203,"column":null}},"37":{"start":{"line":207,"column":0},"end":{"line":214,"column":null}},"38":{"start":{"line":208,"column":0},"end":{"line":208,"column":null}},"39":{"start":{"line":211,"column":0},"end":{"line":211,"column":null}},"40":{"start":{"line":213,"column":0},"end":{"line":213,"column":null}},"41":{"start":{"line":217,"column":0},"end":{"line":224,"column":null}},"42":{"start":{"line":218,"column":0},"end":{"line":218,"column":null}},"43":{"start":{"line":221,"column":0},"end":{"line":221,"column":null}},"44":{"start":{"line":223,"column":0},"end":{"line":223,"column":null}},"45":{"start":{"line":233,"column":0},"end":{"line":233,"column":null}},"46":{"start":{"line":234,"column":0},"end":{"line":234,"column":null}},"47":{"start":{"line":237,"column":0},"end":{"line":237,"column":null}},"48":{"start":{"line":238,"column":0},"end":{"line":238,"column":null}}},"fnMap":{"0":{"name":"TooltipStyle","decl":{"start":{"line":111,"column":0},"end":{"line":111,"column":null}},"loc":{"start":{"line":111,"column":0},"end":{"line":111,"column":null}}},"1":{"name":"upTime","decl":{"start":{"line":126,"column":0},"end":{"line":126,"column":null}},"loc":{"start":{"line":126,"column":0},"end":{"line":129,"column":null}}},"2":{"name":"connected","decl":{"start":{"line":130,"column":0},"end":{"line":130,"column":null}},"loc":{"start":{"line":130,"column":0},"end":{"line":133,"column":null}}},"3":{"name":"nodeHealthInfo","decl":{"start":{"line":134,"column":0},"end":{"line":134,"column":null}},"loc":{"start":{"line":134,"column":0},"end":{"line":136,"column":null}}},"4":{"name":"healthy","decl":{"start":{"line":137,"column":0},"end":{"line":137,"column":null}},"loc":{"start":{"line":137,"column":0},"end":{"line":143,"column":null}}},"5":{"name":"error","decl":{"start":{"line":144,"column":0},"end":{"line":144,"column":null}},"loc":{"start":{"line":144,"column":0},"end":{"line":154,"column":null}}},"6":{"name":"heartbeat","decl":{"start":{"line":155,"column":0},"end":{"line":155,"column":null}},"loc":{"start":{"line":155,"column":0},"end":{"line":165,"column":null}}},"7":{"name":"duration","decl":{"start":{"line":166,"column":0},"end":{"line":166,"column":null}},"loc":{"start":{"line":166,"column":0},"end":{"line":175,"column":null}}},"8":{"name":"timeOfFirstFailure","decl":{"start":{"line":176,"column":0},"end":{"line":176,"column":null}},"loc":{"start":{"line":176,"column":0},"end":{"line":185,"column":null}}},"9":{"name":"contiguousFailures","decl":{"start":{"line":186,"column":0},"end":{"line":186,"column":null}},"loc":{"start":{"line":186,"column":0},"end":{"line":195,"column":null}}},"10":{"name":"duration2","decl":{"start":{"line":196,"column":0},"end":{"line":196,"column":null}},"loc":{"start":{"line":196,"column":0},"end":{"line":205,"column":null}}},"11":{"name":"timeOfFirstFailure2","decl":{"start":{"line":206,"column":0},"end":{"line":206,"column":null}},"loc":{"start":{"line":206,"column":0},"end":{"line":215,"column":null}}},"12":{"name":"contiguousFailures2","decl":{"start":{"line":216,"column":0},"end":{"line":216,"column":null}},"loc":{"start":{"line":216,"column":0},"end":{"line":225,"column":null}}},"13":{"name":"getUpTime","decl":{"start":{"line":232,"column":0},"end":{"line":232,"column":null}},"loc":{"start":{"line":232,"column":0},"end":{"line":235,"column":null}}},"14":{"name":"getColorUptime","decl":{"start":{"line":236,"column":0},"end":{"line":236,"column":null}},"loc":{"start":{"line":236,"column":0},"end":{"line":239,"column":null}}}},"branchMap":{"0":{"loc":{"start":{"line":131,"column":0},"end":{"line":131,"column":null}},"type":"if","locations":[{"start":{"line":131,"column":0},"end":{"line":131,"column":null}},{"start":{"line":131,"column":0},"end":{"line":131,"column":null}}]},"1":{"loc":{"start":{"line":233,"column":0},"end":{"line":233,"column":null}},"type":"if","locations":[{"start":{"line":233,"column":0},"end":{"line":233,"column":null}},{"start":{"line":233,"column":0},"end":{"line":233,"column":null}}]},"2":{"loc":{"start":{"line":237,"column":0},"end":{"line":237,"column":null}},"type":"if","locations":[{"start":{"line":237,"column":0},"end":{"line":237,"column":null}},{"start":{"line":237,"column":0},"end":{"line":237,"column":null}}]}},"s":{"0":0,"1":0,"2":0,"3":0,"4":0,"5":0,"6":0,"7":0,"8":0,"9":0,"10":0,"11":0,"12":0,"13":0,"14":0,"15":0,"16":0,"17":0,"18":0,"19":0,"20":0,"21":0,"22":0,"23":0,"24":0,"25":0,"26":0,"27":0,"28":0,"29":0,"30":0,"31":0,"32":0,"33":0,"34":0,"35":0,"36":0,"37":0,"38":0,"39":0,"40":0,"41":0,"42":0,"43":0,"44":0,"45":0,"46":0,"47":0,"48":0},"f":{"0":0,"1":0,"2":0,"3":0,"4":0,"5":0,"6":0,"7":0,"8":0,"9":0,"10":0,"11":0,"12":0,"13":0,"14":0},"b":{"0":[0,0],"1":[0,0],"2":[0,0]}}
,"D:\\VScout\\src\\components\\items\\calculator.vue": {"path":"D:\\VScout\\src\\components\\items\\calculator.vue","statementMap":{"0":{"start":{"line":151,"column":0},"end":{"line":151,"column":null}},"1":{"start":{"line":152,"column":0},"end":{"line":152,"column":null}},"2":{"start":{"line":154,"column":0},"end":{"line":154,"column":null}},"3":{"start":{"line":156,"column":0},"end":{"line":156,"column":null}},"4":{"start":{"line":162,"column":0},"end":{"line":162,"column":null}},"5":{"start":{"line":163,"column":0},"end":{"line":163,"column":null}},"6":{"start":{"line":165,"column":0},"end":{"line":165,"column":null}},"7":{"start":{"line":166,"column":0},"end":{"line":166,"column":null}},"8":{"start":{"line":167,"column":0},"end":{"line":167,"column":null}},"9":{"start":{"line":168,"column":0},"end":{"line":168,"column":null}},"10":{"start":{"line":169,"column":0},"end":{"line":169,"column":null}},"11":{"start":{"line":174,"column":0},"end":{"line":174,"column":null}},"12":{"start":{"line":177,"column":0},"end":{"line":177,"column":null}},"13":{"start":{"line":205,"column":0},"end":{"line":209,"column":null}},"14":{"start":{"line":206,"column":0},"end":{"line":206,"column":null}},"15":{"start":{"line":208,"column":0},"end":{"line":208,"column":null}},"16":{"start":{"line":221,"column":0},"end":{"line":221,"column":null}},"17":{"start":{"line":226,"column":0},"end":{"line":226,"column":null}},"18":{"start":{"line":228,"column":0},"end":{"line":228,"column":null}},"19":{"start":{"line":230,"column":0},"end":{"line":230,"column":null}},"20":{"start":{"line":233,"column":0},"end":{"line":233,"column":null}},"21":{"start":{"line":239,"column":0},"end":{"line":239,"column":null}},"22":{"start":{"line":240,"column":0},"end":{"line":240,"column":null}},"23":{"start":{"line":241,"column":0},"end":{"line":241,"column":null}},"24":{"start":{"line":244,"column":0},"end":{"line":244,"column":null}},"25":{"start":{"line":250,"column":0},"end":{"line":250,"column":null}},"26":{"start":{"line":254,"column":0},"end":{"line":254,"column":null}},"27":{"start":{"line":255,"column":0},"end":{"line":255,"column":null}},"28":{"start":{"line":256,"column":0},"end":{"line":256,"column":null}},"29":{"start":{"line":258,"column":0},"end":{"line":258,"column":null}},"30":{"start":{"line":259,"column":0},"end":{"line":259,"column":null}},"31":{"start":{"line":260,"column":0},"end":{"line":260,"column":null}},"32":{"start":{"line":263,"column":0},"end":{"line":263,"column":null}},"33":{"start":{"line":266,"column":0},"end":{"line":266,"column":null}},"34":{"start":{"line":267,"column":0},"end":{"line":267,"column":null}},"35":{"start":{"line":268,"column":0},"end":{"line":268,"column":null}},"36":{"start":{"line":271,"column":0},"end":{"line":271,"column":null}},"37":{"start":{"line":274,"column":0},"end":{"line":274,"column":null}},"38":{"start":{"line":275,"column":0},"end":{"line":275,"column":null}},"39":{"start":{"line":276,"column":0},"end":{"line":276,"column":null}},"40":{"start":{"line":277,"column":0},"end":{"line":277,"column":null}},"41":{"start":{"line":278,"column":0},"end":{"line":278,"column":null}},"42":{"start":{"line":280,"column":0},"end":{"line":280,"column":null}},"43":{"start":{"line":281,"column":0},"end":{"line":281,"column":null}},"44":{"start":{"line":283,"column":0},"end":{"line":283,"column":null}},"45":{"start":{"line":284,"column":0},"end":{"line":284,"column":null}},"46":{"start":{"line":285,"column":0},"end":{"line":285,"column":null}}},"fnMap":{"0":{"name":"TooltipStyle","decl":{"start":{"line":174,"column":0},"end":{"line":174,"column":null}},"loc":{"start":{"line":174,"column":0},"end":{"line":174,"column":null}}},"1":{"name":"data","decl":{"start":{"line":176,"column":0},"end":{"line":176,"column":null}},"loc":{"start":{"line":176,"column":0},"end":{"line":202,"column":null}}},"2":{"name":"type","decl":{"start":{"line":204,"column":0},"end":{"line":204,"column":null}},"loc":{"start":{"line":204,"column":0},"end":{"line":210,"column":null}}},"3":{"name":"getPercent","decl":{"start":{"line":221,"column":0},"end":{"line":221,"column":null}},"loc":{"start":{"line":221,"column":0},"end":{"line":227,"column":null}}},"4":{"name":"openCalculator","decl":{"start":{"line":228,"column":0},"end":{"line":228,"column":null}},"loc":{"start":{"line":228,"column":0},"end":{"line":231,"column":null}}},"5":{"name":"calculate","decl":{"start":{"line":232,"column":0},"end":{"line":232,"column":null}},"loc":{"start":{"line":232,"column":0},"end":{"line":242,"column":null}}},"6":{"name":"calculateDel","decl":{"start":{"line":243,"column":0},"end":{"line":243,"column":null}},"loc":{"start":{"line":243,"column":0},"end":{"line":261,"column":null}}},"7":{"name":"getFormat","decl":{"start":{"line":262,"column":0},"end":{"line":262,"column":null}},"loc":{"start":{"line":262,"column":0},"end":{"line":264,"column":null}}},"8":{"name":"getCurrentSupplyLable","decl":{"start":{"line":265,"column":0},"end":{"line":265,"column":null}},"loc":{"start":{"line":265,"column":0},"end":{"line":269,"column":null}}},"9":{"name":"updateProxy","decl":{"start":{"line":270,"column":0},"end":{"line":270,"column":null}},"loc":{"start":{"line":270,"column":0},"end":{"line":272,"column":null}}},"10":{"name":"save","decl":{"start":{"line":273,"column":0},"end":{"line":273,"column":null}},"loc":{"start":{"line":273,"column":0},"end":{"line":286,"column":null}}}},"branchMap":{"0":{"loc":{"start":{"line":205,"column":0},"end":{"line":209,"column":null}},"type":"if","locations":[{"start":{"line":205,"column":0},"end":{"line":209,"column":null}},{"start":{"line":205,"column":0},"end":{"line":209,"column":null}}]},"1":{"loc":{"start":{"line":228,"column":0},"end":{"line":228,"column":null}},"type":"switch","locations":[{"start":{"line":228,"column":0},"end":{"line":228,"column":null}},{"start":{"line":228,"column":0},"end":{"line":230,"column":null}},{"start":{"line":228,"column":0},"end":{"line":228,"column":null}},{"start":{"line":228,"column":0},"end":{"line":228,"column":null}}]},"2":{"loc":{"start":{"line":281,"column":0},"end":{"line":281,"column":null}},"type":"if","locations":[{"start":{"line":281,"column":0},"end":{"line":281,"column":null}},{"start":{"line":281,"column":0},"end":{"line":281,"column":null}}]}},"s":{"0":0,"1":0,"2":0,"3":0,"4":0,"5":0,"6":0,"7":0,"8":0,"9":0,"10":0,"11":0,"12":0,"13":0,"14":0,"15":0,"16":0,"17":0,"18":0,"19":0,"20":0,"21":0,"22":0,"23":0,"24":0,"25":0,"26":0,"27":0,"28":0,"29":0,"30":0,"31":0,"32":0,"33":0,"34":0,"35":0,"36":0,"37":0,"38":0,"39":0,"40":0,"41":0,"42":0,"43":0,"44":0,"45":0,"46":0},"f":{"0":0,"1":0,"2":0,"3":0,"4":0,"5":0,"6":0,"7":0,"8":0,"9":0,"10":0},"b":{"0":[0,0],"1":[0,0,0,0],"2":[0,0]}}
,"D:\\VScout\\src\\components\\items\\countdown.vue": {"path":"D:\\VScout\\src\\components\\items\\countdown.vue","statementMap":{"0":{"start":{"line":36,"column":0},"end":{"line":36,"column":null}},"1":{"start":{"line":37,"column":0},"end":{"line":37,"column":null}},"2":{"start":{"line":40,"column":0},"end":{"line":40,"column":null}},"3":{"start":{"line":43,"column":0},"end":{"line":43,"column":null}},"4":{"start":{"line":46,"column":0},"end":{"line":46,"column":null}},"5":{"start":{"line":49,"column":0},"end":{"line":49,"column":null}}},"fnMap":{"0":{"name":"dataArray","decl":{"start":{"line":35,"column":0},"end":{"line":35,"column":null}},"loc":{"start":{"line":35,"column":0},"end":{"line":38,"column":null}}},"1":{"name":"months","decl":{"start":{"line":39,"column":0},"end":{"line":39,"column":null}},"loc":{"start":{"line":39,"column":0},"end":{"line":41,"column":null}}},"2":{"name":"days","decl":{"start":{"line":42,"column":0},"end":{"line":42,"column":null}},"loc":{"start":{"line":42,"column":0},"end":{"line":44,"column":null}}},"3":{"name":"hours","decl":{"start":{"line":45,"column":0},"end":{"line":45,"column":null}},"loc":{"start":{"line":45,"column":0},"end":{"line":47,"column":null}}},"4":{"name":"minutes","decl":{"start":{"line":48,"column":0},"end":{"line":48,"column":null}},"loc":{"start":{"line":48,"column":0},"end":{"line":50,"column":null}}}},"branchMap":{"0":{"loc":{"start":{"line":36,"column":0},"end":{"line":36,"column":null}},"type":"if","locations":[{"start":{"line":36,"column":0},"end":{"line":36,"column":null}},{"start":{"line":36,"column":0},"end":{"line":36,"column":null}}]}},"s":{"0":0,"1":0,"2":0,"3":0,"4":0,"5":0},"f":{"0":0,"1":0,"2":0,"3":0,"4":0},"b":{"0":[0,0]}}
,"D:\\VScout\\src\\components\\items\\subnet-blockchains.vue": {"path":"D:\\VScout\\src\\components\\items\\subnet-blockchains.vue","statementMap":{"0":{"start":{"line":59,"column":0},"end":{"line":59,"column":null}},"1":{"start":{"line":61,"column":0},"end":{"line":61,"column":null}},"2":{"start":{"line":65,"column":0},"end":{"line":65,"column":null}},"3":{"start":{"line":77,"column":0},"end":{"line":77,"column":null}},"4":{"start":{"line":78,"column":0},"end":{"line":78,"column":null}},"5":{"start":{"line":79,"column":0},"end":{"line":79,"column":null}},"6":{"start":{"line":80,"column":0},"end":{"line":80,"column":null}},"7":{"start":{"line":88,"column":0},"end":{"line":88,"column":null}}},"fnMap":{"0":{"name":"vmID","decl":{"start":{"line":76,"column":0},"end":{"line":76,"column":null}},"loc":{"start":{"line":76,"column":0},"end":{"line":81,"column":null}}},"1":{"name":"onSelectBlockchain","decl":{"start":{"line":87,"column":0},"end":{"line":87,"column":null}},"loc":{"start":{"line":87,"column":0},"end":{"line":89,"column":null}}}},"branchMap":{"0":{"loc":{"start":{"line":77,"column":0},"end":{"line":77,"column":null}},"type":"if","locations":[{"start":{"line":77,"column":0},"end":{"line":77,"column":null}},{"start":{"line":77,"column":0},"end":{"line":77,"column":null}}]},"1":{"loc":{"start":{"line":79,"column":0},"end":{"line":79,"column":null}},"type":"if","locations":[{"start":{"line":79,"column":0},"end":{"line":79,"column":null}},{"start":{"line":79,"column":0},"end":{"line":79,"column":null}}]}},"s":{"0":0,"1":0,"2":0,"3":0,"4":0,"5":0,"6":0,"7":0},"f":{"0":0,"1":0},"b":{"0":[0,0],"1":[0,0]}}
,"D:\\VScout\\src\\components\\panels\\error.vue": {"path":"D:\\VScout\\src\\components\\panels\\error.vue","statementMap":{"0":{"start":{"line":15,"column":0},"end":{"line":15,"column":null}},"1":{"start":{"line":25,"column":0},"end":{"line":25,"column":null}},"2":{"start":{"line":28,"column":0},"end":{"line":32,"column":null}},"3":{"start":{"line":29,"column":0},"end":{"line":29,"column":null}},"4":{"start":{"line":31,"column":0},"end":{"line":31,"column":null}},"5":{"start":{"line":35,"column":0},"end":{"line":43,"column":null}},"6":{"start":{"line":36,"column":0},"end":{"line":36,"column":null}},"7":{"start":{"line":40,"column":0},"end":{"line":40,"column":null}},"8":{"start":{"line":42,"column":0},"end":{"line":42,"column":null}}},"fnMap":{"0":{"name":"nodeHealthInfo","decl":{"start":{"line":24,"column":0},"end":{"line":24,"column":null}},"loc":{"start":{"line":24,"column":0},"end":{"line":26,"column":null}}},"1":{"name":"healthy","decl":{"start":{"line":27,"column":0},"end":{"line":27,"column":null}},"loc":{"start":{"line":27,"column":0},"end":{"line":33,"column":null}}},"2":{"name":"error","decl":{"start":{"line":34,"column":0},"end":{"line":34,"column":null}},"loc":{"start":{"line":34,"column":0},"end":{"line":44,"column":null}}}},"branchMap":{},"s":{"0":0,"1":0,"2":0,"3":0,"4":0,"5":0,"6":0,"7":0,"8":0},"f":{"0":0,"1":0,"2":0},"b":{}}
,"D:\\VScout\\src\\components\\panels\\faqs.vue": {"path":"D:\\VScout\\src\\components\\panels\\faqs.vue","statementMap":{"0":{"start":{"line":33,"column":0},"end":{"line":33,"column":null}}},"fnMap":{"0":{"name":"data","decl":{"start":{"line":32,"column":0},"end":{"line":32,"column":null}},"loc":{"start":{"line":32,"column":0},"end":{"line":87,"column":null}}}},"branchMap":{},"s":{"0":0},"f":{"0":0},"b":{}}
,"D:\\VScout\\src\\components\\panels\\network.vue": {"path":"D:\\VScout\\src\\components\\panels\\network.vue","statementMap":{"0":{"start":{"line":154,"column":0},"end":{"line":154,"column":null}},"1":{"start":{"line":155,"column":0},"end":{"line":155,"column":null}},"2":{"start":{"line":157,"column":0},"end":{"line":157,"column":null}},"3":{"start":{"line":162,"column":0},"end":{"line":162,"column":null}},"4":{"start":{"line":179,"column":0},"end":{"line":179,"column":null}},"5":{"start":{"line":166,"column":0},"end":{"line":166,"column":null}},"6":{"start":{"line":173,"column":0},"end":{"line":173,"column":null}},"7":{"start":{"line":185,"column":0},"end":{"line":185,"column":null}},"8":{"start":{"line":186,"column":0},"end":{"line":186,"column":null}},"9":{"start":{"line":189,"column":0},"end":{"line":189,"column":null}},"10":{"start":{"line":195,"column":0},"end":{"line":195,"column":null}},"11":{"start":{"line":197,"column":0},"end":{"line":197,"column":null}},"12":{"start":{"line":198,"column":0},"end":{"line":198,"column":null}},"13":{"start":{"line":211,"column":0},"end":{"line":211,"column":null}},"14":{"start":{"line":212,"column":0},"end":{"line":212,"column":null}},"15":{"start":{"line":214,"column":0},"end":{"line":214,"column":null}},"16":{"start":{"line":215,"column":0},"end":{"line":215,"column":null}},"17":{"start":{"line":219,"column":0},"end":{"line":219,"column":null}},"18":{"start":{"line":222,"column":0},"end":{"line":222,"column":null}},"19":{"start":{"line":223,"column":0},"end":{"line":225,"column":null}},"20":{"start":{"line":224,"column":0},"end":{"line":224,"column":null}},"21":{"start":{"line":226,"column":0},"end":{"line":226,"column":null}},"22":{"start":{"line":229,"column":0},"end":{"line":230,"column":null}},"23":{"start":{"line":230,"column":0},"end":{"line":230,"column":null}},"24":{"start":{"line":234,"column":0},"end":{"line":237,"column":null}},"25":{"start":{"line":235,"column":0},"end":{"line":235,"column":null}},"26":{"start":{"line":236,"column":0},"end":{"line":236,"column":null}},"27":{"start":{"line":238,"column":0},"end":{"line":238,"column":null}},"28":{"start":{"line":241,"column":0},"end":{"line":241,"column":null}},"29":{"start":{"line":244,"column":0},"end":{"line":244,"column":null}},"30":{"start":{"line":247,"column":0},"end":{"line":247,"column":null}},"31":{"start":{"line":250,"column":0},"end":{"line":250,"column":null}},"32":{"start":{"line":251,"column":0},"end":{"line":251,"column":null}},"33":{"start":{"line":254,"column":0},"end":{"line":254,"column":null}},"34":{"start":{"line":256,"column":0},"end":{"line":256,"column":null}},"35":{"start":{"line":257,"column":0},"end":{"line":257,"column":null}},"36":{"start":{"line":259,"column":0},"end":{"line":259,"column":null}},"37":{"start":{"line":260,"column":0},"end":{"line":260,"column":null}},"38":{"start":{"line":261,"column":0},"end":{"line":265,"column":null}},"39":{"start":{"line":262,"column":0},"end":{"line":262,"column":null}},"40":{"start":{"line":263,"column":0},"end":{"line":263,"column":null}},"41":{"start":{"line":264,"column":0},"end":{"line":264,"column":null}}},"fnMap":{"0":{"name":"TooltipStyle","decl":{"start":{"line":185,"column":0},"end":{"line":185,"column":null}},"loc":{"start":{"line":185,"column":0},"end":{"line":185,"column":null}}},"1":{"name":"AssetInfoDialog","decl":{"start":{"line":186,"column":0},"end":{"line":186,"column":null}},"loc":{"start":{"line":186,"column":0},"end":{"line":186,"column":null}}},"2":{"name":"data","decl":{"start":{"line":188,"column":0},"end":{"line":188,"column":null}},"loc":{"start":{"line":188,"column":0},"end":{"line":194,"column":null}}},"3":{"name":"created","decl":{"start":{"line":195,"column":0},"end":{"line":195,"column":null}},"loc":{"start":{"line":195,"column":0},"end":{"line":199,"column":null}}},"4":{"name":"onSearch","decl":{"start":{"line":211,"column":0},"end":{"line":211,"column":null}},"loc":{"start":{"line":211,"column":0},"end":{"line":227,"column":null}}},"5":{"name":"filter","decl":{"start":{"line":228,"column":0},"end":{"line":228,"column":null}},"loc":{"start":{"line":228,"column":0},"end":{"line":239,"column":null}}},"6":{"name":"(anonymous_18)","decl":{"start":{"line":229,"column":0},"end":{"line":229,"column":null}},"loc":{"start":{"line":229,"column":0},"end":{"line":230,"column":null}}},"7":{"name":"format","decl":{"start":{"line":240,"column":0},"end":{"line":240,"column":null}},"loc":{"start":{"line":240,"column":0},"end":{"line":242,"column":null}}},"8":{"name":"onOpenAssetInfo","decl":{"start":{"line":243,"column":0},"end":{"line":243,"column":null}},"loc":{"start":{"line":243,"column":0},"end":{"line":245,"column":null}}},"9":{"name":"getColor","decl":{"start":{"line":246,"column":0},"end":{"line":246,"column":null}},"loc":{"start":{"line":246,"column":0},"end":{"line":248,"column":null}}},"10":{"name":"getStatusInfo","decl":{"start":{"line":249,"column":0},"end":{"line":249,"column":null}},"loc":{"start":{"line":249,"column":0},"end":{"line":252,"column":null}}},"11":{"name":"goToDoc","decl":{"start":{"line":253,"column":0},"end":{"line":253,"column":null}},"loc":{"start":{"line":253,"column":0},"end":{"line":255,"column":null}}},"12":{"name":"onLoad","decl":{"start":{"line":256,"column":0},"end":{"line":256,"column":null}},"loc":{"start":{"line":256,"column":0},"end":{"line":266,"column":null}}}},"branchMap":{"0":{"loc":{"start":{"line":195,"column":0},"end":{"line":195,"column":null}},"type":"switch","locations":[{"start":{"line":195,"column":0},"end":{"line":195,"column":null}},{"start":{"line":195,"column":0},"end":{"line":195,"column":null}},{"start":{"line":195,"column":0},"end":{"line":198,"column":null}},{"start":{"line":195,"column":0},"end":{"line":195,"column":null}},{"start":{"line":195,"column":0},"end":{"line":195,"column":null}}]},"1":{"loc":{"start":{"line":195,"column":0},"end":{"line":195,"column":null}},"type":"if","locations":[{"start":{"line":195,"column":0},"end":{"line":195,"column":null}},{"start":{"line":195,"column":0},"end":{"line":195,"column":null}}]},"2":{"loc":{"start":{"line":211,"column":0},"end":{"line":211,"column":null}},"type":"switch","locations":[{"start":{"line":211,"column":0},"end":{"line":211,"column":null}},{"start":{"line":211,"column":0},"end":{"line":211,"column":null}},{"start":{"line":211,"column":0},"end":{"line":211,"column":null}},{"start":{"line":211,"column":0},"end":{"line":211,"column":null}},{"start":{"line":211,"column":0},"end":{"line":226,"column":null}},{"start":{"line":211,"column":0},"end":{"line":211,"column":null}},{"start":{"line":211,"column":0},"end":{"line":211,"column":null}}]},"3":{"loc":{"start":{"line":211,"column":0},"end":{"line":211,"column":null}},"type":"if","locations":[{"start":{"line":211,"column":0},"end":{"line":211,"column":null}},{"start":{"line":211,"column":0},"end":{"line":211,"column":null}}]},"4":{"loc":{"start":{"line":223,"column":0},"end":{"line":225,"column":null}},"type":"if","locations":[{"start":{"line":223,"column":0},"end":{"line":225,"column":null}},{"start":{"line":223,"column":0},"end":{"line":225,"column":null}}]},"5":{"loc":{"start":{"line":223,"column":0},"end":{"line":223,"column":null}},"type":"binary-expr","locations":[{"start":{"line":223,"column":0},"end":{"line":223,"column":null}},{"start":{"line":223,"column":0},"end":{"line":223,"column":null}}]},"6":{"loc":{"start":{"line":230,"column":0},"end":{"line":230,"column":null}},"type":"binary-expr","locations":[{"start":{"line":230,"column":0},"end":{"line":230,"column":null}},{"start":{"line":230,"column":0},"end":{"line":230,"column":null}},{"start":{"line":230,"column":0},"end":{"line":230,"column":null}}]},"7":{"loc":{"start":{"line":234,"column":0},"end":{"line":237,"column":null}},"type":"if","locations":[{"start":{"line":234,"column":0},"end":{"line":237,"column":null}},{"start":{"line":234,"column":0},"end":{"line":237,"column":null}}]},"8":{"loc":{"start":{"line":250,"column":0},"end":{"line":250,"column":null}},"type":"if","locations":[{"start":{"line":250,"column":0},"end":{"line":250,"column":null}},{"start":{"line":250,"column":0},"end":{"line":250,"column":null}}]},"9":{"loc":{"start":{"line":256,"column":0},"end":{"line":256,"column":null}},"type":"switch","locations":[{"start":{"line":256,"column":0},"end":{"line":256,"column":null}},{"start":{"line":256,"column":0},"end":{"line":265,"column":null}},{"start":{"line":256,"column":0},"end":{"line":256,"column":null}},{"start":{"line":256,"column":0},"end":{"line":256,"column":null}}]},"10":{"loc":{"start":{"line":257,"column":0},"end":{"line":257,"column":null}},"type":"if","locations":[{"start":{"line":257,"column":0},"end":{"line":257,"column":null}},{"start":{"line":257,"column":0},"end":{"line":257,"column":null}}]},"11":{"loc":{"start":{"line":261,"column":0},"end":{"line":265,"column":null}},"type":"if","locations":[{"start":{"line":261,"column":0},"end":{"line":265,"column":null}},{"start":{"line":261,"column":0},"end":{"line":265,"column":null}}]},"12":{"loc":{"start":{"line":263,"column":0},"end":{"line":263,"column":null}},"type":"if","locations":[{"start":{"line":263,"column":0},"end":{"line":263,"column":null}},{"start":{"line":263,"column":0},"end":{"line":263,"column":null}}]}},"s":{"0":0,"1":0,"2":0,"3":0,"4":0,"5":0,"6":0,"7":0,"8":0,"9":0,"10":0,"11":0,"12":0,"13":0,"14":0,"15":0,"16":0,"17":0,"18":0,"19":0,"20":0,"21":0,"22":0,"23":0,"24":0,"25":0,"26":0,"27":0,"28":0,"29":0,"30":0,"31":0,"32":0,"33":0,"34":0,"35":0,"36":0,"37":0,"38":0,"39":0,"40":0,"41":0},"f":{"0":0,"1":0,"2":0,"3":0,"4":0,"5":0,"6":0,"7":0,"8":0,"9":0,"10":0,"11":0,"12":0},"b":{"0":[0,0,0,0,0],"1":[0,0],"2":[0,0,0,0,0,0,0],"3":[0,0],"4":[0,0],"5":[0,0],"6":[0,0,0],"7":[0,0],"8":[0,0],"9":[0,0,0,0],"10":[0,0],"11":[0,0],"12":[0,0]}}
,"D:\\VScout\\src\\components\\panels\\node.vue": {"path":"D:\\VScout\\src\\components\\panels\\node.vue","statementMap":{"0":{"start":{"line":126,"column":0},"end":{"line":126,"column":null}},"1":{"start":{"line":128,"column":0},"end":{"line":128,"column":null}},"2":{"start":{"line":130,"column":0},"end":{"line":130,"column":null}},"3":{"start":{"line":134,"column":0},"end":{"line":134,"column":null}},"4":{"start":{"line":139,"column":0},"end":{"line":139,"column":null}},"5":{"start":{"line":140,"column":0},"end":{"line":140,"column":null}},"6":{"start":{"line":144,"column":0},"end":{"line":144,"column":null}},"7":{"start":{"line":150,"column":0},"end":{"line":150,"column":null}},"8":{"start":{"line":154,"column":0},"end":{"line":154,"column":null}},"9":{"start":{"line":155,"column":0},"end":{"line":155,"column":null}},"10":{"start":{"line":169,"column":0},"end":{"line":169,"column":null}},"11":{"start":{"line":172,"column":0},"end":{"line":176,"column":null}},"12":{"start":{"line":173,"column":0},"end":{"line":173,"column":null}},"13":{"start":{"line":175,"column":0},"end":{"line":175,"column":null}},"14":{"start":{"line":179,"column":0},"end":{"line":179,"column":null}},"15":{"start":{"line":180,"column":0},"end":{"line":180,"column":null}},"16":{"start":{"line":183,"column":0},"end":{"line":183,"column":null}},"17":{"start":{"line":184,"column":0},"end":{"line":184,"column":null}},"18":{"start":{"line":189,"column":0},"end":{"line":189,"column":null}},"19":{"start":{"line":191,"column":0},"end":{"line":191,"column":null}},"20":{"start":{"line":192,"column":0},"end":{"line":192,"column":null}},"21":{"start":{"line":193,"column":0},"end":{"line":195,"column":null}},"22":{"start":{"line":195,"column":0},"end":{"line":195,"column":null}},"23":{"start":{"line":196,"column":0},"end":{"line":196,"column":null}},"24":{"start":{"line":198,"column":0},"end":{"line":198,"column":null}},"25":{"start":{"line":199,"column":0},"end":{"line":204,"column":null}},"26":{"start":{"line":200,"column":0},"end":{"line":203,"column":null}},"27":{"start":{"line":201,"column":0},"end":{"line":201,"column":null}},"28":{"start":{"line":202,"column":0},"end":{"line":202,"column":null}},"29":{"start":{"line":207,"column":0},"end":{"line":207,"column":null}},"30":{"start":{"line":210,"column":0},"end":{"line":210,"column":null}},"31":{"start":{"line":213,"column":0},"end":{"line":213,"column":null}}},"fnMap":{"0":{"name":"TooltipStyle","decl":{"start":{"line":139,"column":0},"end":{"line":139,"column":null}},"loc":{"start":{"line":139,"column":0},"end":{"line":139,"column":null}}},"1":{"name":"NodeHealthDialog","decl":{"start":{"line":140,"column":0},"end":{"line":140,"column":null}},"loc":{"start":{"line":140,"column":0},"end":{"line":140,"column":null}}},"2":{"name":"data","decl":{"start":{"line":143,"column":0},"end":{"line":143,"column":null}},"loc":{"start":{"line":143,"column":0},"end":{"line":148,"column":null}}},"3":{"name":"created","decl":{"start":{"line":149,"column":0},"end":{"line":149,"column":null}},"loc":{"start":{"line":149,"column":0},"end":{"line":151,"column":null}}},"4":{"name":"filter","decl":{"start":{"line":153,"column":0},"end":{"line":153,"column":null}},"loc":{"start":{"line":153,"column":0},"end":{"line":156,"column":null}}},"5":{"name":"nodeHealthInfo","decl":{"start":{"line":168,"column":0},"end":{"line":168,"column":null}},"loc":{"start":{"line":168,"column":0},"end":{"line":170,"column":null}}},"6":{"name":"healthy","decl":{"start":{"line":171,"column":0},"end":{"line":171,"column":null}},"loc":{"start":{"line":171,"column":0},"end":{"line":177,"column":null}}},"7":{"name":"color","decl":{"start":{"line":178,"column":0},"end":{"line":178,"column":null}},"loc":{"start":{"line":178,"column":0},"end":{"line":181,"column":null}}},"8":{"name":"formatNodeID","decl":{"start":{"line":182,"column":0},"end":{"line":182,"column":null}},"loc":{"start":{"line":182,"column":0},"end":{"line":185,"column":null}}},"9":{"name":"format","decl":{"start":{"line":188,"column":0},"end":{"line":188,"column":null}},"loc":{"start":{"line":188,"column":0},"end":{"line":190,"column":null}}},"10":{"name":"filterPeers","decl":{"start":{"line":191,"column":0},"end":{"line":191,"column":null}},"loc":{"start":{"line":191,"column":0},"end":{"line":197,"column":null}}},"11":{"name":"(anonymous_19)","decl":{"start":{"line":193,"column":0},"end":{"line":193,"column":null}},"loc":{"start":{"line":193,"column":0},"end":{"line":195,"column":null}}},"12":{"name":"onLoad","decl":{"start":{"line":198,"column":0},"end":{"line":198,"column":null}},"loc":{"start":{"line":198,"column":0},"end":{"line":205,"column":null}}},"13":{"name":"(anonymous_21)","decl":{"start":{"line":199,"column":0},"end":{"line":199,"column":null}},"loc":{"start":{"line":199,"column":0},"end":{"line":204,"column":null}}},"14":{"name":"dateFormat","decl":{"start":{"line":206,"column":0},"end":{"line":206,"column":null}},"loc":{"start":{"line":206,"column":0},"end":{"line":208,"column":null}}},"15":{"name":"copyToClipboard","decl":{"start":{"line":209,"column":0},"end":{"line":209,"column":null}},"loc":{"start":{"line":209,"column":0},"end":{"line":211,"column":null}}},"16":{"name":"onOpenHealth","decl":{"start":{"line":212,"column":0},"end":{"line":212,"column":null}},"loc":{"start":{"line":212,"column":0},"end":{"line":214,"column":null}}}},"branchMap":{"0":{"loc":{"start":{"line":179,"column":0},"end":{"line":179,"column":null}},"type":"if","locations":[{"start":{"line":179,"column":0},"end":{"line":179,"column":null}},{"start":{"line":179,"column":0},"end":{"line":179,"column":null}}]},"1":{"loc":{"start":{"line":183,"column":0},"end":{"line":183,"column":null}},"type":"if","locations":[{"start":{"line":183,"column":0},"end":{"line":183,"column":null}},{"start":{"line":183,"column":0},"end":{"line":183,"column":null}}]},"2":{"loc":{"start":{"line":192,"column":0},"end":{"line":192,"column":null}},"type":"if","locations":[{"start":{"line":192,"column":0},"end":{"line":192,"column":null}},{"start":{"line":192,"column":0},"end":{"line":192,"column":null}}]},"3":{"loc":{"start":{"line":195,"column":0},"end":{"line":195,"column":null}},"type":"binary-expr","locations":[{"start":{"line":195,"column":0},"end":{"line":195,"column":null}},{"start":{"line":195,"column":0},"end":{"line":195,"column":null}}]},"4":{"loc":{"start":{"line":200,"column":0},"end":{"line":203,"column":null}},"type":"if","locations":[{"start":{"line":200,"column":0},"end":{"line":203,"column":null}},{"start":{"line":200,"column":0},"end":{"line":203,"column":null}}]}},"s":{"0":0,"1":0,"2":0,"3":0,"4":0,"5":0,"6":0,"7":0,"8":0,"9":0,"10":0,"11":0,"12":0,"13":0,"14":0,"15":0,"16":0,"17":0,"18":0,"19":0,"20":0,"21":0,"22":0,"23":0,"24":0,"25":0,"26":0,"27":0,"28":0,"29":0,"30":0,"31":0},"f":{"0":0,"1":0,"2":0,"3":0,"4":0,"5":0,"6":0,"7":0,"8":0,"9":0,"10":0,"11":0,"12":0,"13":0,"14":0,"15":0,"16":0},"b":{"0":[0,0],"1":[0,0],"2":[0,0],"3":[0,0],"4":[0,0]}}
,"D:\\VScout\\src\\components\\panels\\settings.vue": {"path":"D:\\VScout\\src\\components\\panels\\settings.vue","statementMap":{"0":{"start":{"line":59,"column":0},"end":{"line":59,"column":null}},"1":{"start":{"line":60,"column":0},"end":{"line":60,"column":null}},"2":{"start":{"line":61,"column":0},"end":{"line":61,"column":null}}},"fnMap":{"0":{"name":"ListSubnets","decl":{"start":{"line":59,"column":0},"end":{"line":59,"column":null}},"loc":{"start":{"line":59,"column":0},"end":{"line":59,"column":null}}},"1":{"name":"SwitchEndpoint","decl":{"start":{"line":60,"column":0},"end":{"line":60,"column":null}},"loc":{"start":{"line":60,"column":0},"end":{"line":60,"column":null}}},"2":{"name":"ListBlockchains","decl":{"start":{"line":61,"column":0},"end":{"line":61,"column":null}},"loc":{"start":{"line":61,"column":0},"end":{"line":61,"column":null}}}},"branchMap":{},"s":{"0":0,"1":0,"2":0},"f":{"0":0,"1":0,"2":0},"b":{}}
,"D:\\VScout\\src\\components\\panels\\stake.vue": {"path":"D:\\VScout\\src\\components\\panels\\stake.vue","statementMap":{"0":{"start":{"line":100,"column":0},"end":{"line":100,"column":null}},"1":{"start":{"line":101,"column":0},"end":{"line":101,"column":null}},"2":{"start":{"line":102,"column":0},"end":{"line":102,"column":null}},"3":{"start":{"line":103,"column":0},"end":{"line":103,"column":null}},"4":{"start":{"line":122,"column":0},"end":{"line":122,"column":null}},"5":{"start":{"line":123,"column":0},"end":{"line":123,"column":null}},"6":{"start":{"line":124,"column":0},"end":{"line":124,"column":null}},"7":{"start":{"line":125,"column":0},"end":{"line":125,"column":null}},"8":{"start":{"line":128,"column":0},"end":{"line":128,"column":null}},"9":{"start":{"line":129,"column":0},"end":{"line":129,"column":null}},"10":{"start":{"line":130,"column":0},"end":{"line":130,"column":null}},"11":{"start":{"line":131,"column":0},"end":{"line":131,"column":null}},"12":{"start":{"line":134,"column":0},"end":{"line":134,"column":null}},"13":{"start":{"line":135,"column":0},"end":{"line":135,"column":null}},"14":{"start":{"line":136,"column":0},"end":{"line":136,"column":null}},"15":{"start":{"line":137,"column":0},"end":{"line":137,"column":null}},"16":{"start":{"line":142,"column":0},"end":{"line":142,"column":null}},"17":{"start":{"line":143,"column":0},"end":{"line":143,"column":null}},"18":{"start":{"line":146,"column":0},"end":{"line":146,"column":null}},"19":{"start":{"line":148,"column":0},"end":{"line":148,"column":null}}},"fnMap":{"0":{"name":"delStake","decl":{"start":{"line":121,"column":0},"end":{"line":121,"column":null}},"loc":{"start":{"line":121,"column":0},"end":{"line":126,"column":null}}},"1":{"name":"allStake","decl":{"start":{"line":127,"column":0},"end":{"line":127,"column":null}},"loc":{"start":{"line":127,"column":0},"end":{"line":132,"column":null}}},"2":{"name":"valStake","decl":{"start":{"line":133,"column":0},"end":{"line":133,"column":null}},"loc":{"start":{"line":133,"column":0},"end":{"line":138,"column":null}}},"3":{"name":"format","decl":{"start":{"line":141,"column":0},"end":{"line":141,"column":null}},"loc":{"start":{"line":141,"column":0},"end":{"line":144,"column":null}}},"4":{"name":"formatToAvax","decl":{"start":{"line":145,"column":0},"end":{"line":145,"column":null}},"loc":{"start":{"line":145,"column":0},"end":{"line":149,"column":null}}}},"branchMap":{"0":{"loc":{"start":{"line":122,"column":0},"end":{"line":122,"column":null}},"type":"if","locations":[{"start":{"line":122,"column":0},"end":{"line":122,"column":null}},{"start":{"line":122,"column":0},"end":{"line":122,"column":null}}]},"1":{"loc":{"start":{"line":128,"column":0},"end":{"line":128,"column":null}},"type":"if","locations":[{"start":{"line":128,"column":0},"end":{"line":128,"column":null}},{"start":{"line":128,"column":0},"end":{"line":128,"column":null}}]},"2":{"loc":{"start":{"line":134,"column":0},"end":{"line":134,"column":null}},"type":"if","locations":[{"start":{"line":134,"column":0},"end":{"line":134,"column":null}},{"start":{"line":134,"column":0},"end":{"line":134,"column":null}}]},"3":{"loc":{"start":{"line":142,"column":0},"end":{"line":142,"column":null}},"type":"if","locations":[{"start":{"line":142,"column":0},"end":{"line":142,"column":null}},{"start":{"line":142,"column":0},"end":{"line":142,"column":null}}]},"4":{"loc":{"start":{"line":146,"column":0},"end":{"line":146,"column":null}},"type":"if","locations":[{"start":{"line":146,"column":0},"end":{"line":146,"column":null}},{"start":{"line":146,"column":0},"end":{"line":146,"column":null}}]}},"s":{"0":0,"1":0,"2":0,"3":0,"4":0,"5":0,"6":0,"7":0,"8":0,"9":0,"10":0,"11":0,"12":0,"13":0,"14":0,"15":0,"16":0,"17":0,"18":0,"19":0},"f":{"0":0,"1":0,"2":0,"3":0,"4":0},"b":{"0":[0,0],"1":[0,0],"2":[0,0],"3":[0,0],"4":[0,0]}}
,"D:\\VScout\\src\\components\\panels\\table-delegators.vue": {"path":"D:\\VScout\\src\\components\\panels\\table-delegators.vue","statementMap":{"0":{"start":{"line":138,"column":0},"end":{"line":138,"column":null}},"1":{"start":{"line":140,"column":0},"end":{"line":140,"column":null}},"2":{"start":{"line":144,"column":0},"end":{"line":144,"column":null}},"3":{"start":{"line":145,"column":0},"end":{"line":145,"column":null}},"4":{"start":{"line":146,"column":0},"end":{"line":146,"column":null}},"5":{"start":{"line":148,"column":0},"end":{"line":148,"column":null}},"6":{"start":{"line":150,"column":0},"end":{"line":150,"column":null}},"7":{"start":{"line":155,"column":0},"end":{"line":155,"column":null}},"8":{"start":{"line":156,"column":0},"end":{"line":156,"column":null}},"9":{"start":{"line":161,"column":0},"end":{"line":161,"column":null}},"10":{"start":{"line":165,"column":0},"end":{"line":165,"column":null}},"11":{"start":{"line":166,"column":0},"end":{"line":166,"column":null}},"12":{"start":{"line":181,"column":0},"end":{"line":181,"column":null}},"13":{"start":{"line":188,"column":0},"end":{"line":188,"column":null}},"14":{"start":{"line":195,"column":0},"end":{"line":195,"column":null}},"15":{"start":{"line":203,"column":0},"end":{"line":203,"column":null}},"16":{"start":{"line":204,"column":0},"end":{"line":204,"column":null}},"17":{"start":{"line":212,"column":0},"end":{"line":212,"column":null}},"18":{"start":{"line":213,"column":0},"end":{"line":213,"column":null}},"19":{"start":{"line":221,"column":0},"end":{"line":221,"column":null}},"20":{"start":{"line":222,"column":0},"end":{"line":222,"column":null}},"21":{"start":{"line":231,"column":0},"end":{"line":231,"column":null}},"22":{"start":{"line":232,"column":0},"end":{"line":232,"column":null}},"23":{"start":{"line":257,"column":0},"end":{"line":257,"column":null}},"24":{"start":{"line":258,"column":0},"end":{"line":258,"column":null}},"25":{"start":{"line":261,"column":0},"end":{"line":261,"column":null}},"26":{"start":{"line":262,"column":0},"end":{"line":268,"column":null}},"27":{"start":{"line":262,"column":0},"end":{"line":262,"column":null}},"28":{"start":{"line":263,"column":0},"end":{"line":264,"column":null}},"29":{"start":{"line":264,"column":0},"end":{"line":264,"column":null}},"30":{"start":{"line":269,"column":0},"end":{"line":269,"column":null}},"31":{"start":{"line":274,"column":0},"end":{"line":274,"column":null}},"32":{"start":{"line":275,"column":0},"end":{"line":275,"column":null}},"33":{"start":{"line":278,"column":0},"end":{"line":278,"column":null}},"34":{"start":{"line":280,"column":0},"end":{"line":280,"column":null}},"35":{"start":{"line":281,"column":0},"end":{"line":281,"column":null}},"36":{"start":{"line":289,"column":0},"end":{"line":289,"column":null}},"37":{"start":{"line":290,"column":0},"end":{"line":290,"column":null}},"38":{"start":{"line":291,"column":0},"end":{"line":291,"column":null}},"39":{"start":{"line":292,"column":0},"end":{"line":292,"column":null}},"40":{"start":{"line":294,"column":0},"end":{"line":294,"column":null}},"41":{"start":{"line":295,"column":0},"end":{"line":295,"column":null}},"42":{"start":{"line":298,"column":0},"end":{"line":298,"column":null}},"43":{"start":{"line":302,"column":0},"end":{"line":302,"column":null}},"44":{"start":{"line":309,"column":0},"end":{"line":309,"column":null}},"45":{"start":{"line":310,"column":0},"end":{"line":310,"column":null}},"46":{"start":{"line":311,"column":0},"end":{"line":311,"column":null}},"47":{"start":{"line":315,"column":0},"end":{"line":315,"column":null}},"48":{"start":{"line":316,"column":0},"end":{"line":316,"column":null}}},"fnMap":{"0":{"name":"DetailsDelegator","decl":{"start":{"line":155,"column":0},"end":{"line":155,"column":null}},"loc":{"start":{"line":155,"column":0},"end":{"line":155,"column":null}}},"1":{"name":"TooltipStyle","decl":{"start":{"line":156,"column":0},"end":{"line":156,"column":null}},"loc":{"start":{"line":156,"column":0},"end":{"line":156,"column":null}}},"2":{"name":"isNotSticky","decl":{"start":{"line":160,"column":0},"end":{"line":160,"column":null}},"loc":{"start":{"line":160,"column":0},"end":{"line":163,"column":null}}},"3":{"name":"data","decl":{"start":{"line":165,"column":0},"end":{"line":165,"column":null}},"loc":{"start":{"line":165,"column":0},"end":{"line":249,"column":null}}},"4":{"name":"field","decl":{"start":{"line":181,"column":0},"end":{"line":181,"column":null}},"loc":{"start":{"line":181,"column":0},"end":{"line":181,"column":null}}},"5":{"name":"field","decl":{"start":{"line":188,"column":0},"end":{"line":188,"column":null}},"loc":{"start":{"line":188,"column":0},"end":{"line":188,"column":null}}},"6":{"name":"field","decl":{"start":{"line":195,"column":0},"end":{"line":195,"column":null}},"loc":{"start":{"line":195,"column":0},"end":{"line":195,"column":null}}},"7":{"name":"field","decl":{"start":{"line":203,"column":0},"end":{"line":203,"column":null}},"loc":{"start":{"line":203,"column":0},"end":{"line":203,"column":null}}},"8":{"name":"format","decl":{"start":{"line":204,"column":0},"end":{"line":204,"column":null}},"loc":{"start":{"line":204,"column":0},"end":{"line":204,"column":null}}},"9":{"name":"field","decl":{"start":{"line":212,"column":0},"end":{"line":212,"column":null}},"loc":{"start":{"line":212,"column":0},"end":{"line":212,"column":null}}},"10":{"name":"format","decl":{"start":{"line":213,"column":0},"end":{"line":213,"column":null}},"loc":{"start":{"line":213,"column":0},"end":{"line":213,"column":null}}},"11":{"name":"field","decl":{"start":{"line":221,"column":0},"end":{"line":221,"column":null}},"loc":{"start":{"line":221,"column":0},"end":{"line":221,"column":null}}},"12":{"name":"format","decl":{"start":{"line":222,"column":0},"end":{"line":222,"column":null}},"loc":{"start":{"line":222,"column":0},"end":{"line":222,"column":null}}},"13":{"name":"field","decl":{"start":{"line":231,"column":0},"end":{"line":231,"column":null}},"loc":{"start":{"line":231,"column":0},"end":{"line":231,"column":null}}},"14":{"name":"format","decl":{"start":{"line":232,"column":0},"end":{"line":232,"column":null}}
[...]
tart":{"line":292,"column":8},"end":{"line":293,"column":63}},"type":"if","locations":[{"start":{"line":292,"column":8},"end":{"line":293,"column":63}},{"start":{"line":292,"column":8},"end":{"line":293,"column":63}}],"line":292}},"s":{"0":8,"1":2,"2":6,"3":1,"4":5,"5":9,"6":5,"7":5,"8":10,"9":9,"10":1,"11":8,"12":1,"13":7,"14":8,"15":2,"16":0,"17":0,"18":0,"19":9,"20":9,"21":0,"22":0,"23":0,"24":0,"25":0,"26":0,"27":0,"28":0,"29":0,"30":0,"31":1,"32":1,"33":3,"34":6,"35":6,"36":6,"37":6,"38":6,"39":6,"40":6,"41":6,"42":6,"43":6,"44":6,"45":6,"46":6,"47":6,"48":6,"49":6,"50":6,"51":6,"52":6,"53":6,"54":6,"55":6,"56":6,"57":6,"58":6,"59":6,"60":6,"61":6,"62":6,"63":6,"64":6,"65":6,"66":6,"67":6,"68":6,"69":6,"70":6,"71":6,"72":6,"73":6,"74":6,"75":6,"76":6,"77":6,"78":6,"79":6,"80":6,"81":6,"82":6,"83":6,"84":6,"85":6,"86":6,"87":6,"88":6,"89":6,"90":6,"91":6,"92":6,"93":6,"94":6,"95":6,"96":6,"97":6,"98":6,"99":6,"100":6,"101":6,"102":6,"103":6,"104":6,"105":6,"106":6,"107":6,"108":6,"109":6,"110":6,"111":6,"112":6,"113":6,"114":6,"115":384,"116":96,"117":96,"118":96,"119":96,"120":0,"121":0,"122":0,"123":0,"124":0,"125":0,"126":0,"127":0,"128":0,"129":0,"130":0,"131":1560,"132":1560,"133":1560,"134":384,"135":6,"136":6,"137":6,"138":6,"139":6,"140":240,"141":6,"142":0,"143":0,"144":0,"145":0,"146":0,"147":0,"148":0,"149":6,"150":6,"151":6,"152":6,"153":96,"154":6,"155":0,"156":0,"157":0,"158":0,"159":0,"160":0,"161":0,"162":0,"163":0,"164":0,"165":0,"166":9,"167":6,"168":0,"169":0,"170":0,"171":0,"172":0,"173":0,"174":6,"175":6,"176":6},"f":{"0":8,"1":9,"2":10,"3":9,"4":0,"5":0,"6":9,"7":0,"8":0,"9":0,"10":0,"11":0,"12":0,"13":0,"14":1,"15":9,"16":6,"17":384,"18":96,"19":96,"20":96,"21":96,"22":0,"23":1560,"24":384,"25":6,"26":0,"27":6,"28":0,"29":6,"30":0,"31":0,"32":0,"33":0,"34":0,"35":0,"36":6},"b":{"0":[2,6],"1":[1,5],"2":[6,5],"3":[9,2],"4":[1,8],"5":[9,1],"6":[1,7],"7":[8,1],"8":[0,0],"9":[9,0],"10":[0,0],"11":[0,0],"12":[0,0],"13":[0,6],"14":[0,0]},"_coverageSchema":"1a1c01bbd47fc00a2c39e90264f33305004495a9","hash":"77442e725594222255338db1b4d719e4e7c32831"}}
,"D:\\VScout\\src\\utils\\constants.js": {"data":{"path":"D:\\VScout\\src\\utils\\constants.js","statementMap":{"0":{"start":{"line":1,"column":17},"end":{"line":33,"column":1}},"1":{"start":{"line":5,"column":22},"end":{"line":5,"column":38}},"2":{"start":{"line":6,"column":32},"end":{"line":6,"column":70}},"3":{"start":{"line":36,"column":24},"end":{"line":36,"column":25}},"4":{"start":{"line":37,"column":25},"end":{"line":37,"column":40}},"5":{"start":{"line":38,"column":25},"end":{"line":38,"column":56}},"6":{"start":{"line":39,"column":25},"end":{"line":39,"column":41}},"7":{"start":{"line":40,"column":20},"end":{"line":40,"column":36}},"8":{"start":{"line":41,"column":24},"end":{"line":41,"column":35}},"9":{"start":{"line":42,"column":24},"end":{"line":42,"column":39}},"10":{"start":{"line":45,"column":25},"end":{"line":45,"column":39}},"11":{"start":{"line":48,"column":40},"end":{"line":48,"column":45}},"12":{"start":{"line":52,"column":34},"end":{"line":52,"column":40}},"13":{"start":{"line":54,"column":34},"end":{"line":54,"column":41}},"14":{"start":{"line":58,"column":38},"end":{"line":58,"column":51}},"15":{"start":{"line":61,"column":29},"end":{"line":61,"column":63}},"16":{"start":{"line":61,"column":44},"end":{"line":61,"column":63}},"17":{"start":{"line":63,"column":22},"end":{"line":88,"column":1}}},"fnMap":{"0":{"name":"(anonymous_0)","decl":{"start":{"line":5,"column":14},"end":{"line":5,"column":15}},"loc":{"start":{"line":5,"column":22},"end":{"line":5,"column":38}},"line":5},"1":{"name":"(anonymous_1)","decl":{"start":{"line":6,"column":20},"end":{"line":6,"column":21}},"loc":{"start":{"line":6,"column":32},"end":{"line":6,"column":70}},"line":6},"2":{"name":"(anonymous_2)","decl":{"start":{"line":61,"column":29},"end":{"line":61,"column":30}},"loc":{"start":{"line":61,"column":44},"end":{"line":61,"column":63}},"line":61}},"branchMap":{},"s":{"0":0,"1":0,"2":0,"3":0,"4":0,"5":0,"6":0,"7":0,"8":0,"9":0,"10":0,"11":0,"12":0,"13":0,"14":0,"15":0,"16":0,"17":0},"f":{"0":0,"1":0,"2":0},"b":{}}}
,"D:\\VScout\\src\\utils\\stake.js": {"data":{"path":"D:\\VScout\\src\\utils\\stake.js","statementMap":{"0":{"start":{"line":1,"column":18},"end":{"line":1,"column":41}},"1":{"start":{"line":3,"column":17},"end":{"line":3,"column":18}},"2":{"start":{"line":5,"column":36},"end":{"line":16,"column":1}},"3":{"start":{"line":6,"column":19},"end":{"line":6,"column":45}},"4":{"start":{"line":7,"column":24},"end":{"line":7,"column":58}},"5":{"start":{"line":9,"column":19},"end":{"line":9,"column":37}},"6":{"start":{"line":10,"column":19},"end":{"line":10,"column":57}},"7":{"start":{"line":12,"column":28},"end":{"line":13,"column":20}},"8":{"start":{"line":15,"column":2},"end":{"line":15,"column":37}},"9":{"start":{"line":20,"column":27},"end":{"line":20,"column":58}},"10":{"start":{"line":23,"column":19},"end":{"line":23,"column":62}},"11":{"start":{"line":24,"column":22},"end":{"line":24,"column":61}},"12":{"start":{"line":26,"column":2},"end":{"line":26,"column":63}},"13":{"start":{"line":26,"column":40},"end":{"line":26,"column":63}},"14":{"start":{"line":28,"column":2},"end":{"line":28,"column":20}}},"fnMap":{"0":{"name":"(anonymous_0)","decl":{"start":{"line":5,"column":36},"end":{"line":5,"column":37}},"loc":{"start":{"line":5,"column":74},"end":{"line":16,"column":1}},"line":5},"1":{"name":"maxStake","decl":{"start":{"line":18,"column":9},"end":{"line":18,"column":17}},"loc":{"start":{"line":18,"column":29},"end":{"line":29,"column":1}},"line":18}},"branchMap":{"0":{"loc":{"start":{"line":26,"column":2},"end":{"line":26,"column":63}},"type":"if","locations":[{"start":{"line":26,"column":2},"end":{"line":26,"column":63}},{"start":{"line":26,"column":2},"end":{"line":26,"column":63}}],"line":26}},"s":{"0":1,"1":1,"2":1,"3":6,"4":6,"5":6,"6":6,"7":6,"8":6,"9":6,"10":6,"11":6,"12":6,"13":6,"14":0},"f":{"0":6,"1":6},"b":{"0":[6,0]},"_coverageSchema":"1a1c01bbd47fc00a2c39e90264f33305004495a9","hash":"84c1d1aa367e4b5a69b5148baeaf66a9264c013b"}}
,"D:\\VScout\\src\\utils\\validators.js": {"data":{"path":"D:\\VScout\\src\\utils\\validators.js","statementMap":{"0":{"start":{"line":1,"column":18},"end":{"line":1,"column":41}},"1":{"start":{"line":14,"column":2},"end":{"line":19,"column":3}},"2":{"start":{"line":14,"column":19},"end":{"line":19,"column":3}},"3":{"start":{"line":25,"column":6},"end":{"line":25,"column":71}},"4":{"start":{"line":28,"column":19},"end":{"line":29,"column":40}},"5":{"start":{"line":32,"column":25},"end":{"line":35,"column":4}},"6":{"start":{"line":33,"column":4},"end":{"line":33,"column":56}},"7":{"start":{"line":34,"column":4},"end":{"line":34,"column":12}},"8":{"start":{"line":49,"column":2},"end":{"line":49,"column":51}},"9":{"start":{"line":52,"column":17},"end":{"line":57,"column":4}},"10":{"start":{"line":53,"column":4},"end":{"line":53,"column":18}},"11":{"start":{"line":54,"column":30},"end":{"line":54,"column":62}},"12":{"start":{"line":55,"column":4},"end":{"line":55,"column":58}},"13":{"start":{"line":56,"column":4},"end":{"line":56,"column":12}},"14":{"start":{"line":59,"column":2},"end":{"line":64,"column":3}},"15":{"start":{"line":68,"column":14},"end":{"line":68,"column":40}},"16":{"start":{"line":68,"column":26},"end":{"line":68,"column":38}},"17":{"start":{"line":69,"column":23},"end":{"line":69,"column":86}},"18":{"start":{"line":70,"column":15},"end":{"line":73,"column":3}},"19":{"start":{"line":75,"column":2},"end":{"line":75,"column":33}},"20":{"start":{"line":79,"column":23},"end":{"line":79,"column":39}},"21":{"start":{"line":80,"column":23},"end":{"line":80,"column":39}},"22":{"start":{"line":82,"column":24},"end":{"line":135,"column":4}},"23":{"start":{"line":84,"column":4},"end":{"line":84,"column":67}},"24":{"start":{"line":86,"column":4},"end":{"line":86,"column":50}},"25":{"start":{"line":86,"column":28},"end":{"line":86,"column":50}},"26":{"start":{"line":87,"column":29},"end":{"line":88,"column":41}},"27":{"start":{"line":88,"column":17},"end":{"line":88,"column":40}},"28":{"start":{"line":91,"column":4},"end":{"line":95,"column":5}},"29":{"start":{"line":92,"column":19},"end":{"line":92,"column":54}},"30":{"start":{"line":93,"column":19},"end":{"line":93,"column":41}},"31":{"start":{"line":94,"column":6},"end":{"line":94,"column":66}},"32":{"start":{"line":94,"column":30},"end":{"line":94,"column":66}},"33":{"start":{"line":97,"column":4},"end":{"line":99,"column":5}},"34":{"start":{"line":98,"column":6},"end":{"line":98,"column":52}},"35":{"start":{"line":101,"column":28},"end":{"line":101,"column":42}},"36":{"start":{"line":102,"column":4},"end":{"line":105,"column":5}},"37":{"start":{"line":103,"column":6},"end":{"line":104,"column":45}},"38":{"start":{"line":104,"column":21},"end":{"line":104,"column":44}},"39":{"start":{"line":107,"column":18},"end":{"line":107,"column":56}},"40":{"start":{"line":108,"column":26},"end":{"line":108,"column":45}},"41":{"start":{"line":109,"column":4},"end":{"line":109,"column":65}},"42":{"start":{"line":110,"column":36},"end":{"line":110,"column":57}},"43":{"start":{"line":112,"column":32},"end":{"line":112,"column":61}},"44":{"start":{"line":113,"column":26},"end":{"line":113,"column":55}},"45":{"start":{"line":115,"column":29},"end":{"line":115,"column":74}},"46":{"start":{"line":116,"column":30},"end":{"line":116,"column":82}},"47":{"start":{"line":117,"column":36},"end":{"line":117,"column":79}},"48":{"start":{"line":119,"column":19},"end":{"line":119,"column":48}},"49":{"start":{"line":120,"column":17},"end":{"line":120,"column":27}},"50":{"start":{"line":122,"column":4},"end":{"line":134,"column":5}},"51":{"start":{"line":137,"column":2},"end":{"line":141,"column":3}},"52":{"start":{"line":145,"column":2},"end":{"line":145,"column":28}},"53":{"start":{"line":145,"column":19},"end":{"line":145,"column":28}},"54":{"start":{"line":147,"column":2},"end":{"line":175,"column":4}},"55":{"start":{"line":148,"column":27},"end":{"line":148,"column":29}},"56":{"start":{"line":150,"column":4},"end":{"line":154,"column":5}},"57":{"start":{"line":151,"column":6},"end":{"line":152,"column":43}},"58":{"start":{"line":152,"column":19},"end":{"line":152,"column":42}},"59":{"start":{"line":153,"column":6},"end":{"line":153,"column":52}},"60":{"start":{"line":156,"column":32},"end":{"line":156,"column":61}},"61":{"start":{"line":157,"column":26},"end":{"line":157,"column":55}},"62":{"start":{"line":159,"column":29},"end":{"line":159,"column":56}},"63":{"start":{"line":160,"column":30},"end":{"line":160,"column":70}},"64":{"start":{"line":161,"column":36},"end":{"line":161,"column":40}},"65":{"start":{"line":163,"column":19},"end":{"line":163,"column":48}},"66":{"start":{"line":164,"column":17},"end":{"line":164,"column":27}},"67":{"start":{"line":166,"column":4},"end":{"line":174,"column":5}},"68":{"start":{"line":179,"column":2},"end":{"line":184,"column":3}},"69":{"start":{"line":180,"column":4},"end":{"line":183,"column":5}},"70":{"start":{"line":186,"column":24},"end":{"line":189,"column":11}},"71":{"start":{"line":188,"column":6},"end":{"line":188,"column":44}},"72":{"start":{"line":191,"column":26},"end":{"line":194,"column":11}},"73":{"start":{"line":193,"column":6},"end":{"line":193,"column":48}},"74":{"start":{"line":196,"column":2},"end":{"line":199,"column":3}},"75":{"start":{"line":203,"column":2},"end":{"line":203,"column":28}},"76":{"start":{"line":203,"column":19},"end":{"line":203,"column":28}},"77":{"start":{"line":205,"column":2},"end":{"line":216,"column":4}},"78":{"start":{"line":206,"column":23},"end":{"line":210,"column":5}},"79":{"start":{"line":211,"column":4},"end":{"line":215,"column":5}},"80":{"start":{"line":220,"column":2},"end":{"line":223,"column":9}},"81":{"start":{"line":221,"column":4},"end":{"line":221,"column":38}},"82":{"start":{"line":222,"column":4},"end":{"line":222,"column":43}},"83":{"start":{"line":227,"column":2},"end":{"line":227,"column":22}},"84":{"start":{"line":228,"column":19},"end":{"line":228,"column":35}},"85":{"start":{"line":229,"column":12},"end":{"line":229,"column":30}},"86":{"start":{"line":230,"column":14},"end":{"line":230,"column":31}},"87":{"start":{"line":232,"column":17},"end":{"line":232,"column":40}},"88":{"start":{"line":234,"column":2},"end":{"line":234,"column":26}}},"fnMap":{"0":{"name":"validatorProcessing","decl":{"start":{"line":13,"column":16},"end":{"line":13,"column":35}},"loc":{"start":{"line":13,"column":89},"end":{"line":65,"column":1}},"line":13},"1":{"name":"(anonymous_1)","decl":{"start":{"line":32,"column":43},"end":{"line":32,"column":44}},"loc":{"start":{"line":32,"column":50},"end":{"line":35,"column":3}},"line":32},"2":{"name":"(anonymous_2)","decl":{"start":{"line":52,"column":38},"end":{"line":52,"column":39}},"loc":{"start":{"line":52,"column":48},"end":{"line":57,"column":3}},"line":52},"3":{"name":"compare","decl":{"start":{"line":67,"column":16},"end":{"line":67,"column":23}},"loc":{"start":{"line":67,"column":31},"end":{"line":76,"column":1}},"line":67},"4":{"name":"(anonymous_4)","decl":{"start":{"line":68,"column":14},"end":{"line":68,"column":15}},"loc":{"start":{"line":68,"column":24},"end":{"line":68,"column":40}},"line":68},"5":{"name":"mapValidators","decl":{"start":{"line":78,"column":16},"end":{"line":78,"column":29}},"loc":{"start":{"line":78,"column":82},"end":{"line":142,"column":1}},"line":78},"6":{"name":"(anonymous_6)","decl":{"start":{"line":82,"column":39},"end":{"line":82,"column":40}},"loc":{"start":{"line":82,"column":48},"end":{"line":135,"column":3}},"line":82},"7":{"name":"(anonymous_7)","decl":{"start":{"line":88,"column":12},"end":{"line":88,"column":13}},"loc":{"start":{"line":88,"column":17},"end":{"line":88,"column":40}},"line":88},"8":{"name":"(anonymous_8)","decl":{"start":{"line":104,"column":16},"end":{"line":104,"column":17}},"loc":{"start":{"line":104,"column":21},"end":{"line":104,"column":44}},"line":104},"9":{"name":"mapPendingValidators","decl":{"start":{"line":144,"column":16},"end":{"line":144,"column":36}},"loc":{"start":{"line":144,"column":69},"end":{"line":176,"column":1}},"line":144},"10":{"name":"(anonymous_10)","decl":{"start":{"line":147,"column":24},"end":{"line":147,"column":25}},"loc":{"start":{"line":147,"column":33},"end":{"line":175,"column":3}},"line":147},"11":{"name":"(anonymous_11)","decl":{"start":{"line":152,"column":14},"end":{"line":152,"column":15}},"loc":{"start":{"line":152,"column":19},"end":{"line":152,"column":42}},"line":152},"12":{"name":"getDelegatorDetails","decl":{"start":{"line":178,"column":16},"end":{"line":178,"column":35}},"loc":{"start":{"line":178,"column":49},"end":{"line":200,"column":1}},"line":178},"13":{"name":"(anonymous_13)","decl":{"start":{"line":187,"column":12},"end":{"line":187,"column":13}},"loc":{"start":{"line":187,"column":22},"end":{"line":189,"column":5}},"line":187},"14":{"name":"(anonymous_14)","decl":{"start":{"line":192,"column":12},"end":{"line":192,"column":13}},"loc":{"start":{"line":192,"column":22},"end":{"line":194,"column":5}},"line":192},"15":{"name":"mapDelegators","decl":{"start":{"line":202,"column":16},"end":{"line":202,"column":29}},"loc":{"start":{"line":202,"column":43},"end":{"line":217,"column":1}},"line":202},"16":{"name":"(anonymous_16)","decl":{"start":{"line":205,"column":24},"end":{"line":205,"column":25}},"loc":{"start":{"line":205,"column":42},"end":{"line":216,"column":3}},"line":205},"17":{"name":"cumulativeStake","decl":{"start":{"line":219,"column":9},"end":{"line":219,"column":24}},"loc":{"start":{"line":219,"column":45},"end":{"line":224,"column":1}},"line":219},"18":{"name":"(anonymous_18)","decl":{"start":{"line":220,"column":34},"end":{"line":220,"column":35}},"loc":{"start":{"line":220,"column":52},"end":{"line":223,"column":3}},"line":220},"19":{"name":"getPercent","decl":{"start":{"line":226,"column":9},"end":{"line":226,"column":19}},"loc":{"start":{"line":226,"column":27},"end":{"line":235,"column":1}},"line":226}},"branchMap":{"0":{"loc":{"start":{"line":14,"column":2},"end":{"line":19,"column":3}},"type":"if","locations":[{"start":{"line":14,"column":2},"end":{"line":19,"column":3}},{"start":{"line":14,"column":2},"end":{"line":19,"column":3}}],"line":14},"1":{"loc":{"start":{"line":86,"column":4},"end":{"line":86,"column":50}},"type":"if","locations":[{"start":{"line":86,"column":4},"end":{"line":86,"column":50}},{"start":{"line":86,"column":4},"end":{"line":86,"column":50}}],"line":86},"2":{"loc":{"start":{"line":91,"column":4},"end":{"line":95,"column":5}},"type":"if","locations":[{"start":{"line":91,"column":4},"end":{"line":95,"column":5}},{"start":{"line":91,"column":4},"end":{"line":95,"column":5}}],"line":91},"3":{"loc":{"start":{"line":91,"column":8},"end":{"line":91,"column":35}},"type":"binary-expr","locations":[{"start":{"line":91,"column":8},"end":{"line":91,"column":15}},{"start":{"line":91,"column":19},"end":{"line":91,"column":35}}],"line":91},"4":{"loc":{"start":{"line":94,"column":6},"end":{"line":94,"column":66}},"type":"if","locations":[{"start":{"line":94,"column":6},"end":{"line":94,"column":66}},{"start":{"line":94,"column":6},"end":{"line":94,"column":66}}],"line":94},"5":{"loc":{"start":{"line":97,"column":4},"end":{"line":99,"column":5}},"type":"if","locations":[{"start":{"line":97,"column":4},"end":{"line":99,"column":5}},{"start":{"line":97,"column":4},"end":{"line":99,"column":5}}],"line":97},"6":{"loc":{"start":{"line":102,"column":4},"end":{"line":105,"column":5}},"type":"if","locations":[{"start":{"line":102,"column":4},"end":{"line":105,"column":5}},{"start":{"line":102,"column":4},"end":{"line":105,"column":5}}],"line":102},"7":{"loc":{"start":{"line":102,"column":8},"end":{"line":102,"column":40}},"type":"binary-expr","locations":[{"start":{"line":102,"column":8},"end":{"line":102,"column":26}},{"start":{"line":102,"column":30},"end":{"line":102,"column":40}}],"line":102},"8":{"loc":{"start":{"line":145,"column":2},"end":{"line":145,"column":28}},"type":"if","locations":[{"start":{"line":145,"column":2},"end":{"line":145,"column":28}},{"start":{"line":145,"column":2},"end":{"line":145,"column":28}}],"line":145},"9":{"loc":{"start":{"line":150,"column":4},"end":{"line":154,"column":5}},"type":"if","locations":[{"start":{"line":150,"column":4},"end":{"line":154,"column":5}},{"start":{"line":150,"column":4},"end":{"line":154,"column":5}}],"line":150},"10":{"loc":{"start":{"line":179,"column":2},"end":{"line":184,"column":3}},"type":"if","locations":[{"start":{"line":179,"column":2},"end":{"line":184,"column":3}},{"start":{"line":179,"column":2},"end":{"line":184,"column":3}}],"line":179},"11":{"loc":{"start":{"line":203,"column":2},"end":{"line":203,"column":28}},"type":"if","locations":[{"start":{"line":203,"column":2},"end":{"line":203,"column":28}},{"start":{"line":203,"column":2},"end":{"line":203,"column":28}}],"line":203}},"s":{"0":1,"1":4,"2":1,"3":3,"4":3,"5":3,"6":6,"7":6,"8":3,"9":3,"10":6,"11":6,"12":6,"13":6,"14":3,"15":3,"16":6,"17":3,"18":3,"19":3,"20":3,"21":3,"22":3,"23":6,"24":6,"25":2,"26":6,"27":0,"28":6,"29":0,"30":0,"31":0,"32":0,"33":6,"34":0,"35":6,"36":6,"37":2,"38":0,"39":6,"40":6,"41":6,"42":6,"43":6,"44":6,"45":6,"46":6,"47":6,"48":6,"49":6,"50":6,"51":3,"52":0,"53":0,"54":0,"55":0,"56":0,"57":0,"58":0,"59":0,"60":0,"61":0,"62":0,"63":0,"64":0,"65":0,"66":0,"67":0,"68":6,"69":4,"70":2,"71":0,"72":2,"73":0,"74":2,"75":0,"76":0,"77":0,"78":0,"79":0,"80":6,"81":9,"82":9,"83":6,"84":6,"85":6,"86":6,"87":6,"88":6},"f":{"0":4,"1":6,"2":6,"3":3,"4":6,"5":3,"6":6,"7":0,"8":0,"9":0,"10":0,"11":0,"12":6,"13":0,"14":0,"15":0,"16":0,"17":6,"18":9,"19":6},"b":{"0":[1,3],"1":[2,4],"2":[0,6],"3":[6,6],"4":[0,0],"5":[0,6],"6":[2,4],"7":[6,6],"8":[0,0],"9":[0,0],"10":[4,2],"11":[0,0]},"_coverageSchema":"1a1c01bbd47fc00a2c39e90264f33305004495a9","hash":"35288219137b89843ccb72883bab8e3ab078bb3f"}}
}
