{"G:\\ValidatorsExplorer\\src\\App.vue": {"path":"G:\\ValidatorsExplorer\\src\\App.vue","statementMap":{"0":{"start":{"line":8,"column":0},"end":{"line":8,"column":null}},"1":{"start":{"line":9,"column":0},"end":{"line":9,"column":null}},"2":{"start":{"line":14,"column":0},"end":{"line":14,"column":null}}},"fnMap":{"0":{"name":"created","decl":{"start":{"line":13,"column":0},"end":{"line":13,"column":null}},"loc":{"start":{"line":13,"column":0},"end":{"line":15,"column":null}}}},"branchMap":{},"s":{"0":0,"1":0,"2":0},"f":{"0":0},"b":{}}
,"G:\\ValidatorsExplorer\\src\\components\\block-item.vue": {"path":"G:\\ValidatorsExplorer\\src\\components\\block-item.vue","statementMap":{"0":{"start":{"line":39,"column":0},"end":{"line":39,"column":null}}},"fnMap":{},"branchMap":{},"s":{"0":0},"f":{},"b":{}}
,"G:\\ValidatorsExplorer\\src\\components\\faqs.vue": {"path":"G:\\ValidatorsExplorer\\src\\components\\faqs.vue","statementMap":{"0":{"start":{"line":44,"column":0},"end":{"line":44,"column":null}}},"fnMap":{"0":{"name":"data","decl":{"start":{"line":43,"column":0},"end":{"line":43,"column":null}},"loc":{"start":{"line":43,"column":0},"end":{"line":125,"column":null}}}},"branchMap":{},"s":{"0":0},"f":{"0":0},"b":{}}
,"G:\\ValidatorsExplorer\\src\\components\\stak-item.vue": {"path":"G:\\ValidatorsExplorer\\src\\components\\stak-item.vue","statementMap":{"0":{"start":{"line":39,"column":0},"end":{"line":39,"column":null}},"1":{"start":{"line":50,"column":0},"end":{"line":52,"column":null}},"2":{"start":{"line":51,"column":0},"end":{"line":51,"column":null}}},"fnMap":{"0":{"name":"stake","decl":{"start":{"line":49,"column":0},"end":{"line":49,"column":null}},"loc":{"start":{"line":49,"column":0},"end":{"line":53,"column":null}}},"1":{"name":"(anonymous_7)","decl":{"start":{"line":50,"column":0},"end":{"line":50,"column":null}},"loc":{"start":{"line":50,"column":0},"end":{"line":52,"column":null}}}},"branchMap":{},"s":{"0":0,"1":0,"2":0},"f":{"0":0,"1":0},"b":{}}
,"G:\\ValidatorsExplorer\\src\\components\\table-item.vue": {"path":"G:\\ValidatorsExplorer\\src\\components\\table-item.vue","statementMap":{"0":{"start":{"line":57,"column":0},"end":{"line":57,"column":null}},"1":{"start":{"line":73,"column":0},"end":{"line":73,"column":null}},"2":{"start":{"line":82,"column":0},"end":{"line":82,"column":null}},"3":{"start":{"line":95,"column":0},"end":{"line":95,"column":null}},"4":{"start":{"line":99,"column":0},"end":{"line":99,"column":null}},"5":{"start":{"line":100,"column":0},"end":{"line":100,"column":null}},"6":{"start":{"line":101,"column":0},"end":{"line":118,"column":null}},"7":{"start":{"line":102,"column":0},"end":{"line":102,"column":null}},"8":{"start":{"line":103,"column":0},"end":{"line":103,"column":null}},"9":{"start":{"line":104,"column":0},"end":{"line":104,"column":null}},"10":{"start":{"line":105,"column":0},"end":{"line":105,"column":null}},"11":{"start":{"line":106,"column":0},"end":{"line":106,"column":null}},"12":{"start":{"line":107,"column":0},"end":{"line":107,"column":null}},"13":{"start":{"line":108,"column":0},"end":{"line":108,"column":null}},"14":{"start":{"line":109,"column":0},"end":{"line":109,"column":null}},"15":{"start":{"line":119,"column":0},"end":{"line":119,"column":null}},"16":{"start":{"line":122,"column":0},"end":{"line":122,"column":null}},"17":{"start":{"line":123,"column":0},"end":{"line":123,"column":null}},"18":{"start":{"line":124,"column":0},"end":{"line":124,"column":null}},"19":{"start":{"line":127,"column":0},"end":{"line":133,"column":null}},"20":{"start":{"line":128,"column":0},"end":{"line":130,"column":null}},"21":{"start":{"line":129,"column":0},"end":{"line":129,"column":null}},"22":{"start":{"line":131,"column":0},"end":{"line":131,"column":null}},"23":{"start":{"line":132,"column":0},"end":{"line":132,"column":null}},"24":{"start":{"line":136,"column":0},"end":{"line":136,"column":null}}},"fnMap":{"0":{"name":"data","decl":{"start":{"line":72,"column":0},"end":{"line":72,"column":null}},"loc":{"start":{"line":72,"column":0},"end":{"line":93,"column":null}}},"1":{"name":"field","decl":{"start":{"line":82,"column":0},"end":{"line":82,"column":null}},"loc":{"start":{"line":82,"column":0},"end":{"line":82,"column":null}}},"2":{"name":"created","decl":{"start":{"line":94,"column":0},"end":{"line":94,"column":null}},"loc":{"start":{"line":94,"column":0},"end":{"line":96,"column":null}}},"3":{"name":"getData","decl":{"start":{"line":99,"column":0},"end":{"line":99,"column":null}},"loc":{"start":{"line":99,"column":0},"end":{"line":120,"column":null}}},"4":{"name":"(anonymous_10)","decl":{"start":{"line":101,"column":0},"end":{"line":101,"column":null}},"loc":{"start":{"line":101,"column":0},"end":{"line":118,"column":null}}},"5":{"name":"getPrecent","decl":{"start":{"line":121,"column":0},"end":{"line":121,"column":null}},"loc":{"start":{"line":121,"column":0},"end":{"line":125,"column":null}}},"6":{"name":"cumulativeStake","decl":{"start":{"line":126,"column":0},"end":{"line":126,"column":null}},"loc":{"start":{"line":126,"column":0},"end":{"line":134,"column":null}}},"7":{"name":"(anonymous_13)","decl":{"start":{"line":127,"column":0},"end":{"line":127,"column":null}},"loc":{"start":{"line":127,"column":0},"end":{"line":133,"column":null}}},"8":{"name":"getStyle","decl":{"start":{"line":135,"column":0},"end":{"line":135,"column":null}},"loc":{"start":{"line":135,"column":0},"end":{"line":137,"column":null}}}},"branchMap":{"0":{"loc":{"start":{"line":123,"column":0},"end":{"line":123,"column":null}},"type":"binary-expr","locations":[{"start":{"line":123,"column":0},"end":{"line":123,"column":null}},{"start":{"line":123,"column":0},"end":{"line":123,"column":null}}]},"1":{"loc":{"start":{"line":128,"column":0},"end":{"line":130,"column":null}},"type":"if","locations":[{"start":{"line":128,"column":0},"end":{"line":130,"column":null}},{"start":{"line":128,"column":0},"end":{"line":130,"column":null}}]},"2":{"loc":{"start":{"line":131,"column":0},"end":{"line":131,"column":null}},"type":"binary-expr","locations":[{"start":{"line":131,"column":0},"end":{"line":131,"column":null}},{"start":{"line":131,"column":0},"end":{"line":131,"column":null}}]}},"s":{"0":0,"1":0,"2":0,"3":0,"4":0,"5":0,"6":0,"7":0,"8":0,"9":0,"10":0,"11":0,"12":0,"13":0,"14":0,"15":0,"16":0,"17":0,"18":0,"19":0,"20":0,"21":0,"22":0,"23":0,"24":0},"f":{"0":0,"1":0,"2":0,"3":0,"4":0,"5":0,"6":0,"7":0,"8":0},"b":{"0":[0,0],"1":[0,0],"2":[0,0]}}
,"G:\\ValidatorsExplorer\\src\\components\\transactions-item.vue": {"path":"G:\\ValidatorsExplorer\\src\\components\\transactions-item.vue","statementMap":{"0":{"start":{"line":27,"column":0},"end":{"line":27,"column":null}},"1":{"start":{"line":32,"column":0},"end":{"line":32,"column":null}},"2":{"start":{"line":34,"column":0},"end":{"line":34,"column":null}},"3":{"start":{"line":35,"column":0},"end":{"line":35,"column":null}},"4":{"start":{"line":36,"column":0},"end":{"line":36,"column":null}},"5":{"start":{"line":37,"column":0},"end":{"line":37,"column":null}},"6":{"start":{"line":38,"column":0},"end":{"line":38,"column":null}},"7":{"start":{"line":39,"column":0},"end":{"line":39,"column":null}},"8":{"start":{"line":40,"column":0},"end":{"line":40,"column":null}},"9":{"start":{"line":44,"column":0},"end":{"line":44,"column":null}},"10":{"start":{"line":52,"column":0},"end":{"line":52,"column":null}},"11":{"start":{"line":53,"column":0},"end":{"line":53,"column":null}},"12":{"start":{"line":56,"column":0},"end":{"line":56,"column":null}},"13":{"start":{"line":57,"column":0},"end":{"line":57,"column":null}},"14":{"start":{"line":60,"column":0},"end":{"line":60,"column":null}},"15":{"start":{"line":61,"column":0},"end":{"line":61,"column":null}},"16":{"start":{"line":64,"column":0},"end":{"line":64,"column":null}},"17":{"start":{"line":71,"column":0},"end":{"line":71,"column":null}},"18":{"start":{"line":72,"column":0},"end":{"line":72,"column":null}}},"fnMap":{"0":{"name":"mounted","decl":{"start":{"line":31,"column":0},"end":{"line":31,"column":null}},"loc":{"start":{"line":31,"column":0},"end":{"line":42,"column":null}}},"1":{"name":"data","decl":{"start":{"line":43,"column":0},"end":{"line":43,"column":null}},"loc":{"start":{"line":43,"column":0},"end":{"line":49,"column":null}}},"2":{"name":"onTreeMin","decl":{"start":{"line":51,"column":0},"end":{"line":51,"column":null}},"loc":{"start":{"line":51,"column":0},"end":{"line":54,"column":null}}},"3":{"name":"onTwoHours","decl":{"start":{"line":55,"column":0},"end":{"line":55,"column":null}},"loc":{"start":{"line":55,"column":0},"end":{"line":58,"column":null}}},"4":{"name":"onSixHours","decl":{"start":{"line":59,"column":0},"end":{"line":59,"column":null}},"loc":{"start":{"line":59,"column":0},"end":{"line":62,"column":null}}},"5":{"name":"getChart","decl":{"start":{"line":63,"column":0},"end":{"line":63,"column":null}},"loc":{"start":{"line":63,"column":0},"end":{"line":89,"column":null}}}},"branchMap":{},"s":{"0":0,"1":0,"2":0,"3":0,"4":0,"5":0,"6":0,"7":0,"8":0,"9":0,"10":0,"11":0,"12":0,"13":0,"14":0,"15":0,"16":0,"17":0,"18":0},"f":{"0":0,"1":0,"2":0,"3":0,"4":0,"5":0},"b":{}}
,"G:\\ValidatorsExplorer\\src\\modules\\config.js": {"data":{"path":"G:\\ValidatorsExplorer\\src\\modules\\config.js","statementMap":{},"fnMap":{},"branchMap":{},"s":{},"f":{},"b":{}}}
,"G:\\ValidatorsExplorer\\src\\modules\\network.js": {"data":{"path":"G:\\ValidatorsExplorer\\src\\modules\\network.js","statementMap":{"0":{"start":{"line":2,"column":20},"end":{"line":2,"column":47}},"1":{"start":{"line":5,"column":18},"end":{"line":5,"column":36}},"2":{"start":{"line":6,"column":17},"end":{"line":6,"column":24}},"3":{"start":{"line":9,"column":17},"end":{"line":9,"column":37}},"4":{"start":{"line":10,"column":23},"end":{"line":10,"column":48}},"5":{"start":{"line":11,"column":29},"end":{"line":11,"column":60}},"6":{"start":{"line":13,"column":16},"end":{"line":13,"column":21}},"7":{"start":{"line":14,"column":0},"end":{"line":14,"column":59}},"8":{"start":{"line":15,"column":9},"end":{"line":15,"column":10}},"9":{"start":{"line":17,"column":13},"end":{"line":24,"column":1}},"10":{"start":{"line":18,"column":2},"end":{"line":23,"column":3}},"11":{"start":{"line":26,"column":23},"end":{"line":29,"column":1}},"12":{"start":{"line":27,"column":19},"end":{"line":27,"column":51}},"13":{"start":{"line":28,"column":2},"end":{"line":28,"column":29}},"14":{"start":{"line":31,"column":25},"end":{"line":33,"column":1}},"15":{"start":{"line":32,"column":2},"end":{"line":32,"column":65}},"16":{"start":{"line":35,"column":31},"end":{"line":37,"column":1}},"17":{"start":{"line":36,"column":2},"end":{"line":36,"column":70}},"18":{"start":{"line":39,"column":30},"end":{"line":41,"column":1}},"19":{"start":{"line":40,"column":2},"end":{"line":40,"column":90}}},"fnMap":{"0":{"name":"(anonymous_0)","decl":{"start":{"line":17,"column":13},"end":{"line":17,"column":14}},"loc":{"start":{"line":17,"column":38},"end":{"line":24,"column":1}},"line":17},"1":{"name":"(anonymous_1)","decl":{"start":{"line":26,"column":23},"end":{"line":26,"column":24}},"loc":{"start":{"line":26,"column":49},"end":{"line":29,"column":1}},"line":26},"2":{"name":"(anonymous_2)","decl":{"start":{"line":31,"column":25},"end":{"line":31,"column":26}},"loc":{"start":{"line":31,"column":37},"end":{"line":33,"column":1}},"line":31},"3":{"name":"(anonymous_3)","decl":{"start":{"line":35,"column":31},"end":{"line":35,"column":32}},"loc":{"start":{"line":35,"column":43},"end":{"line":37,"column":1}},"line":35},"4":{"name":"(anonymous_4)","decl":{"start":{"line":39,"column":30},"end":{"line":39,"column":31}},"loc":{"start":{"line":39,"column":54},"end":{"line":41,"column":1}},"line":39}},"branchMap":{"0":{"loc":{"start":{"line":17,"column":22},"end":{"line":17,"column":33}},"type":"default-arg","locations":[{"start":{"line":17,"column":31},"end":{"line":17,"column":33}}],"line":17}},"s":{"0":0,"1":0,"2":0,"3":0,"4":0,"5":0,"6":0,"7":0,"8":0,"9":0,"10":0,"11":0,"12":0,"13":0,"14":0,"15":0,"16":0,"17":0,"18":0,"19":0},"f":{"0":0,"1":0,"2":0,"3":0,"4":0},"b":{"0":[0]}}}
,"G:\\ValidatorsExplorer\\src\\pages\\Index.vue": {"path":"G:\\ValidatorsExplorer\\src\\pages\\Index.vue","statementMap":{"0":{"start":{"line":30,"column":0},"end":{"line":30,"column":null}},"1":{"start":{"line":35,"column":0},"end":{"line":35,"column":null}},"2":{"start":{"line":36,"column":0},"end":{"line":36,"column":null}},"3":{"start":{"line":37,"column":0},"end":{"line":37,"column":null}},"4":{"start":{"line":38,"column":0},"end":{"line":38,"column":null}},"5":{"start":{"line":39,"column":0},"end":{"line":39,"column":null}},"6":{"start":{"line":41,"column":0},"end":{"line":41,"column":null}},"7":{"start":{"line":56,"column":0},"end":{"line":56,"column":null}},"8":{"start":{"line":68,"column":0},"end":{"line":78,"column":null}},"9":{"start":{"line":69,"column":0},"end":{"line":69,"column":null}},"10":{"start":{"line":77,"column":0},"end":{"line":77,"column":null}},"11":{"start":{"line":79,"column":0},"end":{"line":79,"column":null}},"12":{"start":{"line":86,"column":0},"end":{"line":86,"column":null}},"13":{"start":{"line":87,"column":0},"end":{"line":87,"column":null}}},"fnMap":{"0":{"name":"data","decl":{"start":{"line":55,"column":0},"end":{"line":55,"column":null}},"loc":{"start":{"line":55,"column":0},"end":{"line":60,"column":null}}},"1":{"name":"created","decl":{"start":{"line":67,"column":0},"end":{"line":67,"column":null}},"loc":{"start":{"line":67,"column":0},"end":{"line":80,"column":null}}},"2":{"name":"(anonymous_8)","decl":{"start":{"line":68,"column":0},"end":{"line":68,"column":null}},"loc":{"start":{"line":68,"column":0},"end":{"line":78,"column":null}}},"3":{"name":"onGetValodators","decl":{"start":{"line":85,"column":0},"end":{"line":85,"column":null}},"loc":{"start":{"line":85,"column":0},"end":{"line":88,"column":null}}}},"branchMap":{},"s":{"0":0,"1":0,"2":0,"3":0,"4":0,"5":0,"6":0,"7":0,"8":0,"9":0,"10":0,"11":0,"12":0,"13":0},"f":{"0":0,"1":0,"2":0,"3":0},"b":{}}
,"G:\\ValidatorsExplorer\\src\\router\\index.js": {"data":{"path":"G:\\ValidatorsExplorer\\src\\router\\index.js","statementMap":{"0":{"start":{"line":6,"column":0},"end":{"line":6,"column":18}},"1":{"start":{"line":18,"column":17},"end":{"line":27,"column":4}},"2":{"start":{"line":19,"column":27},"end":{"line":19,"column":41}},"3":{"start":{"line":29,"column":2},"end":{"line":29,"column":15}}},"fnMap":{"0":{"name":"(anonymous_0)","decl":{"start":{"line":17,"column":15},"end":{"line":17,"column":16}},"loc":{"start":{"line":17,"column":54},"end":{"line":30,"column":1}},"line":17},"1":{"name":"(anonymous_1)","decl":{"start":{"line":19,"column":20},"end":{"line":19,"column":21}},"loc":{"start":{"line":19,"column":27},"end":{"line":19,"column":41}},"line":19}},"branchMap":{},"s":{"0":0,"1":0,"2":0,"3":0},"f":{"0":0,"1":0},"b":{}}}
,"G:\\ValidatorsExplorer\\src\\router\\routes.js": {"data":{"path":"G:\\ValidatorsExplorer\\src\\router\\routes.js","statementMap":{"0":{"start":{"line":2,"column":15},"end":{"line":10,"column":1}},"1":{"start":{"line":5,"column":21},"end":{"line":5,"column":53}},"2":{"start":{"line":7,"column":35},"end":{"line":7,"column":60}},"3":{"start":{"line":13,"column":0},"end":{"line":18,"column":1}},"4":{"start":{"line":14,"column":2},"end":{"line":17,"column":4}},"5":{"start":{"line":16,"column":21},"end":{"line":16,"column":49}}},"fnMap":{"0":{"name":"(anonymous_0)","decl":{"start":{"line":5,"column":15},"end":{"line":5,"column":16}},"loc":{"start":{"line":5,"column":21},"end":{"line":5,"column":53}},"line":5},"1":{"name":"(anonymous_1)","decl":{"start":{"line":7,"column":29},"end":{"line":7,"column":30}},"loc":{"start":{"line":7,"column":35},"end":{"line":7,"column":60}},"line":7},"2":{"name":"(anonymous_2)","decl":{"start":{"line":16,"column":15},"end":{"line":16,"column":16}},"loc":{"start":{"line":16,"column":21},"end":{"line":16,"column":49}},"line":16}},"branchMap":{"0":{"loc":{"start":{"line":13,"column":0},"end":{"line":18,"column":1}},"type":"if","locations":[{"start":{"line":13,"column":0},"end":{"line":18,"column":1}},{"start":{"line":13,"column":0},"end":{"line":18,"column":1}}],"line":13}},"s":{"0":0,"1":0,"2":0,"3":0,"4":0,"5":0},"f":{"0":0,"1":0,"2":0},"b":{"0":[0,0]}}}
,"G:\\ValidatorsExplorer\\src\\store\\index.js": {"data":{"path":"G:\\ValidatorsExplorer\\src\\store\\index.js","statementMap":{"0":{"start":{"line":8,"column":0},"end":{"line":8,"column":13}},"1":{"start":{"line":10,"column":18},"end":{"line":18,"column":2}},"2":{"start":{"line":13,"column":25},"end":{"line":13,"column":37}},"3":{"start":{"line":15,"column":4},"end":{"line":15,"column":26}},"4":{"start":{"line":16,"column":4},"end":{"line":16,"column":23}},"5":{"start":{"line":28,"column":14},"end":{"line":35,"column":2}},"6":{"start":{"line":39,"column":25},"end":{"line":39,"column":64}},"7":{"start":{"line":41,"column":2},"end":{"line":41,"column":66}}},"fnMap":{"0":{"name":"(anonymous_0)","decl":{"start":{"line":12,"column":11},"end":{"line":12,"column":12}},"loc":{"start":{"line":12,"column":22},"end":{"line":17,"column":3}},"line":12},"1":{"name":"resetState","decl":{"start":{"line":40,"column":16},"end":{"line":40,"column":26}},"loc":{"start":{"line":40,"column":30},"end":{"line":42,"column":1}},"line":40}},"branchMap":{},"s":{"0":0,"1":0,"2":0,"3":0,"4":0,"5":0,"6":0,"7":0},"f":{"0":0,"1":0},"b":{}}}
,"G:\\ValidatorsExplorer\\src\\store\\app\\actions.js": {"data":{"path":"G:\\ValidatorsExplorer\\src\\store\\app\\actions.js","statementMap":{"0":{"start":{"line":18,"column":2},"end":{"line":18,"column":32}},"1":{"start":{"line":19,"column":2},"end":{"line":21,"column":10}},"2":{"start":{"line":20,"column":4},"end":{"line":20,"column":34}},"3":{"start":{"line":23,"column":2},"end":{"line":23,"column":33}},"4":{"start":{"line":24,"column":2},"end":{"line":24,"column":64}},"5":{"start":{"line":28,"column":2},"end":{"line":33,"column":3}},"6":{"start":{"line":29,"column":22},"end":{"line":29,"column":39}},"7":{"start":{"line":30,"column":4},"end":{"line":30,"column":36}},"8":{"start":{"line":32,"column":4},"end":{"line":32,"column":20}},"9":{"start":{"line":37,"column":2},"end":{"line":42,"column":3}},"10":{"start":{"line":38,"column":28},"end":{"line":38,"column":51}},"11":{"start":{"line":39,"column":4},"end":{"line":39,"column":44}},"12":{"start":{"line":41,"column":4},"end":{"line":41,"column":20}},"13":{"start":{"line":46,"column":2},"end":{"line":51,"column":3}},"14":{"start":{"line":47,"column":27},"end":{"line":47,"column":61}},"15":{"start":{"line":48,"column":4},"end":{"line":48,"column":42}},"16":{"start":{"line":50,"column":4},"end":{"line":50,"column":20}}},"fnMap":{"0":{"name":"initApp","decl":{"start":{"line":17,"column":15},"end":{"line":17,"column":22}},"loc":{"start":{"line":17,"column":47},"end":{"line":25,"column":1}},"line":17},"1":{"name":"(anonymous_1)","decl":{"start":{"line":19,"column":14},"end":{"line":19,"column":15}},"loc":{"start":{"line":19,"column":26},"end":{"line":21,"column":3}},"line":19},"2":{"name":"getLastBlock","decl":{"start":{"line":27,"column":15},"end":{"line":27,"column":27}},"loc":{"start":{"line":27,"column":41},"end":{"line":34,"column":1}},"line":27},"3":{"name":"getBlockchains","decl":{"start":{"line":36,"column":15},"end":{"line":36,"column":29}},"loc":{"start":{"line":36,"column":43},"end":{"line":43,"column":1}},"line":36},"4":{"name":"getValidators","decl":{"start":{"line":45,"column":15},"end":{"line":45,"column":28}},"loc":{"start":{"line":45,"column":56},"end":{"line":52,"column":1}},"line":45}},"branchMap":{},"s":{"0":0,"1":0,"2":0,"3":0,"4":0,"5":0,"6":0,"7":0,"8":0,"9":0,"10":0,"11":0,"12":0,"13":0,"14":0,"15":0,"16":0},"f":{"0":0,"1":0,"2":0,"3":0,"4":0},"b":{}}}
,"G:\\ValidatorsExplorer\\src\\store\\app\\getters.js": {"data":{"path":"G:\\ValidatorsExplorer\\src\\store\\app\\getters.js","statementMap":{"0":{"start":{"line":2,"column":2},"end":{"line":2,"column":25}},"1":{"start":{"line":6,"column":2},"end":{"line":6,"column":26}},"2":{"start":{"line":10,"column":2},"end":{"line":10,"column":24}},"3":{"start":{"line":14,"column":2},"end":{"line":14,"column":24}},"4":{"start":{"line":18,"column":2},"end":{"line":18,"column":23}}},"fnMap":{"0":{"name":"validators","decl":{"start":{"line":1,"column":16},"end":{"line":1,"column":26}},"loc":{"start":{"line":1,"column":35},"end":{"line":3,"column":1}},"line":1},"1":{"name":"blockchains","decl":{"start":{"line":5,"column":16},"end":{"line":5,"column":27}},"loc":{"start":{"line":5,"column":36},"end":{"line":7,"column":1}},"line":5},"2":{"name":"lastBlock","decl":{"start":{"line":9,"column":16},"end":{"line":9,"column":25}},"loc":{"start":{"line":9,"column":34},"end":{"line":11,"column":1}},"line":9},"3":{"name":"blockTime","decl":{"start":{"line":13,"column":16},"end":{"line":13,"column":25}},"loc":{"start":{"line":13,"column":34},"end":{"line":15,"column":1}},"line":13},"4":{"name":"subnetID","decl":{"start":{"line":17,"column":16},"end":{"line":17,"column":24}},"loc":{"start":{"line":17,"column":33},"end":{"line":19,"column":1}},"line":17}},"branchMap":{},"s":{"0":0,"1":0,"2":0,"3":0,"4":0},"f":{"0":0,"1":0,"2":0,"3":0,"4":0},"b":{}}}
,"G:\\ValidatorsExplorer\\src\\store\\app\\index.js": {"data":{"path":"G:\\ValidatorsExplorer\\src\\store\\app\\index.js","statementMap":{},"fnMap":{},"branchMap":{},"s":{},"f":{},"b":{}}}
,"G:\\ValidatorsExplorer\\src\\store\\app\\mutations.js": {"data":{"path":"G:\\ValidatorsExplorer\\src\\store\\app\\mutations.js","statementMap":{"0":{"start":{"line":8,"column":18},"end":{"line":21,"column":1}},"1":{"start":{"line":10,"column":4},"end":{"line":10,"column":31}},"2":{"start":{"line":13,"column":4},"end":{"line":13,"column":33}},"3":{"start":{"line":16,"column":4},"end":{"line":16,"column":35}},"4":{"start":{"line":19,"column":4},"end":{"line":19,"column":29}}},"fnMap":{"0":{"name":"(anonymous_0)","decl":{"start":{"line":9,"column":15},"end":{"line":9,"column":16}},"loc":{"start":{"line":9,"column":41},"end":{"line":11,"column":3}},"line":9},"1":{"name":"(anonymous_1)","decl":{"start":{"line":12,"column":20},"end":{"line":12,"column":21}},"loc":{"start":{"line":12,"column":47},"end":{"line":14,"column":3}},"line":12},"2":{"name":"(anonymous_2)","decl":{"start":{"line":15,"column":21},"end":{"line":15,"column":22}},"loc":{"start":{"line":15,"column":49},"end":{"line":17,"column":3}},"line":15},"3":{"name":"(anonymous_3)","decl":{"start":{"line":18,"column":18},"end":{"line":18,"column":19}},"loc":{"start":{"line":18,"column":43},"end":{"line":20,"column":3}},"line":18}},"branchMap":{},"s":{"0":0,"1":0,"2":0,"3":0,"4":0},"f":{"0":0,"1":0,"2":0,"3":0},"b":{}}}
,"G:\\ValidatorsExplorer\\src\\store\\app\\state.js": {"data":{"path":"G:\\ValidatorsExplorer\\src\\store\\app\\state.js","statementMap":{"0":{"start":{"line":1,"column":20},"end":{"line":1,"column":61}},"1":{"start":{"line":4,"column":2},"end":{"line":10,"column":3}}},"fnMap":{"0":{"name":"(anonymous_0)","decl":{"start":{"line":3,"column":15},"end":{"line":3,"column":16}},"loc":{"start":{"line":3,"column":27},"end":{"line":11,"column":1}},"line":3}},"branchMap":{},"s":{"0":0,"1":0},"f":{"0":0},"b":{}}}
,"G:\\ValidatorsExplorer\\src\\store\\app\\types.js": {"data":{"path":"G:\\ValidatorsExplorer\\src\\store\\app\\types.js","statementMap":{"0":{"start":{"line":1,"column":24},"end":{"line":1,"column":34}},"1":{"start":{"line":3,"column":30},"end":{"line":3,"column":46}},"2":{"start":{"line":4,"column":30},"end":{"line":4,"column":46}},"3":{"start":{"line":6,"column":31},"end":{"line":6,"column":48}},"4":{"start":{"line":7,"column":31},"end":{"line":7,"column":48}},"5":{"start":{"line":9,"column":30},"end":{"line":9,"column":46}},"6":{"start":{"line":10,"column":25},"end":{"line":10,"column":36}},"7":{"start":{"line":12,"column":28},"end":{"line":12,"column":42}}},"fnMap":{},"branchMap":{},"s":{"0":0,"1":0,"2":0,"3":0,"4":0,"5":0,"6":0,"7":0},"f":{},"b":{}}}
,"G:\\ValidatorsExplorer\\src\\store\\ui\\actions.js": {"data":{"path":"G:\\ValidatorsExplorer\\src\\store\\ui\\actions.js","statementMap":{"0":{"start":{"line":5,"column":17},"end":{"line":7,"column":1}},"1":{"start":{"line":6,"column":2},"end":{"line":6,"column":25}}},"fnMap":{"0":{"name":"(anonymous_0)","decl":{"start":{"line":5,"column":17},"end":{"line":5,"column":18}},"loc":{"start":{"line":5,"column":39},"end":{"line":7,"column":1}},"line":5}},"branchMap":{},"s":{"0":0,"1":0},"f":{"0":0},"b":{}}}
,"G:\\ValidatorsExplorer\\src\\store\\ui\\getters.js": {"data":{"path":"G:\\ValidatorsExplorer\\src\\store\\ui\\getters.js","statementMap":{"0":{"start":{"line":1,"column":18},"end":{"line":1,"column":32}},"1":{"start":{"line":1,"column":27},"end":{"line":1,"column":32}}},"fnMap":{"0":{"name":"(anonymous_0)","decl":{"start":{"line":1,"column":18},"end":{"line":1,"column":19}},"loc":{"start":{"line":1,"column":27},"end":{"line":1,"column":32}},"line":1}},"branchMap":{},"s":{"0":0,"1":0},"f":{"0":0},"b":{}}}
,"G:\\ValidatorsExplorer\\src\\store\\ui\\index.js": {"data":{"path":"G:\\ValidatorsExplorer\\src\\store\\ui\\index.js","statementMap":{},"fnMap":{},"branchMap":{},"s":{},"f":{},"b":{}}}
,"G:\\ValidatorsExplorer\\src\\store\\ui\\mutations.js": {"data":{"path":"G:\\ValidatorsExplorer\\src\\store\\ui\\mutations.js","statementMap":{"0":{"start":{"line":5,"column":18},"end":{"line":12,"column":1}},"1":{"start":{"line":7,"column":21},"end":{"line":7,"column":43}},"2":{"start":{"line":8,"column":4},"end":{"line":10,"column":6}},"3":{"start":{"line":9,"column":6},"end":{"line":9,"column":24}}},"fnMap":{"0":{"name":"(anonymous_0)","decl":{"start":{"line":6,"column":15},"end":{"line":6,"column":16}},"loc":{"start":{"line":6,"column":32},"end":{"line":11,"column":3}},"line":6},"1":{"name":"(anonymous_1)","decl":{"start":{"line":8,"column":37},"end":{"line":8,"column":38}},"loc":{"start":{"line":8,"column":55},"end":{"line":10,"column":5}},"line":8}},"branchMap":{},"s":{"0":0,"1":0,"2":0,"3":0},"f":{"0":0,"1":0},"b":{}}}
,"G:\\ValidatorsExplorer\\src\\store\\ui\\state.js": {"data":{"path":"G:\\ValidatorsExplorer\\src\\store\\ui\\state.js","statementMap":{"0":{"start":{"line":3,"column":2},"end":{"line":4,"column":3}}},"fnMap":{"0":{"name":"(anonymous_0)","decl":{"start":{"line":2,"column":15},"end":{"line":2,"column":16}},"loc":{"start":{"line":2,"column":27},"end":{"line":5,"column":1}},"line":2}},"branchMap":{},"s":{"0":0},"f":{"0":0},"b":{}}}
,"G:\\ValidatorsExplorer\\src\\store\\ui\\types.js": {"data":{"path":"G:\\ValidatorsExplorer\\src\\store\\ui\\types.js","statementMap":{"0":{"start":{"line":1,"column":25},"end":{"line":1,"column":36}}},"fnMap":{},"branchMap":{},"s":{"0":0},"f":{},"b":{}}}
,"G:\\ValidatorsExplorer\\src\\utils\\commons.js": {"data":{"path":"G:\\ValidatorsExplorer\\src\\utils\\commons.js","statementMap":{"0":{"start":{"line":10,"column":2},"end":{"line":10,"column":82}},"1":{"start":{"line":10,"column":65},"end":{"line":10,"column":82}},"2":{"start":{"line":11,"column":2},"end":{"line":11,"column":88}},"3":{"start":{"line":11,"column":72},"end":{"line":11,"column":88}},"4":{"start":{"line":13,"column":19},"end":{"line":13,"column":56}},"5":{"start":{"line":13,"column":26},"end":{"line":13,"column":56}},"6":{"start":{"line":15,"column":2},"end":{"line":30,"column":3}},"7":{"start":{"line":16,"column":4},"end":{"line":27,"column":10}},"8":{"start":{"line":17,"column":6},"end":{"line":25,"column":8}},"9":{"start":{"line":18,"column":8},"end":{"line":24,"column":9}},"10":{"start":{"line":19,"column":10},"end":{"line":19,"column":51}},"11":{"start":{"line":20,"column":15},"end":{"line":24,"column":9}},"12":{"start":{"line":21,"column":10},"end":{"line":21,"column":52}},"13":{"start":{"line":23,"column":10},"end":{"line":23,"column":30}},"14":{"start":{"line":26,"column":6},"end":{"line":26,"column":17}},"15":{"start":{"line":29,"column":4},"end":{"line":29,"column":20}},"16":{"start":{"line":41,"column":14},"end":{"line":41,"column":58}},"17":{"start":{"line":42,"column":2},"end":{"line":42,"column":17}}},"fnMap":{"0":{"name":"deepMerge","decl":{"start":{"line":9,"column":16},"end":{"line":9,"column":25}},"loc":{"start":{"line":9,"column":39},"end":{"line":31,"column":1}},"line":9},"1":{"name":"(anonymous_1)","decl":{"start":{"line":13,"column":19},"end":{"line":13,"column":20}},"loc":{"start":{"line":13,"column":26},"end":{"line":13,"column":56}},"line":13},"2":{"name":"(anonymous_2)","decl":{"start":{"line":16,"column":26},"end":{"line":16,"column":27}},"loc":{"start":{"line":16,"column":41},"end":{"line":27,"column":5}},"line":16},"3":{"name":"(anonymous_3)","decl":{"start":{"line":17,"column":31},"end":{"line":17,"column":32}},"loc":{"start":{"line":17,"column":38},"end":{"line":25,"column":7}},"line":17},"4":{"name":"secBetweenTwoTime","decl":{"start":{"line":40,"column":16},"end":{"line":40,"column":33}},"loc":{"start":{"line":40,"column":50},"end":{"line":43,"column":1}},"line":40}},"branchMap":{"0":{"loc":{"start":{"line":10,"column":2},"end":{"line":10,"column":82}},"type":"if","locations":[{"start":{"line":10,"column":2},"end":{"line":10,"column":82}},{"start":{"line":10,"column":2},"end":{"line":10,"column":82}}],"line":10},"1":{"loc":{"start":{"line":11,"column":2},"end":{"line":11,"column":88}},"type":"if","locations":[{"start":{"line":11,"column":2},"end":{"line":11,"column":88}},{"start":{"line":11,"column":2},"end":{"line":11,"column":88}}],"line":11},"2":{"loc":{"start":{"line":11,"column":6},"end":{"line":11,"column":70}},"type":"binary-expr","locations":[{"start":{"line":11,"column":6},"end":{"line":11,"column":36}},{"start":{"line":11,"column":40},"end":{"line":11,"column":70}}],"line":11},"3":{"loc":{"start":{"line":13,"column":26},"end":{"line":13,"column":56}},"type":"binary-expr","locations":[{"start":{"line":13,"column":26},"end":{"line":13,"column":29}},{"start":{"line":13,"column":33},"end":{"line":13,"column":56}}],"line":13},"4":{"loc":{"start":{"line":18,"column":8},"end":{"line":24,"column":9}},"type":"if","locations":[{"start":{"line":18,"column":8},"end":{"line":24,"column":9}},{"start":{"line":18,"column":8},"end":{"line":24,"column":9}}],"line":18},"5":{"loc":{"start":{"line":18,"column":12},"end":{"line":18,"column":63}},"type":"binary-expr","locations":[{"start":{"line":18,"column":12},"end":{"line":18,"column":36}},{"start":{"line":18,"column":40},"end":{"line":18,"column":63}}],"line":18},"6":{"loc":{"start":{"line":20,"column":15},"end":{"line":24,"column":9}},"type":"if","locations":[{"start":{"line":20,"column":15},"end":{"line":24,"column":9}},{"start":{"line":20,"column":15},"end":{"line":24,"column":9}}],"line":20},"7":{"loc":{"start":{"line":20,"column":19},"end":{"line":20,"column":60}},"type":"binary-expr","locations":[{"start":{"line":20,"column":19},"end":{"line":20,"column":38}},{"start":{"line":20,"column":42},"end":{"line":20,"column":60}}],"line":20}},"s":{"0":8,"1":2,"2":6,"3":1,"4":5,"5":9,"6":5,"7":5,"8":10,"9":9,"10":1,"11":8,"12":1,"13":7,"14":8,"15":2,"16":1,"17":1},"f":{"0":8,"1":9,"2":10,"3":9,"4":1},"b":{"0":[2,6],"1":[1,5],"2":[6,5],"3":[9,2],"4":[1,8],"5":[9,1],"6":[1,7],"7":[8,1]},"_coverageSchema":"1a1c01bbd47fc00a2c39e90264f33305004495a9","hash":"941581f9447f76fb9c1e01294f4ba93a84d9a35b"}}
}
