TN:
SF:src\App.vue
FN:13,created
FNF:1
FNH:0
FNDA:0,created
DA:8,0
DA:9,0
DA:14,0
LF:3
LH:0
BRF:0
BRH:0
end_of_record
TN:
SF:src\components\cumulative-stake-chart.vue
FN:33,nameC
FN:37,data
FN:43,getChart
FN:73,label
FN:90,mounted
FNF:5
FNH:0
FNDA:0,nameC
FNDA:0,data
FNDA:0,getChart
FNDA:0,label
FNDA:0,mounted
DA:14,0
DA:34,0
DA:38,0
DA:44,0
DA:46,0
DA:47,0
DA:49,0
DA:50,0
DA:52,0
DA:58,0
DA:74,0
DA:75,0
DA:91,0
LF:13
LH:0
BRDA:46,0,0,0
BRDA:46,0,1,0
BRDA:50,1,0,0
BRDA:50,1,1,0
BRF:4
BRH:0
end_of_record
TN:
SF:src\components\details-validator.vue
FN:68,startDate
FN:71,endDate
FN:74,fromNowGet
FN:79,copyToClipboard
FNF:4
FNH:0
FNDA:0,startDate
FNDA:0,endDate
FNDA:0,fromNowGet
FNDA:0,copyToClipboard
DA:33,0
DA:37,0
DA:69,0
DA:72,0
DA:75,0
DA:80,0
DA:82,0
DA:83,0
LF:8
LH:0
BRDA:80,0,0,0
BRDA:80,0,1,0
BRF:2
BRH:0
end_of_record
TN:
SF:src\components\list-blockchains.vue
FN:51,onSelectBlockchain
FNF:1
FNH:0
FNDA:0,onSelectBlockchain
DA:23,0
DA:25,0
DA:51,0
DA:52,0
LF:4
LH:0
BRDA:51,0,0,0
BRDA:51,0,1,0
BRDA:51,0,2,0
BRF:3
BRH:0
end_of_record
TN:
SF:src\components\list-subnets.vue
FN:53,blockchainName
FN:59,onSelectSubnet
FNF:2
FNH:0
FNDA:0,blockchainName
FNDA:0,onSelectSubnet
DA:24,0
DA:26,0
DA:54,0
DA:55,0
DA:56,0
DA:57,0
DA:59,0
DA:60,0
DA:65,0
LF:9
LH:0
BRDA:54,0,0,0
BRDA:54,0,1,0
BRDA:56,1,0,0
BRDA:56,1,1,0
BRDA:59,2,0,0
BRDA:59,2,1,0
BRDA:59,2,2,0
BRDA:59,2,3,0
BRF:8
BRH:0
end_of_record
TN:
SF:src\components\progress-bar-validatе-session.vue
FN:31,progressBadge
FN:34,progress
FN:37,timeago
FN:42,dur
FN:45,lastDur
FN:48,timeagoM
FN:51,progressM
FNF:7
FNH:0
FNDA:0,progressBadge
FNDA:0,progress
FNDA:0,timeago
FNDA:0,dur
FNDA:0,lastDur
FNDA:0,timeagoM
FNDA:0,progressM
DA:15,0
DA:16,0
DA:32,0
DA:35,0
DA:38,0
DA:43,0
DA:46,0
DA:49,0
DA:52,0
DA:53,0
LF:10
LH:0
BRF:0
BRH:0
end_of_record
TN:
SF:src\components\switch-endpoint.vue
FN:75,data
FN:95,onRemoveFromMem
FN:100,takeSuggestion
FN:101,(anonymous_9)
FN:104,onSelectEndpoint
FN:156,onSuccess
FN:167,onError
FNF:7
FNH:0
FNDA:0,data
FNDA:0,onRemoveFromMem
FNDA:0,takeSuggestion
FNDA:0,(anonymous_9)
FNDA:0,onSelectEndpoint
FNDA:0,onSuccess
FNDA:0,onError
DA:52,0
DA:54,0
DA:63,0
DA:67,0
DA:76,0
DA:96,0
DA:97,0
DA:98,0
DA:100,0
DA:101,0
DA:102,0
DA:104,0
DA:106,0
DA:107,0
DA:109,0
DA:113,0
DA:114,0
DA:115,0
DA:116,0
DA:117,0
DA:118,0
DA:120,0
DA:122,0
DA:126,0
DA:127,0
DA:128,0
DA:129,0
DA:130,0
DA:131,0
DA:133,0
DA:137,0
DA:139,0
DA:143,0
DA:144,0
DA:145,0
DA:146,0
DA:147,0
DA:148,0
DA:150,0
DA:152,0
DA:157,0
DA:158,0
DA:168,0
DA:169,0
LF:44
LH:0
BRDA:104,0,0,0
BRDA:104,0,1,0
BRDA:104,0,2,0
BRDA:104,0,3,0
BRDA:104,0,4,0
BRDA:104,0,5,0
BRDA:104,1,0,0
BRDA:104,1,1,0
BRDA:113,2,0,0
BRDA:113,2,1,0
BRDA:116,3,0,0
BRDA:116,3,1,0
BRDA:129,4,0,0
BRDA:129,4,1,0
BRDA:143,5,0,0
BRDA:143,5,1,0
BRDA:146,6,0,0
BRDA:146,6,1,0
BRF:18
BRH:0
end_of_record
TN:
SF:src\components\dialogs\add-identification-dialog.vue
FN:193,data
FN:212,address
FN:217,validateData
FN:236,onClose
FN:239,onAuth
FN:247,(anonymous_13)
FN:258,onSubmit
FN:277,onGetNodeID
FN:281,onReset
FNF:9
FNH:0
FNDA:0,data
FNDA:0,address
FNDA:0,validateData
FNDA:0,onClose
FNDA:0,onAuth
FNDA:0,(anonymous_13)
FNDA:0,onSubmit
FNDA:0,onGetNodeID
FNDA:0,onReset
DA:175,0
DA:176,0
DA:178,0
DA:180,0
DA:185,0
DA:194,0
DA:213,0
DA:214,0
DA:215,0
DA:218,0
DA:219,0
DA:220,0
DA:237,0
DA:239,0
DA:241,0
DA:247,0
DA:248,0
DA:249,0
DA:251,0
DA:252,0
DA:255,0
DA:258,0
DA:260,0
DA:266,0
DA:272,0
DA:274,0
DA:278,0
DA:279,0
DA:282,0
DA:283,0
DA:284,0
DA:285,0
DA:286,0
LF:33
LH:0
BRDA:214,0,0,0
BRDA:214,0,1,0
BRDA:239,1,0,0
BRDA:239,1,1,0
BRDA:239,1,2,0
BRDA:239,1,3,0
BRDA:239,1,4,0
BRDA:239,1,5,0
BRDA:239,2,0,0
BRDA:239,2,1,0
BRDA:251,3,0,0
BRDA:251,3,1,0
BRDA:258,4,0,0
BRDA:258,4,1,0
BRDA:258,4,2,0
BRDA:258,4,3,0
BRDA:258,4,4,0
BRF:17
BRH:0
end_of_record
TN:
SF:src\components\dialogs\add-validator-dialog.vue
FN:214,get
FN:220,set
FN:231,get
FN:237,set
FN:253,data
FN:263,created
FN:275,setInitDates
FN:279,onCreatePAccount
FN:282,onGetNodeID
FN:287,onSubmit
FN:319,onReset
FNF:11
FNH:0
FNDA:0,get
FNDA:0,set
FNDA:0,get
FNDA:0,set
FNDA:0,data
FNDA:0,created
FNDA:0,setInitDates
FNDA:0,onCreatePAccount
FNDA:0,onGetNodeID
FNDA:0,onSubmit
FNDA:0,onReset
DA:181,0
DA:186,0
DA:187,0
DA:188,0
DA:189,0
DA:191,0
DA:196,0
DA:215,0
DA:221,0
DA:232,0
DA:238,0
DA:254,0
DA:264,0
DA:265,0
DA:276,0
DA:277,0
DA:280,0
DA:282,0
DA:283,0
DA:285,0
DA:287,0
DA:288,0
DA:289,0
DA:294,0
DA:302,0
DA:303,0
DA:306,0
DA:310,0
DA:316,0
DA:320,0
DA:321,0
DA:322,0
DA:323,0
DA:324,0
DA:325,0
LF:35
LH:0
BRDA:282,0,0,0
BRDA:282,0,1,0
BRDA:282,0,2,0
BRDA:282,0,3,0
BRDA:287,1,0,0
BRDA:287,1,1,0
BRDA:287,1,2,0
BRDA:287,1,3,0
BRDA:287,1,4,0
BRDA:302,2,0,0
BRDA:302,2,1,0
BRF:11
BRH:0
end_of_record
TN:
SF:src\components\dialogs\asset-info-dialog.vue
FN:61,toUrl
FN:65,getCurrentSupply
FNF:2
FNH:0
FNDA:0,toUrl
FNDA:0,getCurrentSupply
DA:41,0
DA:42,0
DA:44,0
DA:62,0
DA:63,0
DA:66,0
DA:68,0
DA:69,0
DA:72,0
DA:74,0
LF:10
LH:0
BRDA:68,0,0,0
BRDA:68,0,1,0
BRDA:68,1,0,0
BRDA:68,1,1,0
BRDA:72,2,0,0
BRDA:72,2,1,0
BRF:6
BRH:0
end_of_record
TN:
SF:src\components\dialogs\create-user-dialog.vue
FN:123,data
FN:134,mounted
FN:143,setQrCode
FN:145,(anonymous_9)
FN:152,onClose
FN:156,onSubmit
FN:175,onReset
FNF:7
FNH:0
FNDA:0,data
FNDA:0,mounted
FNDA:0,setQrCode
FNDA:0,(anonymous_9)
FNDA:0,onClose
FNDA:0,onSubmit
FNDA:0,onReset
DA:103,0
DA:105,0
DA:107,0
DA:111,0
DA:124,0
DA:135,0
DA:144,0
DA:145,0
DA:149,0
DA:153,0
DA:154,0
DA:156,0
DA:157,0
DA:159,0
DA:160,0
DA:161,0
DA:166,0
DA:167,0
DA:168,0
DA:170,0
DA:171,0
DA:172,0
DA:176,0
DA:177,0
DA:178,0
DA:179,0
DA:180,0
DA:181,0
LF:28
LH:0
BRDA:144,0,0,0
BRDA:144,0,1,0
BRDA:149,1,0,0
BRDA:149,1,1,0
BRDA:156,2,0,0
BRDA:156,2,1,0
BRDA:156,2,2,0
BRDA:156,2,3,0
BRDA:156,2,4,0
BRF:9
BRH:0
end_of_record
TN:
SF:src\components\dialogs\delegate-validator-dialog.vue
FN:216,get
FN:222,set
FN:233,get
FN:239,set
FN:250,get
FN:258,set
FN:263,get
FN:271,set
FN:276,get
FN:288,data
FN:302,onClose
FN:306,onCreatePAccount
FN:309,onSubmit
FN:344,onReset
FNF:14
FNH:0
FNDA:0,get
FNDA:0,set
FNDA:0,get
FNDA:0,set
FNDA:0,get
FNDA:0,set
FNDA:0,get
FNDA:0,set
FNDA:0,get
FNDA:0,data
FNDA:0,onClose
FNDA:0,onCreatePAccount
FNDA:0,onSubmit
FNDA:0,onReset
DA:183,0
DA:188,0
DA:189,0
DA:190,0
DA:192,0
DA:198,0
DA:202,0
DA:217,0
DA:223,0
DA:234,0
DA:240,0
DA:252,0
DA:253,0
DA:254,0
DA:256,0
DA:259,0
DA:265,0
DA:266,0
DA:267,0
DA:269,0
DA:272,0
DA:277,0
DA:278,0
DA:279,0
DA:289,0
DA:303,0
DA:304,0
DA:307,0
DA:309,0
DA:310,0
DA:312,0
DA:318,0
DA:322,0
DA:331,0
DA:335,0
DA:341,0
DA:345,0
DA:346,0
DA:347,0
DA:348,0
LF:40
LH:0
BRDA:252,0,0,0
BRDA:252,0,1,0
BRDA:265,1,0,0
BRDA:265,1,1,0
BRDA:278,2,0,0
BRDA:278,2,1,0
BRDA:309,3,0,0
BRDA:309,3,1,0
BRDA:309,3,2,0
BRDA:309,3,3,0
BRDA:309,3,4,0
BRDA:309,3,5,0
BRDA:309,4,0,0
BRDA:309,4,1,0
BRF:14
BRH:0
end_of_record
TN:
SF:src\components\dialogs\node-health-dialog.vue
FN:74,nodeHealthInfo
FN:77,healthy
FN:84,heartbeat
FN:95,duration
FN:105,timeOfFirstFailure
FN:115,contiguousFailures
FNF:6
FNH:0
FNDA:0,nodeHealthInfo
FNDA:0,healthy
FNDA:0,heartbeat
FNDA:0,duration
FNDA:0,timeOfFirstFailure
FNDA:0,contiguousFailures
DA:58,0
DA:59,0
DA:61,0
DA:75,0
DA:78,0
DA:79,0
DA:81,0
DA:85,0
DA:86,0
DA:90,0
DA:92,0
DA:96,0
DA:97,0
DA:100,0
DA:102,0
DA:106,0
DA:107,0
DA:110,0
DA:112,0
DA:116,0
DA:117,0
DA:120,0
DA:122,0
LF:23
LH:0
BRF:0
BRH:0
end_of_record
TN:
SF:src\components\dialogs\p-create-account-dialog.vue
FN:160,data
FN:171,created
FN:183,onOpenCreateUserD
FN:187,onClose
FN:191,onSubmit
FN:212,onSelect
FN:228,fund
FN:237,onSelectItem
FN:239,paying
FN:246,destination
FNF:10
FNH:0
FNDA:0,data
FNDA:0,created
FNDA:0,onOpenCreateUserD
FNDA:0,onClose
FNDA:0,onSubmit
FNDA:0,onSelect
FNDA:0,fund
FNDA:0,onSelectItem
FNDA:0,paying
FNDA:0,destination
DA:133,0
DA:135,0
DA:137,0
DA:143,0
DA:161,0
DA:172,0
DA:184,0
DA:185,0
DA:188,0
DA:189,0
DA:191,0
DA:192,0
DA:193,0
DA:203,0
DA:205,0
DA:206,0
DA:208,0
DA:209,0
DA:212,0
DA:213,0
DA:214,0
DA:216,0
DA:221,0
DA:222,0
DA:224,0
DA:225,0
DA:228,0
DA:237,0
DA:238,0
DA:240,0
DA:247,0
DA:255,0
DA:256,0
DA:257,0
DA:261,0
DA:262,0
DA:264,0
LF:37
LH:0
BRDA:191,0,0,0
BRDA:191,0,1,0
BRDA:191,0,2,0
BRDA:191,0,3,0
BRDA:191,0,4,0
BRDA:191,0,5,0
BRDA:191,0,6,0
BRDA:191,1,0,0
BRDA:191,1,1,0
BRDA:212,2,0,0
BRDA:212,2,1,0
BRDA:212,2,2,0
BRDA:212,2,3,0
BRDA:212,2,4,0
BRDA:228,3,0,0
BRDA:228,3,1,0
BRDA:228,3,2,0
BRDA:237,4,0,0
BRDA:237,4,1,0
BRDA:237,4,2,0
BRDA:237,4,3,0
BRDA:237,4,4,0
BRDA:237,5,0,0
BRDA:237,5,1,0
BRF:24
BRH:0
end_of_record
TN:
SF:src\components\dialogs\select-account-dialog.vue
FN:76,onSelectClick
FNF:1
FNH:0
FNDA:0,onSelectClick
DA:57,0
DA:59,0
DA:77,0
LF:3
LH:0
BRF:0
BRH:0
end_of_record
TN:
SF:src\components\dialogs\sign-tx-dialog.vue
FN:113,data
FN:120,created
FN:129,onSubmit
FNF:3
FNH:0
FNDA:0,data
FNDA:0,created
FNDA:0,onSubmit
DA:95,0
DA:97,0
DA:101,0
DA:114,0
DA:121,0
DA:129,0
DA:131,0
DA:137,0
DA:143,0
DA:144,0
DA:146,0
LF:11
LH:0
BRDA:129,0,0,0
BRDA:129,0,1,0
BRDA:129,0,2,0
BRDA:129,0,3,0
BRDA:129,0,4,0
BRF:5
BRH:0
end_of_record
TN:
SF:src\components\items\blockchain.vue
FN:67,onOpenAssetInfo
FNF:1
FNH:0
FNDA:0,onOpenAssetInfo
DA:51,0
DA:53,0
DA:68,0
LF:3
LH:0
BRF:0
BRH:0
end_of_record
TN:
SF:src\components\items\node-connection.vue
FN:43,nodeHealthInfo
FN:46,healthy
FN:53,color
FN:59,onOpenHealth
FNF:4
FNH:0
FNDA:0,nodeHealthInfo
FNDA:0,healthy
FNDA:0,color
FNDA:0,onOpenHealth
DA:27,0
DA:29,0
DA:44,0
DA:47,0
DA:48,0
DA:50,0
DA:54,0
DA:55,0
DA:60,0
LF:9
LH:0
BRDA:54,0,0,0
BRDA:54,0,1,0
BRF:2
BRH:0
end_of_record
TN:
SF:src\components\items\select-network-dropdown.vue
FN:41,data
FNF:1
FNH:0
FNDA:0,data
DA:32,0
DA:33,0
DA:42,0
LF:3
LH:0
BRF:0
BRH:0
end_of_record
TN:
SF:src\components\items\subnet-blockchains.vue
FN:81,onSelectBlockchain
FNF:1
FNH:0
FNDA:0,onSelectBlockchain
DA:59,0
DA:61,0
DA:82,0
LF:3
LH:0
BRF:0
BRH:0
end_of_record
TN:
SF:src\components\items\subnet.vue
FNF:0
FNH:0
DA:22,0
LF:1
LH:0
BRF:0
BRH:0
end_of_record
TN:
SF:src\components\items\subnetwork.vue
FNF:0
FNH:0
DA:41,0
LF:1
LH:0
BRF:0
BRH:0
end_of_record
TN:
SF:src\components\panels\faqs.vue
FN:42,data
FNF:1
FNH:0
FNDA:0,data
DA:43,0
LF:1
LH:0
BRF:0
BRH:0
end_of_record
TN:
SF:src\components\panels\network.vue
FNF:0
FNH:0
DA:30,0
DA:32,0
DA:33,0
DA:34,0
DA:35,0
DA:36,0
LF:6
LH:0
BRF:0
BRH:0
end_of_record
TN:
SF:src\components\panels\settings.vue
FNF:0
FNH:0
DA:60,0
DA:61,0
DA:62,0
LF:3
LH:0
BRF:0
BRH:0
end_of_record
TN:
SF:src\components\panels\stake.vue
FNF:0
FNH:0
DA:62,0
LF:1
LH:0
BRF:0
BRH:0
end_of_record
TN:
SF:src\components\panels\table-delegators.vue
FN:131,data
FN:149,field
FN:167,field
FN:185,get
FN:192,onClick
FN:199,getLocalString
FN:203,copyToClipboard
FN:215,onGetDelegators
FN:217,active
FN:218,pending
FN:223,onSwitchAccounts
FN:234,formatDate
FNF:12
FNH:0
FNDA:0,data
FNDA:0,field
FNDA:0,field
FNDA:0,get
FNDA:0,onClick
FNDA:0,getLocalString
FNDA:0,copyToClipboard
FNDA:0,onGetDelegators
FNDA:0,active
FNDA:0,pending
FNDA:0,onSwitchAccounts
FNDA:0,formatDate
DA:119,0
DA:121,0
DA:122,0
DA:123,0
DA:124,0
DA:132,0
DA:149,0
DA:167,0
DA:186,0
DA:187,0
DA:193,0
DA:194,0
DA:195,0
DA:200,0
DA:201,0
DA:204,0
DA:206,0
DA:207,0
DA:215,0
DA:216,0
DA:217,0
DA:218,0
DA:220,0
DA:221,0
DA:224,0
DA:228,0
DA:235,0
DA:236,0
LF:28
LH:0
BRDA:167,0,0,0
BRDA:167,0,1,0
BRDA:186,1,0,0
BRDA:186,1,1,0
BRDA:193,2,0,0
BRDA:193,2,1,0
BRDA:200,3,0,0
BRDA:200,3,1,0
BRDA:204,4,0,0
BRDA:204,4,1,0
BRDA:235,5,0,0
BRDA:235,5,1,0
BRF:12
BRH:0
end_of_record
TN:
SF:src\components\panels\table-validators.vue
FN:327,data
FN:344,field
FN:358,field
FN:382,get
FN:387,visibleColumns
FN:388,(anonymous_11)
FN:389,(anonymous_12)
FN:390,(anonymous_13)
FN:396,onClick
FN:407,onDelegate
FN:412,getLocalString
FN:416,onAddValidator
FN:419,onAddIdentification
FN:422,copyToClipboard
FN:434,onGetValidators
FN:436,active
FN:437,pending
FN:442,onSwitchAccounts
FN:453,formatDate
FNF:19
FNH:0
FNDA:0,data
FNDA:0,field
FNDA:0,field
FNDA:0,get
FNDA:0,visibleColumns
FNDA:0,(anonymous_11)
FNDA:0,(anonymous_12)
FNDA:0,(anonymous_13)
FNDA:0,onClick
FNDA:0,onDelegate
FNDA:0,getLocalString
FNDA:0,onAddValidator
FNDA:0,onAddIdentification
FNDA:0,copyToClipboard
FNDA:0,onGetValidators
FNDA:0,active
FNDA:0,pending
FNDA:0,onSwitchAccounts
FNDA:0,formatDate
DA:299,0
DA:301,0
DA:306,0
DA:307,0
DA:308,0
DA:309,0
DA:310,0
DA:311,0
DA:312,0
DA:313,0
DA:328,0
DA:344,0
DA:358,0
DA:383,0
DA:384,0
DA:388,0
DA:389,0
DA:390,0
DA:392,0
DA:397,0
DA:398,0
DA:399,0
DA:400,0
DA:402,0
DA:403,0
DA:408,0
DA:413,0
DA:414,0
DA:417,0
DA:420,0
DA:423,0
DA:425,0
DA:426,0
DA:434,0
DA:435,0
DA:436,0
DA:437,0
DA:439,0
DA:440,0
DA:443,0
DA:447,0
DA:454,0
DA:455,0
LF:43
LH:0
BRDA:358,0,0,0
BRDA:358,0,1,0
BRDA:383,1,0,0
BRDA:383,1,1,0
BRDA:389,2,0,0
BRDA:389,2,1,0
BRDA:397,3,0,0
BRDA:397,3,1,0
BRDA:413,4,0,0
BRDA:413,4,1,0
BRDA:423,5,0,0
BRDA:423,5,1,0
BRDA:454,6,0,0
BRDA:454,6,1,0
BRF:14
BRH:0
end_of_record
TN:
SF:src\components\panels\transactions.vue
FN:61,data
FN:78,tps
FN:83,mounted
FN:86,(anonymous_9)
FN:99,initCharts
FN:104,onGetData
FN:113,options
FN:124,callback
FN:132,callback
FN:140,label
FN:158,update
FN:167,getSec
FN:173,getLabels
FN:179,(anonymous_24)
FN:183,getVolChartData
FN:188,(anonymous_26)
FN:198,getTpsChartData
FN:203,(anonymous_28)
FN:216,getVolumeChart
FN:228,getTpsChart
FNF:20
FNH:0
FNDA:0,data
FNDA:0,tps
FNDA:0,mounted
FNDA:0,(anonymous_9)
FNDA:0,initCharts
FNDA:0,onGetData
FNDA:0,options
FNDA:0,callback
FNDA:0,callback
FNDA:0,label
FNDA:0,update
FNDA:0,getSec
FNDA:0,getLabels
FNDA:0,(anonymous_24)
FNDA:0,getVolChartData
FNDA:0,(anonymous_26)
FNDA:0,getTpsChartData
FNDA:0,(anonymous_28)
FNDA:0,getVolumeChart
FNDA:0,getTpsChart
DA:51,0
DA:52,0
DA:53,0
DA:55,0
DA:57,0
DA:62,0
DA:79,0
DA:80,0
DA:83,0
DA:84,0
DA:85,0
DA:86,0
DA:90,0
DA:91,0
DA:100,0
DA:101,0
DA:102,0
DA:104,0
DA:105,0
DA:106,0
DA:111,0
DA:114,0
DA:125,0
DA:133,0
DA:141,0
DA:146,0
DA:148,0
DA:149,0
DA:151,0
DA:152,0
DA:159,0
DA:160,0
DA:161,0
DA:162,0
DA:164,0
DA:165,0
DA:168,0
DA:171,0
DA:174,0
DA:175,0
DA:176,0
DA:177,0
DA:179,0
DA:181,0
DA:184,0
DA:185,0
DA:186,0
DA:188,0
DA:193,0
DA:198,0
DA:199,0
DA:200,0
DA:201,0
DA:204,0
DA:205,0
DA:211,0
DA:217,0
DA:222,0
DA:229,0
DA:234,0
LF:60
LH:0
BRDA:86,0,0,0
BRDA:86,0,1,0
BRDA:86,0,2,0
BRDA:86,0,3,0
BRDA:86,0,4,0
BRDA:86,1,0,0
BRDA:86,1,1,0
BRDA:90,2,0,0
BRDA:90,2,1,0
BRDA:104,3,0,0
BRDA:104,3,1,0
BRDA:104,3,2,0
BRDA:104,3,3,0
BRDA:104,3,4,0
BRDA:104,4,0,0
BRDA:104,4,1,0
BRDA:141,5,0,0
BRDA:141,5,1,0
BRDA:141,6,0,0
BRDA:141,6,1,0
BRDA:141,6,2,0
BRDA:146,7,0,0
BRDA:146,7,1,0
BRDA:148,8,0,0
BRDA:148,8,1,0
BRDA:162,9,0,0
BRDA:162,9,1,0
BRDA:175,10,0,0
BRDA:175,10,1,0
BRDA:185,11,0,0
BRDA:185,11,1,0
BRDA:200,12,0,0
BRDA:200,12,1,0
BRF:33
BRH:0
end_of_record
TN:
SF:src\layouts\MainLayout.vue
FN:112,data
FN:125,mounted
FN:129,calculate
FNF:3
FNH:0
FNDA:0,data
FNDA:0,mounted
FNDA:0,calculate
DA:103,0
DA:104,0
DA:113,0
DA:126,0
DA:130,0
DA:131,0
DA:132,0
DA:133,0
LF:8
LH:0
BRF:0
BRH:0
end_of_record
TN:
SF:src\modules\config.js
FNF:0
FNH:0
LF:0
LH:0
BRF:0
BRH:0
end_of_record
TN:
SF:src\modules\network.js
FN:10,(anonymous_0)
FN:19,(anonymous_1)
FN:29,(anonymous_2)
FN:41,(anonymous_3)
FN:51,(anonymous_4)
FN:64,(anonymous_5)
FN:69,(anonymous_6)
FN:74,(anonymous_7)
FN:79,(anonymous_8)
FN:84,(anonymous_9)
FN:89,(anonymous_10)
FN:94,(anonymous_11)
FN:99,(anonymous_12)
FN:104,(anonymous_13)
FN:109,(anonymous_14)
FN:114,(anonymous_15)
FN:119,(anonymous_16)
FN:124,(anonymous_17)
FN:129,(anonymous_18)
FN:134,(anonymous_19)
FN:139,(anonymous_20)
FN:144,(anonymous_21)
FN:149,(anonymous_22)
FN:154,(anonymous_23)
FN:159,(anonymous_24)
FNF:25
FNH:0
FNDA:0,(anonymous_0)
FNDA:0,(anonymous_1)
FNDA:0,(anonymous_2)
FNDA:0,(anonymous_3)
FNDA:0,(anonymous_4)
FNDA:0,(anonymous_5)
FNDA:0,(anonymous_6)
FNDA:0,(anonymous_7)
FNDA:0,(anonymous_8)
FNDA:0,(anonymous_9)
FNDA:0,(anonymous_10)
FNDA:0,(anonymous_11)
FNDA:0,(anonymous_12)
FNDA:0,(anonymous_13)
FNDA:0,(anonymous_14)
FNDA:0,(anonymous_15)
FNDA:0,(anonymous_16)
FNDA:0,(anonymous_17)
FNDA:0,(anonymous_18)
FNDA:0,(anonymous_19)
FNDA:0,(anonymous_20)
FNDA:0,(anonymous_21)
FNDA:0,(anonymous_22)
FNDA:0,(anonymous_23)
FNDA:0,(anonymous_24)
DA:5,0
DA:7,0
DA:8,0
DA:10,0
DA:11,0
DA:19,0
DA:20,0
DA:21,0
DA:23,0
DA:25,0
DA:29,0
DA:30,0
DA:31,0
DA:33,0
DA:35,0
DA:37,0
DA:41,0
DA:42,0
DA:43,0
DA:45,0
DA:47,0
DA:51,0
DA:52,0
DA:53,0
DA:57,0
DA:58,0
DA:60,0
DA:64,0
DA:65,0
DA:66,0
DA:69,0
DA:70,0
DA:71,0
DA:74,0
DA:75,0
DA:76,0
DA:79,0
DA:80,0
DA:81,0
DA:84,0
DA:85,0
DA:86,0
DA:89,0
DA:90,0
DA:91,0
DA:94,0
DA:95,0
DA:96,0
DA:99,0
DA:100,0
DA:101,0
DA:104,0
DA:105,0
DA:106,0
DA:109,0
DA:110,0
DA:111,0
DA:114,0
DA:115,0
DA:116,0
DA:119,0
DA:120,0
DA:121,0
DA:124,0
DA:125,0
DA:126,0
DA:129,0
DA:130,0
DA:131,0
DA:134,0
DA:135,0
DA:136,0
DA:139,0
DA:140,0
DA:141,0
DA:144,0
DA:145,0
DA:146,0
DA:149,0
DA:150,0
DA:151,0
DA:154,0
DA:155,0
DA:156,0
DA:159,0
DA:160,0
DA:161,0
LF:87
LH:0
BRDA:10,0,0,0
BRDA:33,1,0,0
BRDA:33,1,1,0
BRF:3
BRH:0
end_of_record
TN:
SF:src\modules\networkRpc.js
FN:17,(anonymous_0)
FN:28,(anonymous_1)
FN:30,(anonymous_2)
FN:33,(anonymous_3)
FN:37,(anonymous_4)
FN:43,(anonymous_5)
FN:58,(anonymous_6)
FN:87,(anonymous_7)
FN:89,(anonymous_8)
FN:91,(anonymous_9)
FN:94,(anonymous_10)
FN:97,(anonymous_11)
FN:105,(anonymous_12)
FN:114,(anonymous_13)
FN:133,(anonymous_14)
FN:150,(anonymous_15)
FN:169,(anonymous_16)
FN:171,(anonymous_17)
FN:173,(anonymous_18)
FN:175,(anonymous_19)
FN:176,(anonymous_20)
FN:183,(anonymous_21)
FN:195,(anonymous_22)
FNF:23
FNH:0
FNDA:0,(anonymous_0)
FNDA:0,(anonymous_1)
FNDA:0,(anonymous_2)
FNDA:0,(anonymous_3)
FNDA:0,(anonymous_4)
FNDA:0,(anonymous_5)
FNDA:0,(anonymous_6)
FNDA:0,(anonymous_7)
FNDA:0,(anonymous_8)
FNDA:0,(anonymous_9)
FNDA:0,(anonymous_10)
FNDA:0,(anonymous_11)
FNDA:0,(anonymous_12)
FNDA:0,(anonymous_13)
FNDA:0,(anonymous_14)
FNDA:0,(anonymous_15)
FNDA:0,(anonymous_16)
FNDA:0,(anonymous_17)
FNDA:0,(anonymous_18)
FNDA:0,(anonymous_19)
FNDA:0,(anonymous_20)
FNDA:0,(anonymous_21)
FNDA:0,(anonymous_22)
DA:2,0
DA:14,0
DA:15,0
DA:17,0
DA:18,0
DA:19,0
DA:20,0
DA:21,0
DA:24,0
DA:25,0
DA:28,0
DA:29,0
DA:30,0
DA:31,0
DA:33,0
DA:34,0
DA:35,0
DA:37,0
DA:38,0
DA:40,0
DA:43,0
DA:44,0
DA:45,0
DA:52,0
DA:54,0
DA:58,0
DA:59,0
DA:60,0
DA:61,0
DA:62,0
DA:65,0
DA:67,0
DA:76,0
DA:78,0
DA:87,0
DA:88,0
DA:89,0
DA:90,0
DA:92,0
DA:95,0
DA:98,0
DA:99,0
DA:100,0
DA:105,0
DA:106,0
DA:107,0
DA:108,0
DA:110,0
DA:114,0
DA:115,0
DA:117,0
DA:118,0
DA:123,0
DA:129,0
DA:133,0
DA:134,0
DA:139,0
DA:150,0
DA:151,0
DA:152,0
DA:157,0
DA:158,0
DA:159,0
DA:160,0
DA:162,0
DA:163,0
DA:165,0
DA:169,0
DA:171,0
DA:173,0
DA:174,0
DA:175,0
DA:176,0
DA:177,0
DA:180,0
DA:184,0
DA:186,0
DA:193,0
DA:194,0
DA:195,0
DA:196,0
DA:197,0
DA:199,0
DA:201,0
LF:84
LH:0
BRDA:18,0,0,0
BRDA:18,0,1,0
BRDA:95,1,0,0
BRDA:95,1,1,0
BRDA:98,2,0,0
BRDA:98,2,1,0
BRDA:98,3,0,0
BRDA:98,3,1,0
BRDA:105,4,0,0
BRDA:115,5,0,0
BRDA:115,5,1,0
BRDA:157,6,0,0
BRDA:157,6,1,0
BRDA:158,7,0,0
BRDA:158,7,1,0
BRDA:159,8,0,0
BRDA:159,8,1,0
BRDA:174,9,0,0
BRDA:174,9,1,0
BRDA:184,10,0,0
BRDA:184,10,1,0
BRDA:197,11,0,0
BRDA:197,11,1,0
BRDA:199,12,0,0
BRDA:199,12,1,0
BRF:25
BRH:0
end_of_record
TN:
SF:src\modules\string-conversion.js
FN:1,(anonymous_0)
FN:13,(anonymous_1)
FNF:2
FNH:0
FNDA:0,(anonymous_0)
FNDA:0,(anonymous_1)
DA:1,0
DA:2,0
DA:3,0
DA:4,0
DA:7,0
DA:13,0
DA:14,0
DA:15,0
DA:17,0
LF:9
LH:0
BRDA:2,0,0,0
BRDA:2,0,1,0
BRDA:3,1,0,0
BRDA:3,1,1,0
BRDA:14,2,0,0
BRDA:14,2,1,0
BRF:6
BRH:0
end_of_record
TN:
SF:src\modules\time.js
FN:3,(anonymous_0)
FN:10,(anonymous_1)
FN:14,(anonymous_2)
FN:18,(anonymous_3)
FN:23,(anonymous_4)
FN:30,(anonymous_5)
FN:35,(anonymous_6)
FN:39,(anonymous_7)
FN:43,(anonymous_8)
FN:47,(anonymous_9)
FNF:10
FNH:1
FNDA:0,(anonymous_0)
FNDA:0,(anonymous_1)
FNDA:0,(anonymous_2)
FNDA:0,(anonymous_3)
FNDA:0,(anonymous_4)
FNDA:0,(anonymous_5)
FNDA:0,(anonymous_6)
FNDA:0,(anonymous_7)
FNDA:12,(anonymous_8)
FNDA:0,(anonymous_9)
DA:3,2
DA:4,0
DA:5,0
DA:7,0
DA:10,2
DA:11,0
DA:14,2
DA:15,0
DA:18,2
DA:19,0
DA:20,0
DA:23,2
DA:24,0
DA:25,0
DA:26,0
DA:27,0
DA:30,2
DA:31,0
DA:32,0
DA:35,2
DA:36,0
DA:39,2
DA:40,0
DA:43,2
DA:44,12
DA:47,2
DA:48,0
LF:27
LH:11
BRDA:26,0,0,0
BRDA:26,0,1,0
BRF:2
BRH:0
end_of_record
TN:
SF:src\pages\Index.vue
FN:124,getValidatorsV
FN:126,(anonymous_9)
FN:130,(anonymous_13)
FNF:3
FNH:0
FNDA:0,getValidatorsV
FNDA:0,(anonymous_9)
FNDA:0,(anonymous_13)
DA:71,0
DA:76,0
DA:77,0
DA:78,0
DA:79,0
DA:80,0
DA:81,0
DA:83,0
DA:124,0
DA:125,0
DA:126,0
DA:130,0
LF:12
LH:0
BRDA:124,0,0,0
BRDA:124,0,1,0
BRDA:124,0,2,0
BRDA:126,1,0,0
BRDA:126,1,1,0
BRDA:126,1,2,0
BRDA:126,1,3,0
BRDA:130,2,0,0
BRDA:130,2,1,0
BRDA:130,2,2,0
BRDA:130,2,3,0
BRDA:124,3,0,0
BRDA:124,3,1,0
BRF:13
BRH:0
end_of_record
TN:
SF:src\router\index.js
FN:17,(anonymous_0)
FN:19,(anonymous_1)
FNF:2
FNH:0
FNDA:0,(anonymous_0)
FNDA:0,(anonymous_1)
DA:6,0
DA:18,0
DA:19,0
DA:29,0
LF:4
LH:0
BRF:0
BRH:0
end_of_record
TN:
SF:src\router\routes.js
FN:5,(anonymous_0)
FN:7,(anonymous_1)
FN:16,(anonymous_2)
FNF:3
FNH:0
FNDA:0,(anonymous_0)
FNDA:0,(anonymous_1)
FNDA:0,(anonymous_2)
DA:2,0
DA:5,0
DA:7,0
DA:13,0
DA:14,0
DA:16,0
LF:6
LH:0
BRDA:13,0,0,0
BRDA:13,0,1,0
BRF:2
BRH:0
end_of_record
TN:
SF:src\store\index.js
FN:12,(anonymous_0)
FN:41,resetState
FNF:2
FNH:0
FNDA:0,(anonymous_0)
FNDA:0,resetState
DA:8,0
DA:10,0
DA:13,0
DA:15,0
DA:17,0
DA:29,0
DA:40,0
DA:42,0
LF:8
LH:0
BRF:0
BRH:0
end_of_record
TN:
SF:src\store\store-flag.d.ts
FNF:0
FNH:0
LF:0
LH:0
BRF:0
BRH:0
end_of_record
TN:
SF:src\store\app\actions.js
FN:89,initApp
FN:111,(anonymous_1)
FN:135,getBlockchains
FN:154,getSubnets
FN:167,(anonymous_4)
FN:187,getTxsFor24H
FN:207,getTotalTXs
FN:219,getTxsHistory
FN:236,(anonymous_8)
FN:256,getAssetsByBlockchain
FN:264,initValidators
FN:288,getValidators
FN:315,getPendingValidators
FN:345,getNodeId
FN:356,getAccount
FN:405,createAccount
FN:427,createUser
FN:455,listAccounts
FN:471,addValidatorToDefaultS
FN:504,addDefaultSubnetDelegator
FN:536,signTransaction
FN:568,fundAccount
FN:590,(anonymous_22)
FN:623,getNodeHealth
FN:635,subscribeToEvents
FN:636,(anonymous_25)
FNF:26
FNH:0
FNDA:0,initApp
FNDA:0,(anonymous_1)
FNDA:0,getBlockchains
FNDA:0,getSubnets
FNDA:0,(anonymous_4)
FNDA:0,getTxsFor24H
FNDA:0,getTotalTXs
FNDA:0,getTxsHistory
FNDA:0,(anonymous_8)
FNDA:0,getAssetsByBlockchain
FNDA:0,initValidators
FNDA:0,getValidators
FNDA:0,getPendingValidators
FNDA:0,getNodeId
FNDA:0,getAccount
FNDA:0,createAccount
FNDA:0,createUser
FNDA:0,listAccounts
FNDA:0,addValidatorToDefaultS
FNDA:0,addDefaultSubnetDelegator
FNDA:0,signTransaction
FNDA:0,fundAccount
FNDA:0,(anonymous_22)
FNDA:0,getNodeHealth
FNDA:0,subscribeToEvents
FNDA:0,(anonymous_25)
DA:90,0
DA:91,0
DA:105,0
DA:111,0
DA:112,0
DA:113,0
DA:126,0
DA:127,0
DA:128,0
DA:136,0
DA:140,0
DA:141,0
DA:144,0
DA:145,0
DA:146,0
DA:148,0
DA:149,0
DA:155,0
DA:159,0
DA:160,0
DA:163,0
DA:164,0
DA:165,0
DA:167,0
DA:168,0
DA:175,0
DA:176,0
DA:178,0
DA:184,0
DA:188,0
DA:189,0
DA:194,0
DA:195,0
DA:197,0
DA:198,0
DA:199,0
DA:208,0
DA:209,0
DA:210,0
DA:212,0
DA:213,0
DA:216,0
DA:220,0
DA:221,0
DA:223,0
DA:224,0
DA:227,0
DA:233,0
DA:235,0
DA:236,0
DA:237,0
DA:239,0
DA:243,0
DA:246,0
DA:247,0
DA:249,0
DA:253,0
DA:257,0
DA:258,0
DA:259,0
DA:261,0
DA:265,0
DA:270,0
DA:271,0
DA:274,0
DA:275,0
DA:276,0
DA:278,0
DA:280,0
DA:281,0
DA:283,0
DA:284,0
DA:285,0
DA:291,0
DA:295,0
DA:296,0
DA:299,0
DA:300,0
DA:301,0
DA:303,0
DA:305,0
DA:306,0
DA:307,0
DA:309,0
DA:310,0
DA:311,0
DA:312,0
DA:316,0
DA:321,0
DA:322,0
DA:323,0
DA:326,0
DA:328,0
DA:329,0
DA:331,0
DA:332,0
DA:333,0
DA:334,0
DA:337,0
DA:339,0
DA:341,0
DA:342,0
DA:346,0
DA:347,0
DA:348,0
DA:350,0
DA:351,0
DA:353,0
DA:359,0
DA:360,0
DA:364,0
DA:365,0
DA:367,0
DA:368,0
DA:369,0
DA:370,0
DA:371,0
DA:382,0
DA:394,0
DA:408,0
DA:409,0
DA:410,0
DA:415,0
DA:416,0
DA:419,0
DA:421,0
DA:423,0
DA:428,0
DA:429,0
DA:430,0
DA:434,0
DA:435,0
DA:438,0
DA:439,0
DA:444,0
DA:445,0
DA:447,0
DA:449,0
DA:451,0
DA:456,0
DA:457,0
DA:458,0
DA:462,0
DA:463,0
DA:465,0
DA:467,0
DA:472,0
DA:473,0
DA:474,0
DA:479,0
DA:480,0
DA:482,0
DA:484,0
DA:485,0
DA:486,0
DA:487,0
DA:490,0
DA:494,0
DA:495,0
DA:498,0
DA:500,0
DA:505,0
DA:506,0
DA:507,0
DA:512,0
DA:513,0
DA:515,0
DA:516,0
DA:517,0
DA:518,0
DA:519,0
DA:522,0
DA:526,0
DA:527,0
DA:530,0
DA:532,0
DA:539,0
DA:540,0
DA:541,0
DA:550,0
DA:551,0
DA:554,0
DA:558,0
DA:559,0
DA:562,0
DA:564,0
DA:571,0
DA:572,0
DA:573,0
DA:576,0
DA:577,0
DA:579,0
DA:580,0
DA:582,0
DA:585,0
DA:586,0
DA:587,0
DA:590,0
DA:591,0
DA:592,0
DA:594,0
DA:603,0
DA:604,0
DA:607,0
DA:612,0
DA:613,0
DA:616,0
DA:619,0
DA:624,0
DA:625,0
DA:626,0
DA:628,0
DA:629,0
DA:632,0
DA:636,0
DA:637,0
DA:638,0
DA:642,0
LF:218
LH:0
BRDA:127,0,0,0
BRDA:127,0,1,0
BRDA:140,1,0,0
BRDA:140,1,1,0
BRDA:145,2,0,0
BRDA:145,2,1,0
BRDA:145,3,0,0
BRDA:145,3,1,0
BRDA:159,4,0,0
BRDA:159,4,1,0
BRDA:164,5,0,0
BRDA:164,5,1,0
BRDA:164,6,0,0
BRDA:164,6,1,0
BRDA:175,7,0,0
BRDA:175,7,1,0
BRDA:194,8,0,0
BRDA:194,8,1,0
BRDA:194,9,0,0
BRDA:194,9,1,0
BRDA:209,10,0,0
BRDA:209,10,1,0
BRDA:209,11,0,0
BRDA:209,11,1,0
BRDA:221,12,0,0
BRDA:221,12,1,0
BRDA:233,13,0,0
BRDA:233,13,1,0
BRDA:237,14,0,0
BRDA:237,14,1,0
BRDA:237,15,0,0
BRDA:237,15,1,0
BRDA:258,16,0,0
BRDA:258,16,1,0
BRDA:258,17,0,0
BRDA:258,17,1,0
BRDA:270,18,0,0
BRDA:270,18,1,0
BRDA:275,19,0,0
BRDA:275,19,1,0
BRDA:275,20,0,0
BRDA:275,20,1,0
BRDA:295,21,0,0
BRDA:295,21,1,0
BRDA:300,22,0,0
BRDA:300,22,1,0
BRDA:300,23,0,0
BRDA:300,23,1,0
BRDA:303,24,0,0
BRDA:303,24,1,0
BRDA:321,25,0,0
BRDA:321,25,1,0
BRDA:328,26,0,0
BRDA:328,26,1,0
BRDA:328,27,0,0
BRDA:328,27,1,0
BRDA:331,28,0,0
BRDA:331,28,1,0
BRDA:347,29,0,0
BRDA:347,29,1,0
BRDA:350,30,0,0
BRDA:350,30,1,0
BRDA:350,31,0,0
BRDA:350,31,1,0
BRDA:364,32,0,0
BRDA:364,32,1,0
BRDA:368,33,0,0
BRDA:368,33,1,0
BRDA:368,34,0,0
BRDA:368,34,1,0
BRDA:370,35,0,0
BRDA:370,35,1,0
BRDA:415,36,0,0
BRDA:415,36,1,0
BRDA:434,37,0,0
BRDA:434,37,1,0
BRDA:438,38,0,0
BRDA:438,38,1,0
BRDA:444,39,0,0
BRDA:444,39,1,0
BRDA:462,40,0,0
BRDA:462,40,1,0
BRDA:479,41,0,0
BRDA:479,41,1,0
BRDA:486,42,0,0
BRDA:486,42,1,0
BRDA:494,43,0,0
BRDA:494,43,1,0
BRDA:512,44,0,0
BRDA:512,44,1,0
BRDA:518,45,0,0
BRDA:518,45,1,0
BRDA:526,46,0,0
BRDA:526,46,1,0
BRDA:550,47,0,0
BRDA:550,47,1,0
BRDA:558,48,0,0
BRDA:558,48,1,0
BRDA:579,49,0,0
BRDA:579,49,1,0
BRDA:586,50,0,0
BRDA:586,50,1,0
BRDA:591,51,0,0
BRDA:591,51,1,0
BRDA:603,52,0,0
BRDA:603,52,1,0
BRDA:612,53,0,0
BRDA:612,53,1,0
BRDA:625,54,0,0
BRDA:625,54,1,0
BRDA:625,55,0,0
BRDA:625,55,1,0
BRDA:628,56,0,0
BRDA:628,56,1,0
BRDA:637,57,0,0
BRDA:637,57,1,0
BRF:116
BRH:0
end_of_record
TN:
SF:src\store\app\getters.js
FN:1,validators
FN:5,delegators
FN:9,validatorById
FN:10,(anonymous_3)
FN:12,(anonymous_4)
FN:15,pendingValidators
FN:19,pendingDelegators
FN:23,blockchains
FN:27,blockchainByID
FN:28,(anonymous_9)
FN:30,(anonymous_10)
FN:33,subnets
FN:37,currentSubnet
FN:41,currentBlockchain
FN:45,subnetID
FN:49,stakedAVA
FN:53,isDefaultSubnetID
FN:57,isBlockchainView
FN:61,networkEndpoint
FN:65,lastBlock
FN:69,blockTime
FN:73,avarageBlockTime
FN:74,(anonymous_22)
FN:78,txsFor24H
FN:82,prevTxsFor24H
FN:86,totalTxsCount
FN:90,prevTotalTxs
FN:94,txsHistory
FN:95,(anonymous_28)
FN:98,endpointsMemory
FN:102,txHKey
FN:106,assets
FN:107,(anonymous_32)
FN:110,nodeID
FN:114,nodeHealth
FN:115,(anonymous_35)
FNF:36
FNH:0
FNDA:0,validators
FNDA:0,delegators
FNDA:0,validatorById
FNDA:0,(anonymous_3)
FNDA:0,(anonymous_4)
FNDA:0,pendingValidators
FNDA:0,pendingDelegators
FNDA:0,blockchains
FNDA:0,blockchainByID
FNDA:0,(anonymous_9)
FNDA:0,(anonymous_10)
FNDA:0,subnets
FNDA:0,currentSubnet
FNDA:0,currentBlockchain
FNDA:0,subnetID
FNDA:0,stakedAVA
FNDA:0,isDefaultSubnetID
FNDA:0,isBlockchainView
FNDA:0,networkEndpoint
FNDA:0,lastBlock
FNDA:0,blockTime
FNDA:0,avarageBlockTime
FNDA:0,(anonymous_22)
FNDA:0,txsFor24H
FNDA:0,prevTxsFor24H
FNDA:0,totalTxsCount
FNDA:0,prevTotalTxs
FNDA:0,txsHistory
FNDA:0,(anonymous_28)
FNDA:0,endpointsMemory
FNDA:0,txHKey
FNDA:0,assets
FNDA:0,(anonymous_32)
FNDA:0,nodeID
FNDA:0,nodeHealth
FNDA:0,(anonymous_35)
DA:2,0
DA:6,0
DA:10,0
DA:12,0
DA:16,0
DA:20,0
DA:24,0
DA:28,0
DA:30,0
DA:34,0
DA:38,0
DA:42,0
DA:46,0
DA:50,0
DA:54,0
DA:58,0
DA:62,0
DA:66,0
DA:70,0
DA:74,0
DA:75,0
DA:79,0
DA:83,0
DA:87,0
DA:91,0
DA:95,0
DA:99,0
DA:103,0
DA:107,0
DA:111,0
DA:115,0
LF:31
LH:0
BRDA:75,0,0,0
BRDA:75,0,1,0
BRF:2
BRH:0
end_of_record
TN:
SF:src\store\app\index.js
FNF:0
FNH:0
LF:0
LH:0
BRF:0
BRH:0
end_of_record
TN:
SF:src\store\app\mutations.js
FN:30,(anonymous_0)
FN:33,(anonymous_1)
FN:36,(anonymous_2)
FN:39,(anonymous_3)
FN:42,(anonymous_4)
FN:45,(anonymous_5)
FN:48,(anonymous_6)
FN:51,(anonymous_7)
FN:54,(anonymous_8)
FN:59,(anonymous_9)
FN:63,(anonymous_10)
FN:68,(anonymous_11)
FN:71,(anonymous_12)
FN:74,(anonymous_13)
FN:79,(anonymous_14)
FN:82,(anonymous_15)
FN:85,(anonymous_16)
FN:90,(anonymous_17)
FN:93,(anonymous_18)
FN:94,(anonymous_19)
FN:96,(anonymous_20)
FN:98,(anonymous_21)
FN:99,(anonymous_22)
FNF:23
FNH:0
FNDA:0,(anonymous_0)
FNDA:0,(anonymous_1)
FNDA:0,(anonymous_2)
FNDA:0,(anonymous_3)
FNDA:0,(anonymous_4)
FNDA:0,(anonymous_5)
FNDA:0,(anonymous_6)
FNDA:0,(anonymous_7)
FNDA:0,(anonymous_8)
FNDA:0,(anonymous_9)
FNDA:0,(anonymous_10)
FNDA:0,(anonymous_11)
FNDA:0,(anonymous_12)
FNDA:0,(anonymous_13)
FNDA:0,(anonymous_14)
FNDA:0,(anonymous_15)
FNDA:0,(anonymous_16)
FNDA:0,(anonymous_17)
FNDA:0,(anonymous_18)
FNDA:0,(anonymous_19)
FNDA:0,(anonymous_20)
FNDA:0,(anonymous_21)
FNDA:0,(anonymous_22)
DA:4,0
DA:29,0
DA:31,0
DA:34,0
DA:37,0
DA:40,0
DA:43,0
DA:46,0
DA:49,0
DA:52,0
DA:55,0
DA:56,0
DA:57,0
DA:60,0
DA:61,0
DA:64,0
DA:65,0
DA:66,0
DA:69,0
DA:72,0
DA:75,0
DA:76,0
DA:77,0
DA:80,0
DA:83,0
DA:86,0
DA:87,0
DA:88,0
DA:91,0
DA:94,0
DA:97,0
DA:98,0
DA:99,0
DA:100,0
LF:34
LH:0
BRDA:56,0,0,0
BRDA:56,0,1,0
BRDA:60,1,0,0
BRDA:60,1,1,0
BRDA:75,2,0,0
BRDA:75,2,1,0
BRDA:75,3,0,0
BRDA:75,3,1,0
BRF:8
BRH:0
end_of_record
TN:
SF:src\store\app\state.js
FN:3,(anonymous_0)
FNF:1
FNH:0
FNDA:0,(anonymous_0)
DA:1,0
DA:4,0
LF:2
LH:0
BRF:0
BRH:0
end_of_record
TN:
SF:src\store\app\types.js
FNF:0
FNH:0
DA:1,0
DA:3,0
DA:4,0
DA:5,0
DA:6,0
DA:8,0
DA:9,0
DA:10,0
DA:12,0
DA:13,0
DA:15,0
DA:16,0
DA:18,0
DA:19,0
DA:21,0
DA:22,0
DA:23,0
DA:25,0
DA:26,0
DA:27,0
DA:29,0
DA:30,0
DA:31,0
DA:33,0
DA:34,0
DA:36,0
DA:37,0
DA:39,0
DA:40,0
DA:42,0
DA:43,0
DA:45,0
DA:47,0
DA:48,0
DA:49,0
DA:50,0
DA:52,0
DA:53,0
DA:55,0
DA:57,0
DA:58,0
LF:41
LH:0
BRF:0
BRH:0
end_of_record
TN:
SF:src\store\ui\actions.js
FN:23,(anonymous_0)
FN:27,(anonymous_1)
FN:31,(anonymous_2)
FN:42,(anonymous_3)
FN:46,(anonymous_4)
FN:50,(anonymous_5)
FN:54,(anonymous_6)
FN:58,(anonymous_7)
FN:62,(anonymous_8)
FN:66,(anonymous_9)
FN:70,(anonymous_10)
FN:74,(anonymous_11)
FN:78,(anonymous_12)
FN:82,(anonymous_13)
FN:86,(anonymous_14)
FN:90,(anonymous_15)
FN:98,(anonymous_16)
FN:106,(anonymous_17)
FN:115,(anonymous_18)
FNF:19
FNH:0
FNDA:0,(anonymous_0)
FNDA:0,(anonymous_1)
FNDA:0,(anonymous_2)
FNDA:0,(anonymous_3)
FNDA:0,(anonymous_4)
FNDA:0,(anonymous_5)
FNDA:0,(anonymous_6)
FNDA:0,(anonymous_7)
FNDA:0,(anonymous_8)
FNDA:0,(anonymous_9)
FNDA:0,(anonymous_10)
FNDA:0,(anonymous_11)
FNDA:0,(anonymous_12)
FNDA:0,(anonymous_13)
FNDA:0,(anonymous_14)
FNDA:0,(anonymous_15)
FNDA:0,(anonymous_16)
FNDA:0,(anonymous_17)
FNDA:0,(anonymous_18)
DA:23,0
DA:24,0
DA:27,0
DA:28,0
DA:31,0
DA:32,0
DA:42,0
DA:43,0
DA:46,0
DA:47,0
DA:50,0
DA:51,0
DA:54,0
DA:55,0
DA:58,0
DA:59,0
DA:62,0
DA:63,0
DA:66,0
DA:67,0
DA:70,0
DA:71,0
DA:74,0
DA:75,0
DA:78,0
DA:79,0
DA:82,0
DA:83,0
DA:86,0
DA:87,0
DA:90,0
DA:91,0
DA:98,0
DA:99,0
DA:106,0
DA:107,0
DA:115,0
DA:116,0
LF:38
LH:0
BRF:0
BRH:0
end_of_record
TN:
SF:src\store\ui\getters.js
FN:1,(anonymous_0)
FNF:1
FNH:0
FNDA:0,(anonymous_0)
DA:1,0
LF:1
LH:0
BRF:0
BRH:0
end_of_record
TN:
SF:src\store\ui\index.js
FNF:0
FNH:0
LF:0
LH:0
BRF:0
BRH:0
end_of_record
TN:
SF:src\store\ui\mutations.js
FN:6,(anonymous_0)
FN:8,(anonymous_1)
FNF:2
FNH:0
FNDA:0,(anonymous_0)
FNDA:0,(anonymous_1)
DA:5,0
DA:7,0
DA:8,0
DA:9,0
LF:4
LH:0
BRF:0
BRH:0
end_of_record
TN:
SF:src\store\ui\state.js
FN:2,(anonymous_0)
FNF:1
FNH:0
FNDA:0,(anonymous_0)
DA:3,0
LF:1
LH:0
BRF:0
BRH:0
end_of_record
TN:
SF:src\store\ui\types.js
FNF:0
FNH:0
DA:1,0
DA:3,0
DA:4,0
DA:6,0
DA:7,0
DA:9,0
DA:10,0
DA:12,0
DA:13,0
DA:15,0
DA:16,0
DA:18,0
DA:19,0
DA:21,0
DA:22,0
DA:24,0
DA:25,0
DA:27,0
DA:28,0
LF:19
LH:0
BRF:0
BRH:0
end_of_record
TN:
SF:src\utils\commons.js
FN:9,deepMerge
FN:13,(anonymous_1)
FN:16,(anonymous_2)
FN:17,(anonymous_3)
FN:33,groupBy
FN:34,(anonymous_5)
FN:40,round
FN:45,getChartLabel
FN:50,(anonymous_8)
FN:53,(anonymous_9)
FN:56,(anonymous_10)
FN:59,(anonymous_11)
FN:62,(anonymous_12)
FN:65,(anonymous_13)
FN:80,secBetweenTwoTime
FN:94,makeMD5
FN:98,coreMd5
FN:193,md5Cmn
FN:196,md5Ff
FN:199,md5Gg
FN:202,md5Hh
FN:205,md5Ii
FN:212,coreHmacMd5
FN:230,safeAdd
FN:239,bitRol
FN:247,str2binl
FN:259,binl2str
FN:271,binl2hex
FN:284,binl2b64
FN:312,(anonymous_29)
FN:316,(anonymous_30)
FN:320,(anonymous_31)
FN:325,(anonymous_32)
FN:329,(anonymous_33)
FN:333,(anonymous_34)
FN:338,(anonymous_35)
FN:344,getAvatar
FNF:37
FNH:21
FNDA:8,deepMerge
FNDA:9,(anonymous_1)
FNDA:10,(anonymous_2)
FNDA:9,(anonymous_3)
FNDA:2,groupBy
FNDA:14,(anonymous_5)
FNDA:9,round
FNDA:0,getChartLabel
FNDA:0,(anonymous_8)
FNDA:0,(anonymous_9)
FNDA:0,(anonymous_10)
FNDA:0,(anonymous_11)
FNDA:0,(anonymous_12)
FNDA:0,(anonymous_13)
FNDA:1,secBetweenTwoTime
FNDA:12,makeMD5
FNDA:8,coreMd5
FNDA:512,md5Cmn
FNDA:128,md5Ff
FNDA:128,md5Gg
FNDA:128,md5Hh
FNDA:128,md5Ii
FNDA:0,coreHmacMd5
FNDA:2080,safeAdd
FNDA:512,bitRol
FNDA:8,str2binl
FNDA:0,binl2str
FNDA:8,binl2hex
FNDA:0,binl2b64
FNDA:8,(anonymous_29)
FNDA:0,(anonymous_30)
FNDA:0,(anonymous_31)
FNDA:0,(anonymous_32)
FNDA:0,(anonymous_33)
FNDA:0,(anonymous_34)
FNDA:0,(anonymous_35)
FNDA:8,getAvatar
DA:10,8
DA:11,6
DA:13,9
DA:15,5
DA:16,5
DA:17,10
DA:18,9
DA:19,1
DA:20,8
DA:21,1
DA:23,7
DA:26,8
DA:29,2
DA:34,2
DA:35,14
DA:36,14
DA:41,9
DA:42,9
DA:46,0
DA:47,0
DA:49,0
DA:51,0
DA:54,0
DA:57,0
DA:60,0
DA:63,0
DA:66,0
DA:70,0
DA:81,1
DA:82,1
DA:85,4
DA:100,8
DA:101,8
DA:103,8
DA:104,8
DA:105,8
DA:106,8
DA:108,8
DA:109,8
DA:110,8
DA:111,8
DA:112,8
DA:114,8
DA:115,8
DA:116,8
DA:117,8
DA:118,8
DA:119,8
DA:120,8
DA:121,8
DA:122,8
DA:123,8
DA:124,8
DA:125,8
DA:126,8
DA:127,8
DA:128,8
DA:129,8
DA:131,8
DA:132,8
DA:133,8
DA:134,8
DA:135,8
DA:136,8
DA:137,8
DA:138,8
DA:139,8
DA:140,8
DA:141,8
DA:142,8
DA:143,8
DA:144,8
DA:145,8
DA:146,8
DA:148,8
DA:149,8
DA:150,8
DA:151,8
DA:152,8
DA:153,8
DA:154,8
DA:155,8
DA:156,8
DA:157,8
DA:158,8
DA:159,8
DA:160,8
DA:161,8
DA:162,8
DA:163,8
DA:165,8
DA:166,8
DA:167,8
DA:168,8
DA:169,8
DA:170,8
DA:171,8
DA:172,8
DA:173,8
DA:174,8
DA:175,8
DA:176,8
DA:177,8
DA:178,8
DA:179,8
DA:180,8
DA:182,8
DA:183,8
DA:184,8
DA:185,8
DA:187,8
DA:194,512
DA:197,128
DA:200,128
DA:203,128
DA:206,128
DA:213,0
DA:214,0
DA:216,0
DA:217,0
DA:218,0
DA:219,0
DA:222,0
DA:223,0
DA:231,2080
DA:232,2080
DA:233,2080
DA:240,512
DA:248,8
DA:249,8
DA:250,8
DA:251,264
DA:253,8
DA:260,0
DA:261,0
DA:262,0
DA:263,0
DA:265,0
DA:272,8
DA:273,8
DA:274,8
DA:275,128
DA:278,8
DA:285,0
DA:286,0
DA:287,0
DA:288,0
DA:291,0
DA:292,0
DA:293,0
DA:296,0
DA:299,12
DA:313,8
DA:317,0
DA:321,0
DA:326,0
DA:330,0
DA:334,0
DA:339,0
DA:345,8
DA:346,8
DA:347,8
LF:162
LH:125
BRDA:10,0,0,2
BRDA:10,0,1,6
BRDA:11,1,0,1
BRDA:11,1,1,5
BRDA:11,2,0,6
BRDA:11,2,1,5
BRDA:13,3,0,9
BRDA:13,3,1,2
BRDA:18,4,0,1
BRDA:18,4,1,8
BRDA:18,5,0,9
BRDA:18,5,1,1
BRDA:20,6,0,1
BRDA:20,6,1,7
BRDA:20,7,0,8
BRDA:20,7,1,1
BRDA:35,8,0,14
BRDA:35,8,1,11
BRDA:41,9,0,9
BRDA:41,9,1,0
BRDA:46,10,0,0
BRDA:46,10,1,0
BRDA:46,11,0,0
BRDA:46,11,1,0
BRDA:214,12,0,0
BRDA:214,12,1,0
BRDA:272,13,0,0
BRDA:272,13,1,8
BRDA:292,14,0,0
BRDA:292,14,1,0
BRF:30
BRH:20
end_of_record
TN:
SF:src\utils\constants.js
FN:14,(anonymous_0)
FN:15,(anonymous_1)
FNF:2
FNH:0
FNDA:0,(anonymous_0)
FNDA:0,(anonymous_1)
DA:1,0
DA:14,0
DA:15,0
LF:3
LH:0
BRDA:15,0,0,0
BRF:1
BRH:0
end_of_record
TN:
SF:src\utils\validators.js
FN:10,splitAccounts
FN:13,(anonymous_1)
FN:15,(anonymous_2)
FN:27,splitPendingAccounts
FN:28,(anonymous_4)
FN:30,(anonymous_5)
FN:44,validatorProcessing
FN:48,(anonymous_7)
FN:53,(anonymous_8)
FN:62,(anonymous_9)
FN:71,compare
FN:72,(anonymous_11)
FN:82,mapValidators
FN:85,(anonymous_13)
FN:96,(anonymous_14)
FN:133,getDelegatorsForNode
FN:142,(anonymous_16)
FN:145,(anonymous_17)
FN:155,mapDelegators
FN:157,(anonymous_19)
FN:208,cumulativeStake
FN:209,(anonymous_21)
FN:215,getPercent
FN:226,getAvaFromnAva
FNF:24
FNH:22
FNDA:2,splitAccounts
FNDA:11,(anonymous_1)
FNDA:5,(anonymous_2)
FNDA:3,splitPendingAccounts
FNDA:12,(anonymous_4)
FNDA:54,(anonymous_5)
FNDA:4,validatorProcessing
FNDA:6,(anonymous_7)
FNDA:6,(anonymous_8)
FNDA:6,(anonymous_9)
FNDA:13,compare
FNDA:26,(anonymous_11)
FNDA:5,mapValidators
FNDA:8,(anonymous_13)
FNDA:0,(anonymous_14)
FNDA:12,getDelegatorsForNode
FNDA:3,(anonymous_16)
FNDA:1,(anonymous_17)
FNDA:3,mapDelegators
FNDA:0,(anonymous_19)
FNDA:6,cumulativeStake
FNDA:9,(anonymous_21)
FNDA:6,getPercent
FNDA:28,getAvaFromnAva
DA:1,2
DA:11,2
DA:12,2
DA:13,2
DA:14,11
DA:15,5
DA:16,11
DA:17,11
DA:18,11
DA:28,3
DA:29,12
DA:30,54
DA:31,6
DA:33,6
DA:35,12
DA:45,4
DA:48,4
DA:49,6
DA:53,4
DA:54,6
DA:55,6
DA:59,4
DA:62,4
DA:63,6
DA:64,6
DA:65,6
DA:66,6
DA:68,4
DA:72,26
DA:73,13
DA:74,13
DA:79,13
DA:83,5
DA:85,4
DA:87,8
DA:88,8
DA:89,8
DA:90,8
DA:91,8
DA:92,8
DA:93,0
DA:95,0
DA:96,0
DA:97,0
DA:99,8
DA:100,8
DA:102,8
DA:103,8
DA:104,8
DA:107,8
DA:109,8
DA:110,8
DA:112,8
DA:134,12
DA:135,8
DA:141,4
DA:142,3
DA:144,4
DA:146,1
DA:149,4
DA:156,3
DA:157,1
DA:158,0
DA:159,0
DA:161,0
DA:175,2
DA:209,6
DA:210,9
DA:211,9
DA:216,6
DA:217,6
DA:218,6
DA:219,6
DA:221,6
DA:223,6
DA:227,28
LF:76
LH:69
BRDA:29,0,0,6
BRDA:29,0,1,6
BRDA:83,1,0,1
BRDA:83,1,1,4
BRDA:92,2,0,0
BRDA:92,2,1,8
BRDA:134,3,0,8
BRDA:134,3,1,4
BRDA:156,4,0,2
BRDA:156,4,1,1
BRF:10
BRH:9
end_of_record
